2022-10-28 09:19:53,363 - INFO  - Log file for this run: /home/ilena7440/LSQFakeQuant/out/88_20221028-091953/88_20221028-091953.log
2022-10-28 09:19:55,093 - INFO  - Dataset `cifar10` size:
          Training Set = 50000 (196)
        Validation Set = 10000 (40)
              Test Set = 10000 (40)
2022-10-28 09:19:55,126 - INFO  - Created `resnet20` model
          Use pre-trained model = True
2022-10-28 09:19:55,291 - INFO  - Optimizer: SGD (
           Parameter Group 0
               dampening: 0
               foreach: None
               lr: 0.001
               maximize: False
               momentum: 0.9
               nesterov: False
               weight_decay: 0.0001
           )
2022-10-28 09:19:55,291 - INFO  - LR scheduler: `MultiStepLr`
    Update per batch: True
             Group 0: 0.001

2022-10-28 09:19:56,566 - INFO  - >>>>>> Epoch -1 (pre-trained model evaluation)
2022-10-28 09:19:56,566 - INFO  - Validation: 10000 samples (256 per mini-batch)
2022-10-28 09:19:59,483 - INFO  - Validation [   20/   40]   Loss 2.337042   Top1 9.882812   Top5 49.296875   BatchTime 0.145821   
2022-10-28 09:20:01,114 - INFO  - Validation [   40/   40]   Loss 2.335632   Top1 10.000000   Top5 49.510000   BatchTime 0.113700   
2022-10-28 09:20:01,185 - INFO  - ==> Top1: 10.000    Top5: 49.510    Loss: 2.336

2022-10-28 09:20:01,185 - INFO  - Scoreboard best 1 ==> Epoch [-1][Top1: 10.000   Top5: 49.510]
2022-10-28 09:20:01,185 - INFO  - >>>>>> Epoch   0
2022-10-28 09:20:01,185 - INFO  - Training: 50000 samples (256 per mini-batch)
