2022-11-01 00:39:51,749 - INFO  - Log file for this run: /home/ilena7440/LSQ_FakeQuant/out/88_20221101-003951/88_20221101-003951.log
2022-11-01 00:39:52,963 - INFO  - Dataset `cifar10` size:
          Training Set = 50000 (196)
        Validation Set = 10000 (40)
              Test Set = 10000 (40)
2022-11-01 00:39:53,054 - INFO  - Created `mobilenetv2` model
          Use pre-trained model = True
2022-11-01 00:39:53,734 - INFO  - Optimizer: SGD (
           Parameter Group 0
               dampening: 0
               foreach: None
               lr: 0.001
               maximize: False
               momentum: 0.9
               nesterov: False
               weight_decay: 0.0001
           )
2022-11-01 00:39:53,734 - INFO  - LR scheduler: `MultiStepLr`
    Update per batch: True
             Group 0: 0.001

2022-11-01 00:39:54,834 - INFO  - >>>>>> Epoch -1 (pre-trained model evaluation)
2022-11-01 00:39:54,834 - INFO  - Validation: 10000 samples (256 per mini-batch)
2022-11-01 00:39:58,455 - INFO  - Validation [   20/   40]   Loss nan   Top1 10.078125   Top5 50.019531   BatchTime 0.180968   
2022-11-01 00:39:59,836 - INFO  - Validation [   40/   40]   Loss nan   Top1 10.000000   Top5 50.000000   BatchTime 0.124992   
2022-11-01 00:39:59,932 - INFO  - ==> Top1: 10.000    Top5: 50.000    Loss: nan

2022-11-01 00:39:59,932 - INFO  - ==> Sparsity : 0.059

2022-11-01 00:39:59,933 - INFO  - Scoreboard best 1 ==> Epoch [-1][Top1: 10.000   Top5: 50.000]
2022-11-01 00:39:59,933 - INFO  - >>>>>> Epoch   0
2022-11-01 00:39:59,934 - INFO  - Training: 50000 samples (256 per mini-batch)
2022-11-01 00:40:03,724 - INFO  - Training [0][   20/  196]   Loss 20.457028   Top1 0.078125   Top5 0.761719   BatchTime 0.189387   LR 0.001000   
2022-11-01 00:40:06,713 - INFO  - Training [0][   40/  196]   Loss 18.883877   Top1 0.664062   Top5 3.271484   BatchTime 0.169403   LR 0.001000   
2022-11-01 00:40:09,648 - INFO  - Training [0][   60/  196]   Loss 18.036530   Top1 1.471354   Top5 6.783854   BatchTime 0.161858   LR 0.001000   
2022-11-01 00:40:12,576 - INFO  - Training [0][   80/  196]   Loss 17.435292   Top1 2.714844   Top5 11.601562   BatchTime 0.157991   LR 0.001000   
2022-11-01 00:40:15,506 - INFO  - Training [0][  100/  196]   Loss 16.955831   Top1 4.050781   Top5 16.863281   BatchTime 0.155698   LR 0.001000   
2022-11-01 00:40:18,443 - INFO  - Training [0][  120/  196]   Loss 16.555112   Top1 5.296224   Top5 21.816406   BatchTime 0.154219   LR 0.001000   
2022-11-01 00:40:21,375 - INFO  - Training [0][  140/  196]   Loss 16.205866   Top1 6.411830   Top5 26.303013   BatchTime 0.153129   LR 0.001000   
2022-11-01 00:40:24,287 - INFO  - Training [0][  160/  196]   Loss 15.897065   Top1 7.561035   Top5 30.559082   BatchTime 0.152189   LR 0.001000   
2022-11-01 00:40:27,154 - INFO  - Training [0][  180/  196]   Loss 15.634071   Top1 8.485243   Top5 34.082031   BatchTime 0.151208   LR 0.001000   
2022-11-01 00:40:29,531 - INFO  - ==> Top1: 9.160    Top5: 36.482    Loss: 15.451

