2022-11-01 11:22:51,203 - INFO  - Log file for this run: /home/ilena7440/LSQ_FakeQuant/out/88_20221101-112251/88_20221101-112251.log
2022-11-01 11:22:52,438 - INFO  - Dataset `cifar10` size:
          Training Set = 50000 (196)
        Validation Set = 10000 (40)
              Test Set = 10000 (40)
2022-11-01 11:22:52,532 - INFO  - Created `mobilenetv2` model
          Use pre-trained model = True
2022-11-01 11:22:53,203 - INFO  - Optimizer: SGD (
           Parameter Group 0
               dampening: 0
               foreach: None
               lr: 0.001
               maximize: False
               momentum: 0.9
               nesterov: False
               weight_decay: 0.0001
           )
2022-11-01 11:22:53,203 - INFO  - LR scheduler: `MultiStepLr`
    Update per batch: True
             Group 0: 0.001

2022-11-01 11:22:54,317 - INFO  - >>>>>> Epoch -1 (pre-trained model evaluation)
2022-11-01 11:22:54,317 - INFO  - Validation: 10000 samples (256 per mini-batch)
2022-11-01 11:22:57,985 - INFO  - Validation [   20/   40]   Loss nan   Top1 10.078125   Top5 50.019531   BatchTime 0.181257   
2022-11-01 11:22:59,326 - INFO  - Validation [   40/   40]   Loss nan   Top1 10.000000   Top5 50.000000   BatchTime 0.124151   
2022-11-01 11:22:59,417 - INFO  - ==> Top1: 10.000    Top5: 50.000    Loss: nan

2022-11-01 11:22:59,417 - INFO  - ==> Sparsity : 0.059

2022-11-01 11:22:59,417 - INFO  - Scoreboard best 1 ==> Epoch [-1][Top1: 10.000   Top5: 50.000]
2022-11-01 11:22:59,417 - INFO  - >>>>>> Epoch   0
2022-11-01 11:22:59,418 - INFO  - Training: 50000 samples (256 per mini-batch)
2022-11-01 11:23:03,143 - INFO  - Training [0][   20/  196]   Loss 10.636172   Top1 0.156250   Top5 0.820312   BatchTime 0.186102   LR 0.001000   
2022-11-01 11:23:05,985 - INFO  - Training [0][   40/  196]   Loss 9.032651   Top1 0.419922   Top5 2.822266   BatchTime 0.164107   LR 0.001000   
2022-11-01 11:23:08,772 - INFO  - Training [0][   60/  196]   Loss 8.179189   Top1 1.276042   Top5 6.171875   BatchTime 0.155844   LR 0.001000   
2022-11-01 11:23:11,569 - INFO  - Training [0][   80/  196]   Loss 7.577800   Top1 2.299805   Top5 10.527344   BatchTime 0.151844   LR 0.001000   
2022-11-01 11:23:14,354 - INFO  - Training [0][  100/  196]   Loss 7.110122   Top1 3.535156   Top5 15.226562   BatchTime 0.149328   LR 0.001000   
2022-11-01 11:23:17,148 - INFO  - Training [0][  120/  196]   Loss 6.711263   Top1 4.654948   Top5 19.873047   BatchTime 0.147726   LR 0.001000   
2022-11-01 11:23:19,961 - INFO  - Training [0][  140/  196]   Loss 6.358632   Top1 5.878906   Top5 24.319196   BatchTime 0.146712   LR 0.001000   
2022-11-01 11:23:22,720 - INFO  - Training [0][  160/  196]   Loss 6.040681   Top1 7.072754   Top5 28.435059   BatchTime 0.145617   LR 0.001000   
2022-11-01 11:23:25,433 - INFO  - Training [0][  180/  196]   Loss 5.762772   Top1 8.268229   Top5 32.274306   BatchTime 0.144506   LR 0.001000   
2022-11-01 11:23:27,710 - INFO  - ==> Top1: 9.050    Top5: 34.920    Loss: 5.569

