2022-10-28 11:00:21,366 - INFO  - Log file for this run: /home/ilena7440/LSQFakeQuant/out/88_20221028-110021/88_20221028-110021.log
2022-10-28 11:00:22,574 - INFO  - Dataset `cifar10` size:
          Training Set = 50000 (196)
        Validation Set = 10000 (40)
              Test Set = 10000 (40)
2022-10-28 11:00:22,684 - INFO  - Created `mobilenetv2` model
          Use pre-trained model = True
2022-10-28 11:00:22,694 - INFO  - Optimizer: SGD (
           Parameter Group 0
               dampening: 0
               foreach: None
               lr: 0.001
               maximize: False
               momentum: 0.9
               nesterov: False
               weight_decay: 0.0001
           )
2022-10-28 11:00:22,694 - INFO  - LR scheduler: `MultiStepLr`
    Update per batch: True
             Group 0: 0.001

2022-10-28 11:00:23,949 - INFO  - >>>>>> Epoch -1 (pre-trained model evaluation)
2022-10-28 11:00:23,949 - INFO  - Validation: 10000 samples (256 per mini-batch)
2022-10-28 11:00:25,823 - INFO  - Validation [   20/   40]   Loss 7.519935   Top1 0.000000   Top5 0.019531   BatchTime 0.093616   
2022-10-28 11:00:26,590 - INFO  - Validation [   40/   40]   Loss 7.516949   Top1 0.000000   Top5 0.010000   BatchTime 0.065990   
2022-10-28 11:00:26,652 - INFO  - ==> Top1: 0.000    Top5: 0.010    Loss: 7.517

2022-10-28 11:00:26,653 - INFO  - Scoreboard best 1 ==> Epoch [-1][Top1: 0.000   Top5: 0.010]
2022-10-28 11:00:26,653 - INFO  - >>>>>> Epoch   0
2022-10-28 11:00:26,653 - INFO  - Training: 50000 samples (256 per mini-batch)
2022-10-28 11:00:28,133 - INFO  - Training [0][   20/  196]   Loss 10.757077   Top1 0.585938   Top5 2.031250   BatchTime 0.073941   LR 0.001000   
2022-10-28 11:00:28,914 - INFO  - Training [0][   40/  196]   Loss 8.481063   Top1 3.574219   Top5 9.833984   BatchTime 0.056501   LR 0.001000   
2022-10-28 11:00:29,657 - INFO  - Training [0][   60/  196]   Loss 7.191023   Top1 8.515625   Top5 21.028646   BatchTime 0.050061   LR 0.001000   
