2022-10-28 07:36:13,002 - INFO  - Log file for this run: /home/ilena7440/LSQFakeQuant/out/88_20221028-073612/88_20221028-073612.log
2022-10-28 07:36:14,747 - INFO  - Dataset `cifar10` size:
          Training Set = 50000 (196)
        Validation Set = 10000 (40)
              Test Set = 10000 (40)
2022-10-28 07:36:14,781 - INFO  - Created `resnet20` model
          Use pre-trained model = True
2022-10-28 07:36:14,946 - INFO  - Optimizer: SGD (
           Parameter Group 0
               dampening: 0
               foreach: None
               lr: 0.001
               maximize: False
               momentum: 0.9
               nesterov: False
               weight_decay: 0.0001
           )
2022-10-28 07:36:14,946 - INFO  - LR scheduler: `MultiStepLr`
    Update per batch: True
             Group 0: 0.001

2022-10-28 07:36:16,193 - INFO  - >>>>>> Epoch -1 (pre-trained model evaluation)
2022-10-28 07:36:16,193 - INFO  - Validation: 10000 samples (256 per mini-batch)
2022-10-28 07:36:19,157 - INFO  - Validation [   20/   40]   Loss 3047.717822   Top1 12.753906   Top5 57.070312   BatchTime 0.148180   
2022-10-28 07:36:20,847 - INFO  - Validation [   40/   40]   Loss 3031.409704   Top1 12.670000   Top5 56.460000   BatchTime 0.116344   
2022-10-28 07:36:20,916 - INFO  - ==> Top1: 12.670    Top5: 56.460    Loss: 3031.410

2022-10-28 07:36:20,916 - INFO  - Scoreboard best 1 ==> Epoch [-1][Top1: 12.670   Top5: 56.460]
2022-10-28 07:36:20,916 - INFO  - >>>>>> Epoch   0
2022-10-28 07:36:20,916 - INFO  - Training: 50000 samples (256 per mini-batch)
2022-10-28 07:36:23,178 - INFO  - Training [0][   20/  196]   Loss 1.092297   Top1 71.289062   Top5 97.382812   BatchTime 0.113080   LR 0.001000   
2022-10-28 07:36:24,876 - INFO  - Training [0][   40/  196]   Loss 0.867844   Top1 76.123047   Top5 98.017578   BatchTime 0.098973   LR 0.001000   
2022-10-28 07:36:26,572 - INFO  - Training [0][   60/  196]   Loss 0.734014   Top1 79.127604   Top5 98.476562   BatchTime 0.094246   LR 0.001000   
2022-10-28 07:36:28,267 - INFO  - Training [0][   80/  196]   Loss 0.658897   Top1 80.751953   Top5 98.720703   BatchTime 0.091876   LR 0.001000   
2022-10-28 07:36:29,964 - INFO  - Training [0][  100/  196]   Loss 0.608859   Top1 81.792969   Top5 98.871094   BatchTime 0.090469   LR 0.001000   
2022-10-28 07:36:31,660 - INFO  - Training [0][  120/  196]   Loss 0.567110   Top1 82.861328   Top5 98.987630   BatchTime 0.089525   LR 0.001000   
2022-10-28 07:36:33,357 - INFO  - Training [0][  140/  196]   Loss 0.539141   Top1 83.551897   Top5 99.062500   BatchTime 0.088855   LR 0.001000   
2022-10-28 07:36:35,053 - INFO  - Training [0][  160/  196]   Loss 0.519172   Top1 84.013672   Top5 99.133301   BatchTime 0.088349   LR 0.001000   
2022-10-28 07:36:36,731 - INFO  - Training [0][  180/  196]   Loss 0.499941   Top1 84.466146   Top5 99.194878   BatchTime 0.087854   LR 0.001000   
2022-10-28 07:36:38,108 - INFO  - ==> Top1: 84.770    Top5: 99.230    Loss: 0.487

