2022-10-28 07:04:09,280 - INFO  - Log file for this run: /home/ilena7440/LSQFakeQuant/out/88_20221028-070409/88_20221028-070409.log
2022-10-28 07:04:11,008 - INFO  - Dataset `cifar10` size:
          Training Set = 50000 (196)
        Validation Set = 10000 (40)
              Test Set = 10000 (40)
2022-10-28 07:04:11,041 - INFO  - Created `resnet20` model
          Use pre-trained model = True
2022-10-28 07:04:11,209 - INFO  - Optimizer: SGD (
           Parameter Group 0
               dampening: 0
               foreach: None
               lr: 0.001
               maximize: False
               momentum: 0.9
               nesterov: False
               weight_decay: 0.0001
           )
2022-10-28 07:04:11,209 - INFO  - LR scheduler: `MultiStepLr`
    Update per batch: True
             Group 0: 0.001

2022-10-28 07:04:12,468 - INFO  - >>>>>> Epoch -1 (pre-trained model evaluation)
2022-10-28 07:04:12,468 - INFO  - Validation: 10000 samples (256 per mini-batch)
2022-10-28 07:04:15,402 - INFO  - Validation [   20/   40]   Loss 2.355729   Top1 10.156250   Top5 49.882812   BatchTime 0.146647   
2022-10-28 07:04:16,986 - INFO  - Validation [   40/   40]   Loss 2.355822   Top1 10.180000   Top5 50.000000   BatchTime 0.112921   
2022-10-28 07:04:17,046 - INFO  - ==> Top1: 10.180    Top5: 50.000    Loss: 2.356

2022-10-28 07:04:17,046 - INFO  - Scoreboard best 1 ==> Epoch [-1][Top1: 10.180   Top5: 50.000]
2022-10-28 07:04:17,047 - INFO  - >>>>>> Epoch   0
2022-10-28 07:04:17,047 - INFO  - Training: 50000 samples (256 per mini-batch)
2022-10-28 07:04:19,802 - INFO  - Training [0][   20/  196]   Loss nan   Top1 12.128906   Top5 52.246094   BatchTime 0.137711   LR 0.001000   
2022-10-28 07:04:21,990 - INFO  - Training [0][   40/  196]   Loss nan   Top1 11.386719   Top5 51.015625   BatchTime 0.123563   LR 0.001000   
2022-10-28 07:04:24,180 - INFO  - Training [0][   60/  196]   Loss nan   Top1 10.989583   Top5 50.742188   BatchTime 0.118880   LR 0.001000   
