2022-11-01 11:23:52,599 - INFO  - Log file for this run: /home/ilena7440/LSQ_FakeQuant/out/88_20221101-112352/88_20221101-112352.log
2022-11-01 11:23:53,836 - INFO  - Dataset `cifar10` size:
          Training Set = 50000 (196)
        Validation Set = 10000 (40)
              Test Set = 10000 (40)
2022-11-01 11:23:53,930 - INFO  - Created `mobilenetv2` model
          Use pre-trained model = True
2022-11-01 11:23:54,597 - INFO  - Optimizer: SGD (
           Parameter Group 0
               dampening: 0
               foreach: None
               lr: 0.001
               maximize: False
               momentum: 0.9
               nesterov: False
               weight_decay: 0.0001
           )
2022-11-01 11:23:54,597 - INFO  - LR scheduler: `MultiStepLr`
    Update per batch: True
             Group 0: 0.001

2022-11-01 11:23:55,755 - INFO  - >>>>>> Epoch -1 (pre-trained model evaluation)
2022-11-01 11:23:55,755 - INFO  - Validation: 10000 samples (256 per mini-batch)
2022-11-01 11:23:59,225 - INFO  - Validation [   20/   40]   Loss nan   Top1 10.078125   Top5 50.019531   BatchTime 0.173403   
2022-11-01 11:24:00,410 - INFO  - Validation [   40/   40]   Loss nan   Top1 10.000000   Top5 50.000000   BatchTime 0.116330   
2022-11-01 11:24:00,489 - INFO  - ==> Top1: 10.000    Top5: 50.000    Loss: nan

2022-11-01 11:24:00,489 - INFO  - ==> Sparsity : 0.059

2022-11-01 11:24:00,489 - INFO  - Scoreboard best 1 ==> Epoch [-1][Top1: 10.000   Top5: 50.000]
2022-11-01 11:24:00,489 - INFO  - >>>>>> Epoch   0
2022-11-01 11:24:00,491 - INFO  - Training: 50000 samples (256 per mini-batch)
2022-11-01 11:24:03,870 - INFO  - Training [0][   20/  196]   Loss 10.448186   Top1 0.136719   Top5 0.820312   BatchTime 0.168831   LR 0.001000   
2022-11-01 11:24:06,293 - INFO  - Training [0][   40/  196]   Loss 8.904742   Top1 0.693359   Top5 3.291016   BatchTime 0.144982   LR 0.001000   
2022-11-01 11:24:08,814 - INFO  - Training [0][   60/  196]   Loss 8.023615   Top1 1.894531   Top5 7.500000   BatchTime 0.138670   LR 0.001000   
2022-11-01 11:24:11,259 - INFO  - Training [0][   80/  196]   Loss 7.402396   Top1 3.281250   Top5 13.051758   BatchTime 0.134572   LR 0.001000   
2022-11-01 11:24:13,748 - INFO  - Training [0][  100/  196]   Loss 6.908040   Top1 4.570312   Top5 18.390625   BatchTime 0.132546   LR 0.001000   
2022-11-01 11:24:16,172 - INFO  - Training [0][  120/  196]   Loss 6.491922   Top1 5.947266   Top5 23.554688   BatchTime 0.130652   LR 0.001000   
2022-11-01 11:24:18,573 - INFO  - Training [0][  140/  196]   Loss 6.130606   Top1 7.304688   Top5 28.348214   BatchTime 0.129135   LR 0.001000   
2022-11-01 11:24:21,001 - INFO  - Training [0][  160/  196]   Loss 5.833466   Top1 8.435059   Top5 32.338867   BatchTime 0.128169   LR 0.001000   
2022-11-01 11:24:23,327 - INFO  - Training [0][  180/  196]   Loss 5.565823   Top1 9.507378   Top5 35.944010   BatchTime 0.126853   LR 0.001000   
2022-11-01 11:24:25,285 - INFO  - ==> Top1: 10.266    Top5: 38.424    Loss: 5.380

2022-11-01 11:24:25,508 - INFO  - Validation: 10000 samples (256 per mini-batch)
2022-11-01 11:24:29,110 - INFO  - Validation [0][   20/   40]   Loss 3.146187   Top1 18.554688   Top5 67.226562   BatchTime 0.180055   
2022-11-01 11:24:31,633 - INFO  - Validation [0][   40/   40]   Loss 3.156111   Top1 18.290000   Top5 66.870000   BatchTime 0.153087   
2022-11-01 11:24:31,774 - INFO  - ==> Top1: 18.290    Top5: 66.870    Loss: 3.156

2022-11-01 11:24:31,774 - INFO  - ==> Sparsity : 0.106

2022-11-01 11:24:31,807 - INFO  - Validation: 10000 samples (256 per mini-batch)
2022-11-01 11:24:33,090 - INFO  - Validation [0][   20/   40]   Loss 3.507616   Top1 15.957031   Top5 62.109375   BatchTime 0.064082   
2022-11-01 11:24:33,444 - INFO  - Validation [0][   40/   40]   Loss 3.488540   Top1 15.840000   Top5 62.320000   BatchTime 0.040882   
