2022-11-01 11:13:02,460 - INFO  - Log file for this run: /home/ilena7440/LSQ_FakeQuant/out/88_20221101-111302/88_20221101-111302.log
2022-11-01 11:13:03,673 - INFO  - Dataset `cifar10` size:
          Training Set = 50000 (196)
        Validation Set = 10000 (40)
              Test Set = 10000 (40)
2022-11-01 11:13:03,758 - INFO  - Created `mobilenetv2` model
          Use pre-trained model = True
2022-11-01 11:13:04,405 - INFO  - Optimizer: SGD (
           Parameter Group 0
               dampening: 0
               foreach: None
               lr: 0.001
               maximize: False
               momentum: 0.9
               nesterov: False
               weight_decay: 0.0001
           )
2022-11-01 11:13:04,405 - INFO  - LR scheduler: `MultiStepLr`
    Update per batch: True
             Group 0: 0.001

2022-11-01 11:13:05,477 - INFO  - >>>>>> Epoch -1 (pre-trained model evaluation)
2022-11-01 11:13:05,478 - INFO  - Validation: 10000 samples (256 per mini-batch)
2022-11-01 11:13:09,002 - INFO  - Validation [   20/   40]   Loss nan   Top1 10.078125   Top5 50.019531   BatchTime 0.176125   
2022-11-01 11:13:10,352 - INFO  - Validation [   40/   40]   Loss nan   Top1 10.000000   Top5 50.000000   BatchTime 0.121814   
2022-11-01 11:13:10,448 - INFO  - ==> Top1: 10.000    Top5: 50.000    Loss: nan

2022-11-01 11:13:10,448 - INFO  - ==> Sparsity : 0.059

2022-11-01 11:13:10,448 - INFO  - Scoreboard best 1 ==> Epoch [-1][Top1: 10.000   Top5: 50.000]
2022-11-01 11:13:10,448 - INFO  - >>>>>> Epoch   0
2022-11-01 11:13:10,449 - INFO  - Training: 50000 samples (256 per mini-batch)
2022-11-01 11:13:14,184 - INFO  - Training [0][   20/  196]   Loss 10.424829   Top1 0.195312   Top5 1.074219   BatchTime 0.186585   LR 0.001000   
2022-11-01 11:13:17,139 - INFO  - Training [0][   40/  196]   Loss 8.917476   Top1 0.771484   Top5 3.378906   BatchTime 0.167172   LR 0.001000   
2022-11-01 11:13:20,048 - INFO  - Training [0][   60/  196]   Loss 8.052288   Top1 1.634115   Top5 7.330729   BatchTime 0.159923   LR 0.001000   
2022-11-01 11:13:22,896 - INFO  - Training [0][   80/  196]   Loss 7.481100   Top1 2.578125   Top5 11.669922   BatchTime 0.155552   LR 0.001000   
2022-11-01 11:13:25,780 - INFO  - Training [0][  100/  196]   Loss 7.039720   Top1 3.664062   Top5 16.109375   BatchTime 0.153280   LR 0.001000   
2022-11-01 11:13:28,636 - INFO  - Training [0][  120/  196]   Loss 6.662062   Top1 4.661458   Top5 20.605469   BatchTime 0.151533   LR 0.001000   
2022-11-01 11:13:31,500 - INFO  - Training [0][  140/  196]   Loss 6.320413   Top1 5.770089   Top5 25.122768   BatchTime 0.150338   LR 0.001000   
2022-11-01 11:13:34,368 - INFO  - Training [0][  160/  196]   Loss 6.020447   Top1 6.821289   Top5 29.189453   BatchTime 0.149475   LR 0.001000   
2022-11-01 11:13:37,175 - INFO  - Training [0][  180/  196]   Loss 5.757448   Top1 7.808160   Top5 32.658420   BatchTime 0.148460   LR 0.001000   
2022-11-01 11:13:39,490 - INFO  - ==> Top1: 8.596    Top5: 35.150    Loss: 5.572

2022-11-01 11:13:39,876 - INFO  - Validation: 10000 samples (256 per mini-batch)
2022-11-01 11:13:43,756 - INFO  - Validation [0][   20/   40]   Loss 3.286084   Top1 17.597656   Top5 66.269531   BatchTime 0.193927   
2022-11-01 11:13:46,535 - INFO  - Validation [0][   40/   40]   Loss 3.270714   Top1 18.030000   Top5 66.420000   BatchTime 0.166424   
2022-11-01 11:13:46,681 - INFO  - ==> Top1: 18.030    Top5: 66.420    Loss: 3.271

2022-11-01 11:13:46,682 - INFO  - ==> Sparsity : 0.107

2022-11-01 11:13:46,716 - INFO  - Validation: 10000 samples (256 per mini-batch)
2022-11-01 11:13:48,003 - INFO  - Validation [0][   20/   40]   Loss 3.310312   Top1 18.417969   Top5 66.406250   BatchTime 0.064291   
2022-11-01 11:13:48,416 - INFO  - Validation [0][   40/   40]   Loss 3.292502   Top1 18.700000   Top5 67.210000   BatchTime 0.042471   
