2022-11-01 00:55:29,210 - INFO  - Log file for this run: /home/ilena7440/LSQ_FakeQuant/out/88_20221101-005529/88_20221101-005529.log
2022-11-01 00:55:30,430 - INFO  - Dataset `cifar10` size:
          Training Set = 50000 (196)
        Validation Set = 10000 (40)
              Test Set = 10000 (40)
2022-11-01 00:55:30,526 - INFO  - Created `mobilenetv2` model
          Use pre-trained model = True
2022-11-01 00:55:31,342 - INFO  - Optimizer: SGD (
           Parameter Group 0
               dampening: 0
               foreach: None
               lr: 0.001
               maximize: False
               momentum: 0.9
               nesterov: False
               weight_decay: 0.0001
           )
2022-11-01 00:55:31,343 - INFO  - LR scheduler: `MultiStepLr`
    Update per batch: True
             Group 0: 0.001

2022-11-01 00:55:32,431 - INFO  - >>>>>> Epoch -1 (pre-trained model evaluation)
2022-11-01 00:55:32,432 - INFO  - Validation: 10000 samples (256 per mini-batch)
2022-11-01 00:55:36,057 - INFO  - Validation [   20/   40]   Loss nan   Top1 10.078125   Top5 50.019531   BatchTime 0.181160   
2022-11-01 00:55:37,445 - INFO  - Validation [   40/   40]   Loss nan   Top1 10.000000   Top5 50.000000   BatchTime 0.125283   
2022-11-01 00:55:37,537 - INFO  - ==> Top1: 10.000    Top5: 50.000    Loss: nan

2022-11-01 00:55:37,537 - INFO  - ==> Sparsity : 0.059

2022-11-01 00:55:37,537 - INFO  - Scoreboard best 1 ==> Epoch [-1][Top1: 10.000   Top5: 50.000]
2022-11-01 00:55:37,537 - INFO  - >>>>>> Epoch   0
2022-11-01 00:55:37,538 - INFO  - Training: 50000 samples (256 per mini-batch)
2022-11-01 00:55:41,473 - INFO  - Training [0][   20/  196]   Loss 20.512429   Top1 0.234375   Top5 0.878906   BatchTime 0.196614   LR 0.001000   
2022-11-01 00:55:44,365 - INFO  - Training [0][   40/  196]   Loss 18.944586   Top1 0.498047   Top5 3.076172   BatchTime 0.170611   LR 0.001000   
