2022-10-28 07:56:41,481 - INFO  - Log file for this run: /home/ilena7440/LSQFakeQuant/out/88_20221028-075641/88_20221028-075641.log
2022-10-28 07:56:43,265 - INFO  - Dataset `cifar10` size:
          Training Set = 50000 (196)
        Validation Set = 10000 (40)
              Test Set = 10000 (40)
2022-10-28 07:56:43,298 - INFO  - Created `resnet20` model
          Use pre-trained model = True
2022-10-28 07:56:43,464 - INFO  - Optimizer: SGD (
           Parameter Group 0
               dampening: 0
               foreach: None
               lr: 0.001
               maximize: False
               momentum: 0.9
               nesterov: False
               weight_decay: 0.0001
           )
2022-10-28 07:56:43,464 - INFO  - LR scheduler: `MultiStepLr`
    Update per batch: True
             Group 0: 0.001

2022-10-28 07:56:44,710 - INFO  - >>>>>> Epoch -1 (pre-trained model evaluation)
2022-10-28 07:56:44,710 - INFO  - Validation: 10000 samples (256 per mini-batch)
2022-10-28 07:56:47,542 - INFO  - Validation [   20/   40]   Loss 3047.717822   Top1 12.753906   Top5 57.070312   BatchTime 0.141572   
2022-10-28 07:56:49,158 - INFO  - Validation [   40/   40]   Loss 3031.409704   Top1 12.670000   Top5 56.460000   BatchTime 0.111185   
2022-10-28 07:56:49,230 - INFO  - ==> Top1: 12.670    Top5: 56.460    Loss: 3031.410

2022-10-28 07:56:49,230 - INFO  - Scoreboard best 1 ==> Epoch [-1][Top1: 12.670   Top5: 56.460]
2022-10-28 07:56:49,230 - INFO  - >>>>>> Epoch   0
2022-10-28 07:56:49,230 - INFO  - Training: 50000 samples (256 per mini-batch)
2022-10-28 07:56:51,485 - INFO  - Training [0][   20/  196]   Loss 1.115732   Top1 70.839844   Top5 97.109375   BatchTime 0.112705   LR 0.001000   
2022-10-28 07:56:53,188 - INFO  - Training [0][   40/  196]   Loss 0.864089   Top1 76.201172   Top5 98.085938   BatchTime 0.098926   LR 0.001000   
2022-10-28 07:56:54,883 - INFO  - Training [0][   60/  196]   Loss 0.732424   Top1 79.238281   Top5 98.502604   BatchTime 0.094211   LR 0.001000   
2022-10-28 07:56:56,579 - INFO  - Training [0][   80/  196]   Loss 0.652133   Top1 80.883789   Top5 98.706055   BatchTime 0.091856   LR 0.001000   
2022-10-28 07:56:58,274 - INFO  - Training [0][  100/  196]   Loss 0.597882   Top1 82.257812   Top5 98.859375   BatchTime 0.090427   LR 0.001000   
2022-10-28 07:56:59,969 - INFO  - Training [0][  120/  196]   Loss 0.561387   Top1 83.059896   Top5 99.007161   BatchTime 0.089483   LR 0.001000   
2022-10-28 07:57:01,665 - INFO  - Training [0][  140/  196]   Loss 0.533198   Top1 83.705357   Top5 99.076451   BatchTime 0.088812   LR 0.001000   
2022-10-28 07:57:03,360 - INFO  - Training [0][  160/  196]   Loss 0.508098   Top1 84.338379   Top5 99.150391   BatchTime 0.088308   LR 0.001000   
2022-10-28 07:57:05,040 - INFO  - Training [0][  180/  196]   Loss 0.490723   Top1 84.787326   Top5 99.197049   BatchTime 0.087825   LR 0.001000   
2022-10-28 07:57:06,423 - INFO  - ==> Top1: 85.092    Top5: 99.236    Loss: 0.479

