2022-10-28 08:41:17,680 - INFO  - Log file for this run: /home/ilena7440/LSQFakeQuant/out/88_20221028-084117/88_20221028-084117.log
2022-10-28 08:41:19,415 - INFO  - Dataset `cifar10` size:
          Training Set = 50000 (196)
        Validation Set = 10000 (40)
              Test Set = 10000 (40)
2022-10-28 08:41:19,450 - INFO  - Created `resnet20` model
          Use pre-trained model = True
2022-10-28 08:41:19,621 - INFO  - Optimizer: SGD (
           Parameter Group 0
               dampening: 0
               foreach: None
               lr: 0.001
               maximize: False
               momentum: 0.9
               nesterov: False
               weight_decay: 0.0001
           )
2022-10-28 08:41:19,621 - INFO  - LR scheduler: `MultiStepLr`
    Update per batch: True
             Group 0: 0.001

2022-10-28 08:41:20,883 - INFO  - >>>>>> Epoch -1 (pre-trained model evaluation)
2022-10-28 08:41:20,883 - INFO  - Validation: 10000 samples (256 per mini-batch)
2022-10-28 08:41:23,925 - INFO  - Validation [   20/   40]   Loss 2.362035   Top1 9.882812   Top5 49.394531   BatchTime 0.149312   
2022-10-28 08:41:25,473 - INFO  - Validation [   40/   40]   Loss 2.359324   Top1 10.000000   Top5 49.830000   BatchTime 0.113361   
2022-10-28 08:41:25,541 - INFO  - ==> Top1: 10.000    Top5: 49.830    Loss: 2.359

2022-10-28 08:41:25,541 - INFO  - Scoreboard best 1 ==> Epoch [-1][Top1: 10.000   Top5: 49.830]
2022-10-28 08:41:25,541 - INFO  - >>>>>> Epoch   0
2022-10-28 08:41:25,541 - INFO  - Training: 50000 samples (256 per mini-batch)
2022-10-28 08:41:28,263 - INFO  - Training [0][   20/  196]   Loss nan   Top1 11.640625   Top5 51.796875   BatchTime 0.136034   LR 0.001000   
