2022-11-01 11:45:51,142 - INFO  - Log file for this run: /home/ilena7440/LSQ_FakeQuant/out/88_20221101-114551/88_20221101-114551.log
2022-11-01 11:45:52,362 - INFO  - Dataset `cifar10` size:
          Training Set = 50000 (196)
        Validation Set = 10000 (40)
              Test Set = 10000 (40)
2022-11-01 11:45:52,458 - INFO  - Created `mobilenetv2` model
          Use pre-trained model = True
2022-11-01 11:45:53,103 - INFO  - Optimizer: SGD (
           Parameter Group 0
               dampening: 0
               foreach: None
               lr: 0.001
               maximize: False
               momentum: 0.9
               nesterov: False
               weight_decay: 0.0001
           )
2022-11-01 11:45:53,103 - INFO  - LR scheduler: `MultiStepLr`
    Update per batch: True
             Group 0: 0.001

2022-11-01 11:45:54,256 - INFO  - >>>>>> Epoch -1 (pre-trained model evaluation)
2022-11-01 11:45:54,256 - INFO  - Validation: 10000 samples (256 per mini-batch)
