2022-11-01 12:34:09,484 - INFO  - Log file for this run: /home/ilena7440/LSQ_FakeQuant/out/88_20221101-123409/88_20221101-123409.log
2022-11-01 12:34:10,709 - INFO  - Dataset `cifar10` size:
          Training Set = 50000 (196)
        Validation Set = 10000 (40)
              Test Set = 10000 (40)
2022-11-01 12:34:10,799 - INFO  - Created `mobilenetv2` model
          Use pre-trained model = True
2022-11-01 12:34:11,459 - INFO  - Optimizer: SGD (
           Parameter Group 0
               dampening: 0
               foreach: None
               lr: 0.001
               maximize: False
               momentum: 0.9
               nesterov: False
               weight_decay: 0.0001
           )
2022-11-01 12:34:11,459 - INFO  - LR scheduler: `MultiStepLr`
    Update per batch: True
             Group 0: 0.001

2022-11-01 12:34:12,546 - INFO  - >>>>>> Epoch -1 (pre-trained model evaluation)
2022-11-01 12:34:12,547 - INFO  - Validation: 10000 samples (256 per mini-batch)
2022-11-01 12:34:16,107 - INFO  - Validation [   20/   40]   Loss nan   Top1 10.078125   Top5 50.019531   BatchTime 0.177912   
2022-11-01 12:34:17,456 - INFO  - Validation [   40/   40]   Loss nan   Top1 10.000000   Top5 50.000000   BatchTime 0.122679   
2022-11-01 12:34:17,544 - INFO  - ==> Top1: 10.000    Top5: 50.000    Loss: nan

2022-11-01 12:34:17,544 - INFO  - ==> Sparsity : 0.059

2022-11-01 12:34:17,545 - INFO  - Scoreboard best 1 ==> Epoch [-1][Top1: 10.000   Top5: 50.000]
2022-11-01 12:34:17,545 - INFO  - >>>>>> Epoch   0
2022-11-01 12:34:17,546 - INFO  - Training: 50000 samples (256 per mini-batch)
2022-11-01 12:34:21,361 - INFO  - Training [0][   20/  196]   Loss 20.479182   Top1 0.078125   Top5 0.937500   BatchTime 0.190619   LR 0.001000   
2022-11-01 12:34:24,214 - INFO  - Training [0][   40/  196]   Loss 18.895695   Top1 0.576172   Top5 3.095703   BatchTime 0.166646   LR 0.001000   
2022-11-01 12:34:27,100 - INFO  - Training [0][   60/  196]   Loss 18.019792   Top1 1.471354   Top5 7.174479   BatchTime 0.159187   LR 0.001000   
2022-11-01 12:34:29,959 - INFO  - Training [0][   80/  196]   Loss 17.434199   Top1 2.612305   Top5 11.743164   BatchTime 0.155132   LR 0.001000   
2022-11-01 12:34:32,816 - INFO  - Training [0][  100/  196]   Loss 16.976571   Top1 3.835938   Top5 16.539062   BatchTime 0.152674   LR 0.001000   
2022-11-01 12:34:35,664 - INFO  - Training [0][  120/  196]   Loss 16.595004   Top1 4.892578   Top5 21.110026   BatchTime 0.150960   LR 0.001000   
2022-11-01 12:34:38,521 - INFO  - Training [0][  140/  196]   Loss 16.259252   Top1 6.015625   Top5 25.359933   BatchTime 0.149804   LR 0.001000   
2022-11-01 12:34:41,398 - INFO  - Training [0][  160/  196]   Loss 15.958665   Top1 7.114258   Top5 29.287109   BatchTime 0.149057   LR 0.001000   
2022-11-01 12:34:44,191 - INFO  - Training [0][  180/  196]   Loss 15.689726   Top1 8.064236   Top5 32.821181   BatchTime 0.148010   LR 0.001000   
2022-11-01 12:34:46,500 - INFO  - ==> Top1: 8.754    Top5: 35.286    Loss: 15.505

2022-11-01 12:34:46,600 - INFO  - Created `mobilenetv2` model
          Use pre-trained model = False
2022-11-01 12:34:47,493 - INFO  - Validation: 10000 samples (256 per mini-batch)
2022-11-01 12:34:51,203 - INFO  - Validation [0][   20/   40]   Loss 3.171689   Top1 18.066406   Top5 67.871094   BatchTime 0.185450   
2022-11-01 12:34:54,008 - INFO  - Validation [0][   40/   40]   Loss 3.169073   Top1 17.800000   Top5 67.830000   BatchTime 0.162841   
2022-11-01 12:34:54,145 - INFO  - ==> Top1: 17.800    Top5: 67.830    Loss: 3.169

2022-11-01 12:34:54,145 - INFO  - ==> Sparsity : 0.106

2022-11-01 12:34:54,178 - INFO  - Validation: 10000 samples (256 per mini-batch)
2022-11-01 12:34:55,464 - INFO  - Validation [0][   20/   40]   Loss 3.256172   Top1 16.972656   Top5 65.996094   BatchTime 0.064225   
2022-11-01 12:34:55,864 - INFO  - Validation [0][   40/   40]   Loss 3.256378   Top1 17.110000   Top5 66.390000   BatchTime 0.042122   
