2022-11-01 13:45:25,774 - INFO  - Log file for this run: /home/ilena7440/LSQ_FakeQuant/out/88_20221101-134525/88_20221101-134525.log
2022-11-01 13:45:27,037 - INFO  - Dataset `cifar10` size:
          Training Set = 50000 (196)
        Validation Set = 10000 (40)
              Test Set = 10000 (40)
2022-11-01 13:45:27,285 - INFO  - Created `mobilenetv2` model
          Use pre-trained model = True
2022-11-01 13:45:27,986 - INFO  - Optimizer: SGD (
           Parameter Group 0
               dampening: 0
               foreach: None
               lr: 0.001
               maximize: False
               momentum: 0.9
               nesterov: False
               weight_decay: 0.0001
           )
2022-11-01 13:45:27,986 - INFO  - LR scheduler: `MultiStepLr`
    Update per batch: True
             Group 0: 0.001

2022-11-01 13:45:30,978 - INFO  - >>>>>> Epoch -1 (pre-trained model evaluation)
2022-11-01 13:45:30,978 - INFO  - Validation: 10000 samples (256 per mini-batch)
2022-11-01 13:45:36,737 - INFO  - Validation [   20/   40]   Loss nan   Top1 10.078125   Top5 50.019531   BatchTime 0.287830   
2022-11-01 13:45:38,071 - INFO  - Validation [   40/   40]   Loss nan   Top1 10.000000   Top5 50.000000   BatchTime 0.177267   
2022-11-01 13:45:38,134 - INFO  - ==> Top1: 10.000    Top5: 50.000    Loss: nan

2022-11-01 13:45:38,134 - INFO  - ==> Sparsity : 0.059

2022-11-01 13:45:38,134 - INFO  - Scoreboard best 1 ==> Epoch [-1][Top1: 10.000   Top5: 50.000]
2022-11-01 13:45:38,134 - INFO  - >>>>>> Epoch   0
2022-11-01 13:45:38,135 - INFO  - Training: 50000 samples (256 per mini-batch)
2022-11-01 13:45:42,060 - INFO  - Training [0][   20/  196]   Loss 20.492930   Top1 0.117188   Top5 0.781250   BatchTime 0.196079   LR 0.001000   
2022-11-01 13:45:44,904 - INFO  - Training [0][   40/  196]   Loss 18.940219   Top1 0.537109   Top5 2.949219   BatchTime 0.169156   LR 0.001000   
2022-11-01 13:45:47,769 - INFO  - Training [0][   60/  196]   Loss 18.058604   Top1 1.484375   Top5 6.972656   BatchTime 0.160506   LR 0.001000   
2022-11-01 13:45:50,578 - INFO  - Training [0][   80/  196]   Loss 17.457263   Top1 2.670898   Top5 11.738281   BatchTime 0.155494   LR 0.001000   
2022-11-01 13:45:53,364 - INFO  - Training [0][  100/  196]   Loss 16.993303   Top1 3.921875   Top5 16.261719   BatchTime 0.152262   LR 0.001000   
2022-11-01 13:45:56,142 - INFO  - Training [0][  120/  196]   Loss 16.611346   Top1 5.087891   Top5 20.787760   BatchTime 0.150033   LR 0.001000   
2022-11-01 13:45:58,896 - INFO  - Training [0][  140/  196]   Loss 16.273801   Top1 6.191406   Top5 25.262277   BatchTime 0.148270   LR 0.001000   
2022-11-01 13:46:01,712 - INFO  - Training [0][  160/  196]   Loss 15.966963   Top1 7.307129   Top5 29.489746   BatchTime 0.147337   LR 0.001000   
2022-11-01 13:46:04,430 - INFO  - Training [0][  180/  196]   Loss 15.690203   Top1 8.454861   Top5 33.398438   BatchTime 0.146065   LR 0.001000   
2022-11-01 13:46:06,649 - INFO  - ==> Top1: 9.250    Top5: 36.128    Loss: 15.498

2022-11-01 13:46:06,745 - INFO  - Created `mobilenetv2` model
          Use pre-trained model = False
2022-11-01 13:46:07,670 - INFO  - Validation: 10000 samples (256 per mini-batch)
2022-11-01 13:46:11,235 - INFO  - Validation [0][   20/   40]   Loss 3.200529   Top1 18.984375   Top5 68.378906   BatchTime 0.178157   
2022-11-01 13:46:13,928 - INFO  - Validation [0][   40/   40]   Loss 3.179285   Top1 18.610000   Top5 68.700000   BatchTime 0.156402   
2022-11-01 13:46:14,032 - INFO  - ==> Top1: 18.610    Top5: 68.700    Loss: 3.179

2022-11-01 13:46:14,032 - INFO  - ==> Sparsity : 0.109

2022-11-01 13:46:14,065 - INFO  - Validation: 10000 samples (256 per mini-batch)
2022-11-01 13:46:15,058 - INFO  - Validation [0][   20/   40]   Loss 3.430167   Top1 17.011719   Top5 63.359375   BatchTime 0.049581   
2022-11-01 13:46:15,442 - INFO  - Validation [0][   40/   40]   Loss 3.423051   Top1 16.770000   Top5 63.110000   BatchTime 0.034387   
