2022-11-01 11:36:41,229 - INFO  - Log file for this run: /home/ilena7440/LSQ_FakeQuant/out/88_20221101-113641/88_20221101-113641.log
2022-11-01 11:36:42,464 - INFO  - Dataset `cifar10` size:
          Training Set = 50000 (196)
        Validation Set = 10000 (40)
              Test Set = 10000 (40)
2022-11-01 11:36:42,582 - INFO  - Created `mobilenetv2` model
          Use pre-trained model = True
2022-11-01 11:36:43,248 - INFO  - Optimizer: SGD (
           Parameter Group 0
               dampening: 0
               foreach: None
               lr: 0.001
               maximize: False
               momentum: 0.9
               nesterov: False
               weight_decay: 0.0001
           )
2022-11-01 11:36:43,249 - INFO  - LR scheduler: `MultiStepLr`
    Update per batch: True
             Group 0: 0.001

2022-11-01 11:36:44,399 - INFO  - >>>>>> Epoch -1 (pre-trained model evaluation)
2022-11-01 11:36:44,399 - INFO  - Validation: 10000 samples (256 per mini-batch)
2022-11-01 11:36:48,107 - INFO  - Validation [   20/   40]   Loss nan   Top1 10.078125   Top5 50.019531   BatchTime 0.185297   
2022-11-01 11:36:49,447 - INFO  - Validation [   40/   40]   Loss nan   Top1 10.000000   Top5 50.000000   BatchTime 0.126149   
2022-11-01 11:36:49,535 - INFO  - ==> Top1: 10.000    Top5: 50.000    Loss: nan

2022-11-01 11:36:49,535 - INFO  - ==> Sparsity : 0.059

2022-11-01 11:36:49,535 - INFO  - Scoreboard best 1 ==> Epoch [-1][Top1: 10.000   Top5: 50.000]
2022-11-01 11:36:49,535 - INFO  - >>>>>> Epoch   0
2022-11-01 11:36:49,536 - INFO  - Training: 50000 samples (256 per mini-batch)
2022-11-01 11:36:53,281 - INFO  - Training [0][   20/  196]   Loss 10.555081   Top1 0.097656   Top5 0.703125   BatchTime 0.187078   LR 0.001000   
2022-11-01 11:36:56,054 - INFO  - Training [0][   40/  196]   Loss 9.008902   Top1 0.537109   Top5 2.607422   BatchTime 0.162865   LR 0.001000   
2022-11-01 11:36:58,917 - INFO  - Training [0][   60/  196]   Loss 8.143667   Top1 1.458333   Top5 6.041667   BatchTime 0.156294   LR 0.001000   
2022-11-01 11:37:01,695 - INFO  - Training [0][   80/  196]   Loss 7.525645   Top1 2.543945   Top5 10.834961   BatchTime 0.151943   LR 0.001000   
2022-11-01 11:37:04,500 - INFO  - Training [0][  100/  196]   Loss 7.024994   Top1 3.871094   Top5 16.359375   BatchTime 0.149604   LR 0.001000   
2022-11-01 11:37:07,301 - INFO  - Training [0][  120/  196]   Loss 6.603253   Top1 5.345052   Top5 21.552734   BatchTime 0.148013   LR 0.001000   
2022-11-01 11:37:10,089 - INFO  - Training [0][  140/  196]   Loss 6.251542   Top1 6.629464   Top5 26.021205   BatchTime 0.146786   LR 0.001000   
2022-11-01 11:37:12,856 - INFO  - Training [0][  160/  196]   Loss 5.945453   Top1 7.722168   Top5 29.963379   BatchTime 0.145732   LR 0.001000   
2022-11-01 11:37:15,514 - INFO  - Training [0][  180/  196]   Loss 5.678913   Top1 8.639323   Top5 33.344184   BatchTime 0.144305   LR 0.001000   
2022-11-01 11:37:17,751 - INFO  - ==> Top1: 9.322    Top5: 35.558    Loss: 5.497

