2022-10-28 08:43:40,416 - INFO  - Log file for this run: /home/ilena7440/LSQFakeQuant/out/88_20221028-084340/88_20221028-084340.log
2022-10-28 08:43:42,068 - INFO  - Dataset `cifar10` size:
          Training Set = 50000 (196)
        Validation Set = 10000 (40)
              Test Set = 10000 (40)
2022-10-28 08:43:42,102 - INFO  - Created `resnet20` model
          Use pre-trained model = True
2022-10-28 08:43:42,270 - INFO  - Optimizer: SGD (
           Parameter Group 0
               dampening: 0
               foreach: None
               lr: 0.001
               maximize: False
               momentum: 0.9
               nesterov: False
               weight_decay: 0.0001
           )
2022-10-28 08:43:42,270 - INFO  - LR scheduler: `MultiStepLr`
    Update per batch: True
             Group 0: 0.001

2022-10-28 08:43:43,535 - INFO  - >>>>>> Epoch -1 (pre-trained model evaluation)
2022-10-28 08:43:43,535 - INFO  - Validation: 10000 samples (256 per mini-batch)
2022-10-28 08:43:46,537 - INFO  - Validation [   20/   40]   Loss 2.362035   Top1 9.882812   Top5 49.394531   BatchTime 0.150043   
2022-10-28 08:43:48,109 - INFO  - Validation [   40/   40]   Loss 2.359324   Top1 10.000000   Top5 49.830000   BatchTime 0.114334   
2022-10-28 08:43:48,187 - INFO  - ==> Top1: 10.000    Top5: 49.830    Loss: 2.359

2022-10-28 08:43:48,187 - INFO  - Scoreboard best 1 ==> Epoch [-1][Top1: 10.000   Top5: 49.830]
2022-10-28 08:43:48,187 - INFO  - >>>>>> Epoch   0
2022-10-28 08:43:48,187 - INFO  - Training: 50000 samples (256 per mini-batch)
2022-10-28 08:43:50,886 - INFO  - Training [0][   20/  196]   Loss nan   Top1 12.773438   Top5 52.539062   BatchTime 0.134887   LR 0.001000   
2022-10-28 08:43:53,042 - INFO  - Training [0][   40/  196]   Loss nan   Top1 11.435547   Top5 51.152344   BatchTime 0.121347   LR 0.001000   
