2022-10-28 08:34:49,448 - INFO  - Log file for this run: /home/ilena7440/LSQFakeQuant/out/88_20221028-083449/88_20221028-083449.log
2022-10-28 08:34:51,175 - INFO  - Dataset `cifar10` size:
          Training Set = 50000 (196)
        Validation Set = 10000 (40)
              Test Set = 10000 (40)
2022-10-28 08:34:51,210 - INFO  - Created `resnet20` model
          Use pre-trained model = True
2022-10-28 08:34:51,377 - INFO  - Optimizer: SGD (
           Parameter Group 0
               dampening: 0
               foreach: None
               lr: 0.001
               maximize: False
               momentum: 0.9
               nesterov: False
               weight_decay: 0.0001
           )
2022-10-28 08:34:51,377 - INFO  - LR scheduler: `MultiStepLr`
    Update per batch: True
             Group 0: 0.001

2022-10-28 08:34:52,644 - INFO  - >>>>>> Epoch -1 (pre-trained model evaluation)
2022-10-28 08:34:52,645 - INFO  - Validation: 10000 samples (256 per mini-batch)
2022-10-28 08:34:55,503 - INFO  - Validation [   20/   40]   Loss 3047.717822   Top1 12.753906   Top5 57.070312   BatchTime 0.142904   
2022-10-28 08:34:57,052 - INFO  - Validation [   40/   40]   Loss 3031.409704   Top1 12.670000   Top5 56.460000   BatchTime 0.110176   
2022-10-28 08:34:57,125 - INFO  - ==> Top1: 12.670    Top5: 56.460    Loss: 3031.410

2022-10-28 08:34:57,125 - INFO  - Scoreboard best 1 ==> Epoch [-1][Top1: 12.670   Top5: 56.460]
2022-10-28 08:34:57,126 - INFO  - >>>>>> Epoch   0
2022-10-28 08:34:57,126 - INFO  - Training: 50000 samples (256 per mini-batch)
2022-10-28 08:34:59,418 - INFO  - Training [0][   20/  196]   Loss 1.111746   Top1 70.175781   Top5 97.128906   BatchTime 0.114596   LR 0.001000   
2022-10-28 08:35:01,119 - INFO  - Training [0][   40/  196]   Loss 0.853922   Top1 75.527344   Top5 98.095703   BatchTime 0.099808   LR 0.001000   
2022-10-28 08:35:02,820 - INFO  - Training [0][   60/  196]   Loss 0.725961   Top1 78.411458   Top5 98.483073   BatchTime 0.094892   LR 0.001000   
2022-10-28 08:35:04,522 - INFO  - Training [0][   80/  196]   Loss 0.654846   Top1 80.200195   Top5 98.740234   BatchTime 0.092439   LR 0.001000   
2022-10-28 08:35:06,223 - INFO  - Training [0][  100/  196]   Loss 0.603510   Top1 81.507812   Top5 98.886719   BatchTime 0.090964   LR 0.001000   
2022-10-28 08:35:07,924 - INFO  - Training [0][  120/  196]   Loss 0.565273   Top1 82.555339   Top5 99.010417   BatchTime 0.089975   LR 0.001000   
2022-10-28 08:35:09,625 - INFO  - Training [0][  140/  196]   Loss 0.535197   Top1 83.339844   Top5 99.129464   BatchTime 0.089277   LR 0.001000   
2022-10-28 08:35:11,326 - INFO  - Training [0][  160/  196]   Loss 0.513022   Top1 83.955078   Top5 99.196777   BatchTime 0.088748   LR 0.001000   
2022-10-28 08:35:13,012 - INFO  - Training [0][  180/  196]   Loss 0.493165   Top1 84.479167   Top5 99.259983   BatchTime 0.088252   LR 0.001000   
2022-10-28 08:35:14,412 - INFO  - ==> Top1: 84.804    Top5: 99.290    Loss: 0.481

2022-10-28 08:35:14,525 - INFO  - Validation: 10000 samples (256 per mini-batch)
