2022-10-20 18:33:34,537 - INFO  - Log file for this run: /home/ilena7440/LSQFakeQuant/out/88_20221020-183334/88_20221020-183334.log
2022-10-20 18:33:35,723 - INFO  - Dataset `cifar10` size:
          Training Set = 50000 (196)
        Validation Set = 10000 (40)
              Test Set = 10000 (40)
2022-10-20 18:33:35,758 - INFO  - Created `resnet20` model
          Use pre-trained model = True
2022-10-20 18:33:35,791 - INFO  - Optimizer: SGD (
           Parameter Group 0
               dampening: 0
               foreach: None
               lr: 0.001
               maximize: False
               momentum: 0.9
               nesterov: False
               weight_decay: 0.0001
           )
2022-10-20 18:33:35,791 - INFO  - LR scheduler: `MultiStepLr`
    Update per batch: True
             Group 0: 0.001

2022-10-20 18:33:36,934 - INFO  - >>>>>> Epoch -1 (pre-trained model evaluation)
2022-10-20 18:33:36,934 - INFO  - Validation: 10000 samples (256 per mini-batch)
2022-10-20 18:33:37,834 - INFO  - Validation [   20/   40]   Loss 3047.717615   Top1 12.753906   Top5 57.070312   BatchTime 0.043051   
2022-10-20 18:33:37,965 - INFO  - Validation [   40/   40]   Loss 3031.409504   Top1 12.670000   Top5 56.460000   BatchTime 0.024791   
2022-10-20 18:33:38,029 - INFO  - ==> Top1: 12.670    Top5: 56.460    Loss: 3031.410

2022-10-20 18:33:38,029 - INFO  - Scoreboard best 1 ==> Epoch [-1][Top1: 12.670   Top5: 56.460]
2022-10-20 18:33:38,029 - INFO  - >>>>>> Epoch   0
2022-10-20 18:33:38,029 - INFO  - Training: 50000 samples (256 per mini-batch)
2022-10-20 18:33:39,102 - INFO  - Training [0][   20/  196]   Loss 1.074538   Top1 70.898438   Top5 97.578125   BatchTime 0.053576   LR 0.001000   
2022-10-20 18:33:39,619 - INFO  - Training [0][   40/  196]   Loss 0.849587   Top1 76.464844   Top5 98.056641   BatchTime 0.039714   LR 0.001000   
2022-10-20 18:33:40,132 - INFO  - Training [0][   60/  196]   Loss 0.725388   Top1 79.218750   Top5 98.489583   BatchTime 0.035032   LR 0.001000   
2022-10-20 18:33:40,650 - INFO  - Training [0][   80/  196]   Loss 0.654175   Top1 80.747070   Top5 98.725586   BatchTime 0.032743   LR 0.001000   
2022-10-20 18:33:41,162 - INFO  - Training [0][  100/  196]   Loss 0.602486   Top1 82.039062   Top5 98.890625   BatchTime 0.031319   LR 0.001000   
2022-10-20 18:33:41,674 - INFO  - Training [0][  120/  196]   Loss 0.561982   Top1 83.001302   Top5 99.013672   BatchTime 0.030365   LR 0.001000   
2022-10-20 18:33:42,188 - INFO  - Training [0][  140/  196]   Loss 0.530999   Top1 83.758371   Top5 99.098772   BatchTime 0.029702   LR 0.001000   
2022-10-20 18:33:42,700 - INFO  - Training [0][  160/  196]   Loss 0.507517   Top1 84.340820   Top5 99.165039   BatchTime 0.029187   LR 0.001000   
2022-10-20 18:33:43,211 - INFO  - Training [0][  180/  196]   Loss 0.488094   Top1 84.759115   Top5 99.223090   BatchTime 0.028780   LR 0.001000   
2022-10-20 18:33:43,677 - INFO  - ==> Top1: 85.114    Top5: 99.258    Loss: 0.475

2022-10-20 18:33:43,701 - INFO  - Validation: 10000 samples (256 per mini-batch)
2022-10-20 18:33:44,340 - INFO  - Validation [0][   20/   40]   Loss 0.430772   Top1 86.738281   Top5 99.355469   BatchTime 0.031930   
2022-10-20 18:33:44,468 - INFO  - Validation [0][   40/   40]   Loss 0.418007   Top1 86.890000   Top5 99.410000   BatchTime 0.019171   
2022-10-20 18:33:44,531 - INFO  - ==> Top1: 86.890    Top5: 99.410    Loss: 0.418

2022-10-20 18:33:44,531 - INFO  - Validation: 10000 samples (256 per mini-batch)
2022-10-20 18:33:47,430 - INFO  - Validation [0][   20/   40]   Loss 0.430772   Top1 86.738281   Top5 99.355469   BatchTime 0.144916   
2022-10-20 18:33:49,599 - INFO  - Validation [0][   40/   40]   Loss 0.418006   Top1 86.890000   Top5 99.410000   BatchTime 0.126692   
2022-10-20 18:33:49,682 - INFO  - ==> Top1: 86.890    Top5: 99.410    Loss: 0.418

2022-10-20 18:33:49,682 - INFO  - Scoreboard best 1 ==> Epoch [0][Top1: 86.890   Top5: 99.410]
2022-10-20 18:33:49,682 - INFO  - Scoreboard best 2 ==> Epoch [-1][Top1: 12.670   Top5: 56.460]
2022-10-20 18:33:53,477 - INFO  - Saving checkpoint to:
            Current: /home/ilena7440/LSQFakeQuant/out/88_20221020-183334/88_checkpoint.pth.tar
                Best: /home/ilena7440/LSQFakeQuant/out/88_20221020-183334/88_best.pth.tar
save quantized models...
2022-10-20 18:33:53,478 - INFO  - >>>>>> Epoch   1
2022-10-20 18:33:53,478 - INFO  - Training: 50000 samples (256 per mini-batch)
