2022-11-01 00:47:40,038 - INFO  - Log file for this run: /home/ilena7440/LSQ_FakeQuant/out/88_20221101-004740/88_20221101-004740.log
2022-11-01 00:47:41,290 - INFO  - Dataset `cifar10` size:
          Training Set = 50000 (196)
        Validation Set = 10000 (40)
              Test Set = 10000 (40)
2022-11-01 00:47:41,379 - INFO  - Created `mobilenetv2` model
          Use pre-trained model = True
2022-11-01 00:47:42,208 - INFO  - Optimizer: SGD (
           Parameter Group 0
               dampening: 0
               foreach: None
               lr: 0.001
               maximize: False
               momentum: 0.9
               nesterov: False
               weight_decay: 0.0001
           )
2022-11-01 00:47:42,208 - INFO  - LR scheduler: `MultiStepLr`
    Update per batch: True
             Group 0: 0.001

2022-11-01 00:47:43,321 - INFO  - >>>>>> Epoch -1 (pre-trained model evaluation)
2022-11-01 00:47:43,322 - INFO  - Validation: 10000 samples (256 per mini-batch)
2022-11-01 00:47:46,918 - INFO  - Validation [   20/   40]   Loss nan   Top1 10.078125   Top5 50.019531   BatchTime 0.179720   
2022-11-01 00:47:48,280 - INFO  - Validation [   40/   40]   Loss nan   Top1 10.000000   Top5 50.000000   BatchTime 0.123913   
2022-11-01 00:47:48,374 - INFO  - ==> Top1: 10.000    Top5: 50.000    Loss: nan

2022-11-01 00:47:48,374 - INFO  - ==> Sparsity : 0.059

2022-11-01 00:47:48,374 - INFO  - Scoreboard best 1 ==> Epoch [-1][Top1: 10.000   Top5: 50.000]
2022-11-01 00:47:48,374 - INFO  - >>>>>> Epoch   0
2022-11-01 00:47:48,375 - INFO  - Training: 50000 samples (256 per mini-batch)
2022-11-01 00:47:52,297 - INFO  - Training [0][   20/  196]   Loss 20.394934   Top1 0.117188   Top5 0.839844   BatchTime 0.195926   LR 0.001000   
2022-11-01 00:47:55,243 - INFO  - Training [0][   40/  196]   Loss 18.789449   Top1 0.898438   Top5 3.886719   BatchTime 0.171637   LR 0.001000   
2022-11-01 00:47:58,178 - INFO  - Training [0][   60/  196]   Loss 17.916225   Top1 2.024740   Top5 8.424479   BatchTime 0.163328   LR 0.001000   
2022-11-01 00:48:01,122 - INFO  - Training [0][   80/  196]   Loss 17.294599   Top1 3.491211   Top5 13.857422   BatchTime 0.159295   LR 0.001000   
2022-11-01 00:48:04,048 - INFO  - Training [0][  100/  196]   Loss 16.825398   Top1 4.925781   Top5 19.402344   BatchTime 0.156696   LR 0.001000   
2022-11-01 00:48:06,982 - INFO  - Training [0][  120/  196]   Loss 16.423070   Top1 6.285807   Top5 24.283854   BatchTime 0.155033   LR 0.001000   
2022-11-01 00:48:09,904 - INFO  - Training [0][  140/  196]   Loss 16.075802   Top1 7.589286   Top5 28.850446   BatchTime 0.153758   LR 0.001000   
2022-11-01 00:48:12,837 - INFO  - Training [0][  160/  196]   Loss 15.772662   Top1 8.720703   Top5 32.956543   BatchTime 0.152868   LR 0.001000   
2022-11-01 00:48:15,694 - INFO  - Training [0][  180/  196]   Loss 15.507117   Top1 9.743924   Top5 36.599392   BatchTime 0.151751   LR 0.001000   
2022-11-01 00:48:18,092 - INFO  - ==> Top1: 10.516    Top5: 39.096    Loss: 15.325

