2022-10-20 19:01:41,106 - INFO  - Log file for this run: /home/ilena7440/LSQFakeQuant/out/88_20221020-190141/88_20221020-190141.log
2022-10-20 19:01:42,291 - INFO  - Dataset `cifar10` size:
          Training Set = 50000 (196)
        Validation Set = 10000 (40)
              Test Set = 10000 (40)
2022-10-20 19:01:42,306 - INFO  - Created `resnet20` model
          Use pre-trained model = True
2022-10-20 19:01:42,423 - INFO  - Optimizer: SGD (
           Parameter Group 0
               dampening: 0
               foreach: None
               lr: 0.001
               maximize: False
               momentum: 0.9
               nesterov: False
               weight_decay: 0.0001
           )
2022-10-20 19:01:42,423 - INFO  - LR scheduler: `MultiStepLr`
    Update per batch: True
             Group 0: 0.001

2022-10-20 19:01:43,574 - INFO  - >>>>>> Epoch -1 (pre-trained model evaluation)
2022-10-20 19:01:43,574 - INFO  - Validation: 10000 samples (256 per mini-batch)
2022-10-20 19:01:44,919 - INFO  - Validation [   20/   40]   Loss 2.510285   Top1 39.062500   Top5 86.074219   BatchTime 0.067232   
2022-10-20 19:01:45,528 - INFO  - Validation [   40/   40]   Loss 2.556888   Top1 38.200000   Top5 86.180000   BatchTime 0.048832   
2022-10-20 19:01:45,585 - INFO  - ==> Top1: 38.200    Top5: 86.180    Loss: 2.557

2022-10-20 19:01:45,585 - INFO  - Scoreboard best 1 ==> Epoch [-1][Top1: 38.200   Top5: 86.180]
2022-10-20 19:01:45,586 - INFO  - >>>>>> Epoch   0
2022-10-20 19:01:45,586 - INFO  - Training: 50000 samples (256 per mini-batch)
2022-10-20 19:01:47,605 - INFO  - Training [0][   20/  196]   Loss 0.267372   Top1 91.464844   Top5 99.824219   BatchTime 0.100915   LR 0.001000   
2022-10-20 19:01:49,067 - INFO  - Training [0][   40/  196]   Loss 0.195194   Top1 93.710938   Top5 99.902344   BatchTime 0.087010   LR 0.001000   
2022-10-20 19:01:50,534 - INFO  - Training [0][   60/  196]   Loss 0.162797   Top1 94.596354   Top5 99.934896   BatchTime 0.082466   LR 0.001000   
2022-10-20 19:01:52,003 - INFO  - Training [0][   80/  196]   Loss 0.146420   Top1 95.126953   Top5 99.946289   BatchTime 0.080202   LR 0.001000   
2022-10-20 19:01:53,475 - INFO  - Training [0][  100/  196]   Loss 0.133311   Top1 95.570312   Top5 99.957031   BatchTime 0.078880   LR 0.001000   
2022-10-20 19:01:54,938 - INFO  - Training [0][  120/  196]   Loss 0.124583   Top1 95.852865   Top5 99.964193   BatchTime 0.077927   LR 0.001000   
2022-10-20 19:01:56,406 - INFO  - Training [0][  140/  196]   Loss 0.117535   Top1 96.071429   Top5 99.969308   BatchTime 0.077279   LR 0.001000   
2022-10-20 19:01:57,875 - INFO  - Training [0][  160/  196]   Loss 0.112549   Top1 96.215820   Top5 99.970703   BatchTime 0.076800   LR 0.001000   
2022-10-20 19:01:59,338 - INFO  - Training [0][  180/  196]   Loss 0.107730   Top1 96.375868   Top5 99.973958   BatchTime 0.076396   LR 0.001000   
2022-10-20 19:02:00,557 - INFO  - ==> Top1: 96.510    Top5: 99.976    Loss: 0.104

2022-10-20 19:02:04,572 - INFO  - Validation: 10000 samples (256 per mini-batch)
2022-10-20 19:02:05,626 - INFO  - Validation [0][   20/   40]   Loss 0.328224   Top1 90.957031   Top5 99.687500   BatchTime 0.052555   
2022-10-20 19:02:06,129 - INFO  - Validation [0][   40/   40]   Loss 0.322034   Top1 90.950000   Top5 99.690000   BatchTime 0.038850   
2022-10-20 19:02:06,201 - INFO  - ==> Top1: 90.950    Top5: 99.690    Loss: 0.322

2022-10-20 19:02:06,201 - INFO  - Validation: 10000 samples (256 per mini-batch)
