2022-10-28 08:06:00,879 - INFO  - Log file for this run: /home/ilena7440/LSQFakeQuant/out/88_20221028-080600/88_20221028-080600.log
2022-10-28 08:06:02,616 - INFO  - Dataset `cifar10` size:
          Training Set = 50000 (196)
        Validation Set = 10000 (40)
              Test Set = 10000 (40)
2022-10-28 08:06:02,669 - INFO  - Created `resnet20` model
          Use pre-trained model = True
2022-10-28 08:06:02,833 - INFO  - Optimizer: SGD (
           Parameter Group 0
               dampening: 0
               foreach: None
               lr: 0.001
               maximize: False
               momentum: 0.9
               nesterov: False
               weight_decay: 0.0001
           )
2022-10-28 08:06:02,834 - INFO  - LR scheduler: `MultiStepLr`
    Update per batch: True
             Group 0: 0.001

2022-10-28 08:06:04,083 - INFO  - >>>>>> Epoch -1 (pre-trained model evaluation)
2022-10-28 08:06:04,083 - INFO  - Validation: 10000 samples (256 per mini-batch)
2022-10-28 08:06:06,981 - INFO  - Validation [   20/   40]   Loss 3047.717822   Top1 12.753906   Top5 57.070312   BatchTime 0.144863   
2022-10-28 08:06:08,628 - INFO  - Validation [   40/   40]   Loss 3031.409704   Top1 12.670000   Top5 56.460000   BatchTime 0.113611   
2022-10-28 08:06:08,693 - INFO  - ==> Top1: 12.670    Top5: 56.460    Loss: 3031.410

2022-10-28 08:06:08,694 - INFO  - Scoreboard best 1 ==> Epoch [-1][Top1: 12.670   Top5: 56.460]
2022-10-28 08:06:08,694 - INFO  - >>>>>> Epoch   0
2022-10-28 08:06:08,694 - INFO  - Training: 50000 samples (256 per mini-batch)
2022-10-28 08:06:10,952 - INFO  - Training [0][   20/  196]   Loss 1.065189   Top1 71.425781   Top5 96.875000   BatchTime 0.112878   LR 0.001000   
2022-10-28 08:06:12,653 - INFO  - Training [0][   40/  196]   Loss 0.829879   Top1 76.552734   Top5 97.978516   BatchTime 0.098968   LR 0.001000   
2022-10-28 08:06:14,355 - INFO  - Training [0][   60/  196]   Loss 0.722805   Top1 79.212240   Top5 98.391927   BatchTime 0.094335   LR 0.001000   
2022-10-28 08:06:16,057 - INFO  - Training [0][   80/  196]   Loss 0.654193   Top1 80.688477   Top5 98.637695   BatchTime 0.092033   LR 0.001000   
2022-10-28 08:06:17,770 - INFO  - Training [0][  100/  196]   Loss 0.603787   Top1 81.867188   Top5 98.816406   BatchTime 0.090756   LR 0.001000   
2022-10-28 08:06:19,479 - INFO  - Training [0][  120/  196]   Loss 0.566695   Top1 82.734375   Top5 98.916016   BatchTime 0.089871   LR 0.001000   
2022-10-28 08:06:21,181 - INFO  - Training [0][  140/  196]   Loss 0.536111   Top1 83.493304   Top5 99.029018   BatchTime 0.089185   LR 0.001000   
2022-10-28 08:06:22,881 - INFO  - Training [0][  160/  196]   Loss 0.512653   Top1 84.038086   Top5 99.118652   BatchTime 0.088667   LR 0.001000   
2022-10-28 08:06:24,565 - INFO  - Training [0][  180/  196]   Loss 0.492016   Top1 84.563802   Top5 99.186198   BatchTime 0.088168   LR 0.001000   
2022-10-28 08:06:25,953 - INFO  - ==> Top1: 84.882    Top5: 99.218    Loss: 0.480

