2022-10-20 18:46:21,055 - INFO  - Log file for this run: /home/ilena7440/LSQFakeQuant/out/88_20221020-184621/88_20221020-184621.log
2022-10-20 18:46:22,239 - INFO  - Dataset `cifar10` size:
          Training Set = 50000 (196)
        Validation Set = 10000 (40)
              Test Set = 10000 (40)
2022-10-20 18:46:22,274 - INFO  - Created `resnet20` model
          Use pre-trained model = True
2022-10-20 18:46:22,406 - INFO  - Optimizer: SGD (
           Parameter Group 0
               dampening: 0
               foreach: None
               lr: 0.001
               maximize: False
               momentum: 0.9
               nesterov: False
               weight_decay: 0.0001
           )
2022-10-20 18:46:22,406 - INFO  - LR scheduler: `MultiStepLr`
    Update per batch: True
             Group 0: 0.001

2022-10-20 18:46:23,556 - INFO  - >>>>>> Epoch -1 (pre-trained model evaluation)
2022-10-20 18:46:23,557 - INFO  - Validation: 10000 samples (256 per mini-batch)
2022-10-20 18:46:24,906 - INFO  - Validation [   20/   40]   Loss 2.510285   Top1 39.062500   Top5 86.074219   BatchTime 0.067428   
2022-10-20 18:46:25,517 - INFO  - Validation [   40/   40]   Loss 2.556888   Top1 38.200000   Top5 86.180000   BatchTime 0.049004   
2022-10-20 18:46:25,579 - INFO  - ==> Top1: 38.200    Top5: 86.180    Loss: 2.557

2022-10-20 18:46:25,579 - INFO  - Scoreboard best 1 ==> Epoch [-1][Top1: 38.200   Top5: 86.180]
2022-10-20 18:46:25,579 - INFO  - >>>>>> Epoch   0
2022-10-20 18:46:25,579 - INFO  - Training: 50000 samples (256 per mini-batch)
2022-10-20 18:46:27,603 - INFO  - Training [0][   20/  196]   Loss 0.262792   Top1 91.855469   Top5 99.589844   BatchTime 0.101162   LR 0.001000   
2022-10-20 18:46:29,070 - INFO  - Training [0][   40/  196]   Loss 0.192372   Top1 93.710938   Top5 99.785156   BatchTime 0.087249   LR 0.001000   
