2022-11-01 11:15:59,319 - INFO  - Log file for this run: /home/ilena7440/LSQ_FakeQuant/out/88_20221101-111559/88_20221101-111559.log
2022-11-01 11:16:00,553 - INFO  - Dataset `cifar10` size:
          Training Set = 50000 (196)
        Validation Set = 10000 (40)
              Test Set = 10000 (40)
2022-11-01 11:16:00,645 - INFO  - Created `mobilenetv2` model
          Use pre-trained model = True
2022-11-01 11:16:01,313 - INFO  - Optimizer: SGD (
           Parameter Group 0
               dampening: 0
               foreach: None
               lr: 0.001
               maximize: False
               momentum: 0.9
               nesterov: False
               weight_decay: 0.0001
           )
2022-11-01 11:16:01,313 - INFO  - LR scheduler: `MultiStepLr`
    Update per batch: True
             Group 0: 0.001

2022-11-01 11:16:02,387 - INFO  - >>>>>> Epoch -1 (pre-trained model evaluation)
2022-11-01 11:16:02,387 - INFO  - Validation: 10000 samples (256 per mini-batch)
2022-11-01 11:16:06,009 - INFO  - Validation [   20/   40]   Loss nan   Top1 10.078125   Top5 50.019531   BatchTime 0.180993   
2022-11-01 11:16:07,347 - INFO  - Validation [   40/   40]   Loss nan   Top1 10.000000   Top5 50.000000   BatchTime 0.123960   
2022-11-01 11:16:07,439 - INFO  - ==> Top1: 10.000    Top5: 50.000    Loss: nan

2022-11-01 11:16:07,439 - INFO  - ==> Sparsity : 0.059

2022-11-01 11:16:07,485 - INFO  - Scoreboard best 1 ==> Epoch [-1][Top1: 10.000   Top5: 50.000]
2022-11-01 11:16:07,485 - INFO  - >>>>>> Epoch   0
2022-11-01 11:16:07,486 - INFO  - Training: 50000 samples (256 per mini-batch)
2022-11-01 11:16:11,289 - INFO  - Training [0][   20/  196]   Loss 20.561722   Top1 0.058594   Top5 0.859375   BatchTime 0.190056   LR 0.001000   
2022-11-01 11:16:14,318 - INFO  - Training [0][   40/  196]   Loss 18.961504   Top1 0.683594   Top5 3.125000   BatchTime 0.170750   LR 0.001000   
2022-11-01 11:16:17,267 - INFO  - Training [0][   60/  196]   Loss 18.084532   Top1 1.549479   Top5 6.888021   BatchTime 0.162979   LR 0.001000   
2022-11-01 11:16:20,297 - INFO  - Training [0][   80/  196]   Loss 17.487444   Top1 2.744141   Top5 11.499023   BatchTime 0.160107   LR 0.001000   
2022-11-01 11:16:23,252 - INFO  - Training [0][  100/  196]   Loss 17.016216   Top1 3.863281   Top5 16.242188   BatchTime 0.157633   LR 0.001000   
2022-11-01 11:16:26,202 - INFO  - Training [0][  120/  196]   Loss 16.602353   Top1 5.143229   Top5 21.302083   BatchTime 0.155947   LR 0.001000   
2022-11-01 11:16:29,141 - INFO  - Training [0][  140/  196]   Loss 16.256423   Top1 6.261161   Top5 25.878906   BatchTime 0.154659   LR 0.001000   
2022-11-01 11:16:32,051 - INFO  - Training [0][  160/  196]   Loss 15.953812   Top1 7.348633   Top5 29.853516   BatchTime 0.153514   LR 0.001000   
2022-11-01 11:16:34,905 - INFO  - Training [0][  180/  196]   Loss 15.687991   Top1 8.257378   Top5 33.324653   BatchTime 0.152310   LR 0.001000   
2022-11-01 11:16:37,264 - INFO  - ==> Top1: 9.008    Top5: 35.938    Loss: 15.498

