2022-10-27 18:54:21,605 - INFO  - Log file for this run: /home/ilena7440/LSQFakeQuant/out/88_20221027-185421/88_20221027-185421.log
2022-10-27 18:54:23,110 - INFO  - Dataset `cifar10` size:
          Training Set = 50000 (196)
        Validation Set = 10000 (40)
              Test Set = 10000 (40)
2022-10-27 18:54:23,145 - INFO  - Created `resnet20` model
          Use pre-trained model = True
2022-10-27 18:54:23,316 - INFO  - Optimizer: SGD (
           Parameter Group 0
               dampening: 0
               foreach: None
               lr: 0.001
               maximize: False
               momentum: 0.9
               nesterov: False
               weight_decay: 0.0001
           )
2022-10-27 18:54:23,317 - INFO  - LR scheduler: `MultiStepLr`
    Update per batch: True
             Group 0: 0.001

2022-10-27 18:54:24,566 - INFO  - >>>>>> Epoch -1 (pre-trained model evaluation)
2022-10-27 18:54:24,566 - INFO  - Validation: 10000 samples (256 per mini-batch)
2022-10-27 18:54:27,583 - INFO  - Validation [   20/   40]   Loss 2.361103   Top1 9.882812   Top5 49.550781   BatchTime 0.149532   
2022-10-27 18:54:29,152 - INFO  - Validation [   40/   40]   Loss 2.357585   Top1 10.000000   Top5 49.830000   BatchTime 0.113995   
2022-10-27 18:54:29,219 - INFO  - ==> Top1: 10.000    Top5: 49.830    Loss: 2.358

2022-10-27 18:54:29,219 - INFO  - Scoreboard best 1 ==> Epoch [-1][Top1: 10.000   Top5: 49.830]
2022-10-27 18:54:29,219 - INFO  - >>>>>> Epoch   0
2022-10-27 18:54:29,219 - INFO  - Training: 50000 samples (256 per mini-batch)
