2022-10-28 11:13:12,670 - INFO  - Log file for this run: /home/ilena7440/LSQFakeQuant/out/88_20221028-111312/88_20221028-111312.log
2022-10-28 11:13:15,810 - INFO  - Dataset `imagenet` size:
          Training Set = 1281167 (5005)
        Validation Set = 50000 (196)
              Test Set = 50000 (196)
2022-10-28 11:13:15,899 - INFO  - Created `mobilenetv2` model
          Use pre-trained model = True
2022-10-28 11:13:15,916 - INFO  - Optimizer: SGD (
           Parameter Group 0
               dampening: 0
               foreach: None
               lr: 0.001
               maximize: False
               momentum: 0.9
               nesterov: False
               weight_decay: 0.0001
           )
2022-10-28 11:13:15,916 - INFO  - LR scheduler: `MultiStepLr`
    Update per batch: True
             Group 0: 0.001

2022-10-28 11:13:17,329 - INFO  - >>>>>> Epoch -1 (pre-trained model evaluation)
2022-10-28 11:13:17,329 - INFO  - Validation: 50000 samples (256 per mini-batch)
2022-10-28 11:13:28,949 - INFO  - Validation [   20/  196]   Loss 3.417034   Top1 53.281250   Top5 76.347656   BatchTime 0.580944   
2022-10-28 11:13:32,904 - INFO  - Validation [   40/  196]   Loss 3.450824   Top1 51.103516   Top5 75.732422   BatchTime 0.389357   
2022-10-28 11:13:37,102 - INFO  - Validation [   60/  196]   Loss 3.427855   Top1 52.350260   Top5 77.402344   BatchTime 0.329524   
2022-10-28 11:13:41,332 - INFO  - Validation [   80/  196]   Loss 3.371840   Top1 52.949219   Top5 77.729492   BatchTime 0.300029   
2022-10-28 11:13:45,563 - INFO  - Validation [  100/  196]   Loss 3.478920   Top1 51.070312   Top5 76.042969   BatchTime 0.282327   
2022-10-28 11:13:49,785 - INFO  - Validation [  120/  196]   Loss 3.545000   Top1 49.967448   Top5 74.873047   BatchTime 0.270459   
2022-10-28 11:13:54,022 - INFO  - Validation [  140/  196]   Loss 3.604976   Top1 48.828125   Top5 73.741629   BatchTime 0.262085   
2022-10-28 11:13:58,289 - INFO  - Validation [  160/  196]   Loss 3.651159   Top1 47.773438   Top5 72.766113   BatchTime 0.255994   
2022-10-28 11:14:02,190 - INFO  - Validation [  180/  196]   Loss 3.682561   Top1 46.983507   Top5 72.233073   BatchTime 0.249219   
2022-10-28 11:14:05,228 - INFO  - ==> Top1: 47.090    Top5: 72.380    Loss: 3.688

2022-10-28 11:14:05,228 - INFO  - Scoreboard best 1 ==> Epoch [-1][Top1: 47.090   Top5: 72.380]
2022-10-28 11:14:05,228 - INFO  - >>>>>> Epoch   0
2022-10-28 11:14:05,228 - INFO  - Training: 1281167 samples (256 per mini-batch)
