2022-11-01 12:26:06,146 - INFO  - Log file for this run: /home/ilena7440/LSQ_FakeQuant/out/88_20221101-122606/88_20221101-122606.log
2022-11-01 12:26:07,369 - INFO  - Dataset `cifar10` size:
          Training Set = 50000 (196)
        Validation Set = 10000 (40)
              Test Set = 10000 (40)
2022-11-01 12:26:07,468 - INFO  - Created `mobilenetv2` model
          Use pre-trained model = True
2022-11-01 12:26:08,122 - INFO  - Optimizer: SGD (
           Parameter Group 0
               dampening: 0
               foreach: None
               lr: 0.001
               maximize: False
               momentum: 0.9
               nesterov: False
               weight_decay: 0.0001
           )
2022-11-01 12:26:08,122 - INFO  - LR scheduler: `MultiStepLr`
    Update per batch: True
             Group 0: 0.001

2022-11-01 12:26:09,266 - INFO  - >>>>>> Epoch -1 (pre-trained model evaluation)
2022-11-01 12:26:09,266 - INFO  - Validation: 10000 samples (256 per mini-batch)
2022-11-01 12:26:12,993 - INFO  - Validation [   20/   40]   Loss nan   Top1 10.078125   Top5 50.019531   BatchTime 0.183978   
2022-11-01 12:26:14,346 - INFO  - Validation [   40/   40]   Loss nan   Top1 10.000000   Top5 50.000000   BatchTime 0.125825   
2022-11-01 12:26:14,440 - INFO  - ==> Top1: 10.000    Top5: 50.000    Loss: nan

2022-11-01 12:26:14,440 - INFO  - ==> Sparsity : 0.059

2022-11-01 12:26:14,440 - INFO  - Scoreboard best 1 ==> Epoch [-1][Top1: 10.000   Top5: 50.000]
2022-11-01 12:26:14,440 - INFO  - >>>>>> Epoch   0
2022-11-01 12:26:14,441 - INFO  - Training: 50000 samples (256 per mini-batch)
2022-11-01 12:26:18,187 - INFO  - Training [0][   20/  196]   Loss 20.570028   Top1 0.234375   Top5 0.800781   BatchTime 0.187101   LR 0.001000   
2022-11-01 12:26:21,023 - INFO  - Training [0][   40/  196]   Loss 18.961798   Top1 0.771484   Top5 3.251953   BatchTime 0.164447   LR 0.001000   
2022-11-01 12:26:23,911 - INFO  - Training [0][   60/  196]   Loss 18.023057   Top1 1.738281   Top5 7.845052   BatchTime 0.157759   LR 0.001000   
2022-11-01 12:26:26,765 - INFO  - Training [0][   80/  196]   Loss 17.394109   Top1 3.051758   Top5 12.954102   BatchTime 0.153993   LR 0.001000   
2022-11-01 12:26:29,668 - INFO  - Training [0][  100/  196]   Loss 16.904694   Top1 4.453125   Top5 18.214844   BatchTime 0.152229   LR 0.001000   
2022-11-01 12:26:32,551 - INFO  - Training [0][  120/  196]   Loss 16.487488   Top1 5.781250   Top5 23.258464   BatchTime 0.150881   LR 0.001000   
2022-11-01 12:26:35,412 - INFO  - Training [0][  140/  196]   Loss 16.130698   Top1 7.128906   Top5 28.021763   BatchTime 0.149761   LR 0.001000   
2022-11-01 12:26:38,280 - INFO  - Training [0][  160/  196]   Loss 15.828991   Top1 8.193359   Top5 32.021484   BatchTime 0.148964   LR 0.001000   
2022-11-01 12:26:41,095 - INFO  - Training [0][  180/  196]   Loss 15.559271   Top1 9.105903   Top5 35.692274   BatchTime 0.148055   LR 0.001000   
2022-11-01 12:26:43,420 - INFO  - ==> Top1: 9.804    Top5: 38.192    Loss: 15.377

2022-11-01 12:26:43,518 - INFO  - Created `mobilenetv2` model
          Use pre-trained model = False
2022-11-01 12:26:44,415 - INFO  - Validation: 10000 samples (256 per mini-batch)
2022-11-01 12:26:48,269 - INFO  - Validation [0][   20/   40]   Loss 3.200803   Top1 18.671875   Top5 67.441406   BatchTime 0.192636   
2022-11-01 12:26:51,131 - INFO  - Validation [0][   40/   40]   Loss 3.205183   Top1 18.610000   Top5 67.730000   BatchTime 0.167855   
2022-11-01 12:26:51,269 - INFO  - ==> Top1: 18.610    Top5: 67.730    Loss: 3.205

2022-11-01 12:26:51,269 - INFO  - ==> Sparsity : 0.107

2022-11-01 12:26:51,304 - INFO  - Validation: 10000 samples (256 per mini-batch)
2022-11-01 12:26:52,631 - INFO  - Validation [0][   20/   40]   Loss 3.274740   Top1 18.320312   Top5 66.386719   BatchTime 0.066274   
2022-11-01 12:26:53,001 - INFO  - Validation [0][   40/   40]   Loss 3.293674   Top1 18.210000   Top5 66.260000   BatchTime 0.042387   
