2022-10-28 11:21:11,629 - INFO  - Log file for this run: /home/ilena7440/LSQFakeQuant/out/88_20221028-112111/88_20221028-112111.log
2022-10-28 11:21:14,739 - INFO  - Dataset `imagenet` size:
          Training Set = 1281167 (5005)
        Validation Set = 50000 (196)
              Test Set = 50000 (196)
2022-10-28 11:21:14,828 - INFO  - Created `mobilenetv2` model
          Use pre-trained model = True
2022-10-28 11:21:14,845 - INFO  - Optimizer: SGD (
           Parameter Group 0
               dampening: 0
               foreach: None
               lr: 0.001
               maximize: False
               momentum: 0.9
               nesterov: False
               weight_decay: 0.0001
           )
2022-10-28 11:21:14,845 - INFO  - LR scheduler: `MultiStepLr`
    Update per batch: True
             Group 0: 0.001

2022-10-28 11:21:16,195 - INFO  - >>>>>> Epoch -1 (pre-trained model evaluation)
2022-10-28 11:21:16,195 - INFO  - Validation: 50000 samples (256 per mini-batch)
2022-10-28 11:21:28,541 - INFO  - Validation [   20/  196]   Loss 3.416573   Top1 53.203125   Top5 76.308594   BatchTime 0.617243   
2022-10-28 11:21:32,755 - INFO  - Validation [   40/  196]   Loss 3.450254   Top1 51.005859   Top5 75.703125   BatchTime 0.413967   
2022-10-28 11:21:36,939 - INFO  - Validation [   60/  196]   Loss 3.428089   Top1 52.239583   Top5 77.363281   BatchTime 0.345708   
2022-10-28 11:21:41,253 - INFO  - Validation [   80/  196]   Loss 3.371854   Top1 52.871094   Top5 77.714844   BatchTime 0.313212   
2022-10-28 11:21:45,485 - INFO  - Validation [  100/  196]   Loss 3.478454   Top1 51.039062   Top5 76.042969   BatchTime 0.292888   
2022-10-28 11:21:49,644 - INFO  - Validation [  120/  196]   Loss 3.544274   Top1 49.964193   Top5 74.873047   BatchTime 0.278729   
2022-10-28 11:21:54,077 - INFO  - Validation [  140/  196]   Loss 3.604071   Top1 48.822545   Top5 73.747210   BatchTime 0.270573   
2022-10-28 11:21:57,929 - INFO  - Validation [  160/  196]   Loss 3.650256   Top1 47.775879   Top5 72.763672   BatchTime 0.260828   
2022-10-28 11:22:01,128 - INFO  - Validation [  180/  196]   Loss 3.681498   Top1 46.987847   Top5 72.217882   BatchTime 0.249620   
2022-10-28 11:22:03,262 - INFO  - ==> Top1: 47.098    Top5: 72.358    Loss: 3.686

2022-10-28 11:22:03,262 - INFO  - Scoreboard best 1 ==> Epoch [-1][Top1: 47.098   Top5: 72.358]
2022-10-28 11:22:03,263 - INFO  - >>>>>> Epoch   0
2022-10-28 11:22:03,263 - INFO  - Training: 1281167 samples (256 per mini-batch)
2022-10-28 11:22:15,357 - INFO  - Training [0][   20/ 5005]   Loss 1.310199   Top1 69.296875   Top5 87.773438   BatchTime 0.604634   LR 0.001000   
2022-10-28 11:22:22,988 - INFO  - Training [0][   40/ 5005]   Loss 1.276407   Top1 69.746094   Top5 88.398438   BatchTime 0.493111   LR 0.001000   
2022-10-28 11:22:30,573 - INFO  - Training [0][   60/ 5005]   Loss 1.278163   Top1 69.661458   Top5 88.326823   BatchTime 0.455143   LR 0.001000   
2022-10-28 11:22:38,178 - INFO  - Training [0][   80/ 5005]   Loss 1.283078   Top1 69.604492   Top5 88.315430   BatchTime 0.436427   LR 0.001000   
2022-10-28 11:22:45,776 - INFO  - Training [0][  100/ 5005]   Loss 1.282052   Top1 69.648438   Top5 88.285156   BatchTime 0.425120   LR 0.001000   
2022-10-28 11:22:53,331 - INFO  - Training [0][  120/ 5005]   Loss 1.279092   Top1 69.768880   Top5 88.297526   BatchTime 0.417222   LR 0.001000   
2022-10-28 11:23:00,907 - INFO  - Training [0][  140/ 5005]   Loss 1.278552   Top1 69.824219   Top5 88.205915   BatchTime 0.411735   LR 0.001000   
2022-10-28 11:23:08,521 - INFO  - Training [0][  160/ 5005]   Loss 1.269462   Top1 69.912109   Top5 88.344727   BatchTime 0.407852   LR 0.001000   
2022-10-28 11:23:16,100 - INFO  - Training [0][  180/ 5005]   Loss 1.263544   Top1 69.984809   Top5 88.415799   BatchTime 0.404643   LR 0.001000   
2022-10-28 11:23:23,732 - INFO  - Training [0][  200/ 5005]   Loss 1.260515   Top1 70.064453   Top5 88.453125   BatchTime 0.402338   LR 0.001000   
2022-10-28 11:23:31,331 - INFO  - Training [0][  220/ 5005]   Loss 1.259730   Top1 70.076349   Top5 88.442827   BatchTime 0.400303   LR 0.001000   
2022-10-28 11:23:38,919 - INFO  - Training [0][  240/ 5005]   Loss 1.257076   Top1 70.177409   Top5 88.448893   BatchTime 0.398561   LR 0.001000   
2022-10-28 11:23:46,531 - INFO  - Training [0][  260/ 5005]   Loss 1.252382   Top1 70.277945   Top5 88.524639   BatchTime 0.397179   LR 0.001000   
2022-10-28 11:23:54,089 - INFO  - Training [0][  280/ 5005]   Loss 1.247280   Top1 70.380859   Top5 88.582589   BatchTime 0.395800   LR 0.001000   
2022-10-28 11:24:01,732 - INFO  - Training [0][  300/ 5005]   Loss 1.244627   Top1 70.404948   Top5 88.601562   BatchTime 0.394890   LR 0.001000   
2022-10-28 11:24:09,276 - INFO  - Training [0][  320/ 5005]   Loss 1.243075   Top1 70.411377   Top5 88.637695   BatchTime 0.393786   LR 0.001000   
2022-10-28 11:24:16,821 - INFO  - Training [0][  340/ 5005]   Loss 1.245490   Top1 70.358456   Top5 88.568474   BatchTime 0.392813   LR 0.001000   
2022-10-28 11:24:24,468 - INFO  - Training [0][  360/ 5005]   Loss 1.245183   Top1 70.353733   Top5 88.551432   BatchTime 0.392232   LR 0.001000   
2022-10-28 11:24:32,057 - INFO  - Training [0][  380/ 5005]   Loss 1.243917   Top1 70.369038   Top5 88.556743   BatchTime 0.391556   LR 0.001000   
2022-10-28 11:24:39,680 - INFO  - Training [0][  400/ 5005]   Loss 1.245466   Top1 70.353516   Top5 88.535156   BatchTime 0.391036   LR 0.001000   
2022-10-28 11:24:47,228 - INFO  - Training [0][  420/ 5005]   Loss 1.243556   Top1 70.394345   Top5 88.571429   BatchTime 0.390388   LR 0.001000   
2022-10-28 11:24:54,807 - INFO  - Training [0][  440/ 5005]   Loss 1.242437   Top1 70.396839   Top5 88.573331   BatchTime 0.389868   LR 0.001000   
2022-10-28 11:25:02,428 - INFO  - Training [0][  460/ 5005]   Loss 1.242958   Top1 70.391474   Top5 88.580163   BatchTime 0.389483   LR 0.001000   
2022-10-28 11:25:09,993 - INFO  - Training [0][  480/ 5005]   Loss 1.242142   Top1 70.404460   Top5 88.579915   BatchTime 0.389016   LR 0.001000   
2022-10-28 11:25:17,614 - INFO  - Training [0][  500/ 5005]   Loss 1.242684   Top1 70.388281   Top5 88.564063   BatchTime 0.388697   LR 0.001000   
2022-10-28 11:25:25,204 - INFO  - Training [0][  520/ 5005]   Loss 1.243286   Top1 70.360577   Top5 88.544171   BatchTime 0.388344   LR 0.001000   
2022-10-28 11:25:32,751 - INFO  - Training [0][  540/ 5005]   Loss 1.241848   Top1 70.400029   Top5 88.554688   BatchTime 0.387936   LR 0.001000   
2022-10-28 11:25:40,394 - INFO  - Training [0][  560/ 5005]   Loss 1.239875   Top1 70.440848   Top5 88.566546   BatchTime 0.387729   LR 0.001000   
2022-10-28 11:25:47,948 - INFO  - Training [0][  580/ 5005]   Loss 1.239450   Top1 70.455954   Top5 88.565463   BatchTime 0.387383   LR 0.001000   
2022-10-28 11:25:55,564 - INFO  - Training [0][  600/ 5005]   Loss 1.237187   Top1 70.496745   Top5 88.578125   BatchTime 0.387163   LR 0.001000   
2022-10-28 11:26:03,123 - INFO  - Training [0][  620/ 5005]   Loss 1.236706   Top1 70.519153   Top5 88.575479   BatchTime 0.386866   LR 0.001000   
2022-10-28 11:26:10,662 - INFO  - Training [0][  640/ 5005]   Loss 1.236986   Top1 70.504150   Top5 88.558350   BatchTime 0.386556   LR 0.001000   
2022-10-28 11:26:18,267 - INFO  - Training [0][  660/ 5005]   Loss 1.236826   Top1 70.531487   Top5 88.554096   BatchTime 0.386365   LR 0.001000   
2022-10-28 11:26:25,836 - INFO  - Training [0][  680/ 5005]   Loss 1.235828   Top1 70.552045   Top5 88.556411   BatchTime 0.386132   LR 0.001000   
2022-10-28 11:26:33,461 - INFO  - Training [0][  700/ 5005]   Loss 1.236062   Top1 70.535714   Top5 88.549665   BatchTime 0.385992   LR 0.001000   
2022-10-28 11:26:41,016 - INFO  - Training [0][  720/ 5005]   Loss 1.235151   Top1 70.562066   Top5 88.561740   BatchTime 0.385763   LR 0.001000   
2022-10-28 11:26:48,571 - INFO  - Training [0][  740/ 5005]   Loss 1.235015   Top1 70.565351   Top5 88.567884   BatchTime 0.385546   LR 0.001000   
2022-10-28 11:26:56,218 - INFO  - Training [0][  760/ 5005]   Loss 1.234323   Top1 70.583368   Top5 88.580387   BatchTime 0.385463   LR 0.001000   
2022-10-28 11:27:03,895 - INFO  - Training [0][  780/ 5005]   Loss 1.233328   Top1 70.610477   Top5 88.595753   BatchTime 0.385421   LR 0.001000   
2022-10-28 11:27:11,565 - INFO  - Training [0][  800/ 5005]   Loss 1.233705   Top1 70.608887   Top5 88.589355   BatchTime 0.385374   LR 0.001000   
2022-10-28 11:27:19,165 - INFO  - Training [0][  820/ 5005]   Loss 1.233892   Top1 70.593083   Top5 88.580888   BatchTime 0.385242   LR 0.001000   
2022-10-28 11:27:26,895 - INFO  - Training [0][  840/ 5005]   Loss 1.232335   Top1 70.616164   Top5 88.601190   BatchTime 0.385272   LR 0.001000   
2022-10-28 11:27:34,549 - INFO  - Training [0][  860/ 5005]   Loss 1.231927   Top1 70.609102   Top5 88.618732   BatchTime 0.385212   LR 0.001000   
2022-10-28 11:27:42,160 - INFO  - Training [0][  880/ 5005]   Loss 1.231433   Top1 70.609464   Top5 88.616832   BatchTime 0.385106   LR 0.001000   
2022-10-28 11:27:49,820 - INFO  - Training [0][  900/ 5005]   Loss 1.231535   Top1 70.602431   Top5 88.614149   BatchTime 0.385059   LR 0.001000   
2022-10-28 11:27:57,538 - INFO  - Training [0][  920/ 5005]   Loss 1.231885   Top1 70.591033   Top5 88.603940   BatchTime 0.385077   LR 0.001000   
2022-10-28 11:28:05,250 - INFO  - Training [0][  940/ 5005]   Loss 1.231040   Top1 70.598820   Top5 88.609541   BatchTime 0.385088   LR 0.001000   
2022-10-28 11:28:12,903 - INFO  - Training [0][  960/ 5005]   Loss 1.230066   Top1 70.609538   Top5 88.628743   BatchTime 0.385037   LR 0.001000   
2022-10-28 11:28:20,655 - INFO  - Training [0][  980/ 5005]   Loss 1.229893   Top1 70.624601   Top5 88.631218   BatchTime 0.385090   LR 0.001000   
2022-10-28 11:28:28,321 - INFO  - Training [0][ 1000/ 5005]   Loss 1.230275   Top1 70.615625   Top5 88.624609   BatchTime 0.385054   LR 0.001000   
2022-10-28 11:28:36,029 - INFO  - Training [0][ 1020/ 5005]   Loss 1.230082   Top1 70.621936   Top5 88.620175   BatchTime 0.385060   LR 0.001000   
2022-10-28 11:28:43,644 - INFO  - Training [0][ 1040/ 5005]   Loss 1.230485   Top1 70.621995   Top5 88.609901   BatchTime 0.384978   LR 0.001000   
2022-10-28 11:28:51,396 - INFO  - Training [0][ 1060/ 5005]   Loss 1.230517   Top1 70.627948   Top5 88.605542   BatchTime 0.385027   LR 0.001000   
2022-10-28 11:28:59,075 - INFO  - Training [0][ 1080/ 5005]   Loss 1.229971   Top1 70.636212   Top5 88.609664   BatchTime 0.385007   LR 0.001000   
2022-10-28 11:29:06,880 - INFO  - Training [0][ 1100/ 5005]   Loss 1.229620   Top1 70.636009   Top5 88.609375   BatchTime 0.385102   LR 0.001000   
2022-10-28 11:29:14,621 - INFO  - Training [0][ 1120/ 5005]   Loss 1.229389   Top1 70.648368   Top5 88.594448   BatchTime 0.385137   LR 0.001000   
2022-10-28 11:29:22,289 - INFO  - Training [0][ 1140/ 5005]   Loss 1.228826   Top1 70.662349   Top5 88.599232   BatchTime 0.385106   LR 0.001000   
2022-10-28 11:29:29,979 - INFO  - Training [0][ 1160/ 5005]   Loss 1.228955   Top1 70.660358   Top5 88.593413   BatchTime 0.385095   LR 0.001000   
2022-10-28 11:29:37,622 - INFO  - Training [0][ 1180/ 5005]   Loss 1.228440   Top1 70.656449   Top5 88.592426   BatchTime 0.385045   LR 0.001000   
2022-10-28 11:29:45,408 - INFO  - Training [0][ 1200/ 5005]   Loss 1.228460   Top1 70.656901   Top5 88.593099   BatchTime 0.385116   LR 0.001000   
2022-10-28 11:29:53,162 - INFO  - Training [0][ 1220/ 5005]   Loss 1.228394   Top1 70.646773   Top5 88.598553   BatchTime 0.385159   LR 0.001000   
2022-10-28 11:30:00,935 - INFO  - Training [0][ 1240/ 5005]   Loss 1.227123   Top1 70.673513   Top5 88.611391   BatchTime 0.385215   LR 0.001000   
2022-10-28 11:30:08,714 - INFO  - Training [0][ 1260/ 5005]   Loss 1.226941   Top1 70.689174   Top5 88.611421   BatchTime 0.385274   LR 0.001000   
2022-10-28 11:30:16,325 - INFO  - Training [0][ 1280/ 5005]   Loss 1.226899   Top1 70.681458   Top5 88.610229   BatchTime 0.385200   LR 0.001000   
2022-10-28 11:30:24,093 - INFO  - Training [0][ 1300/ 5005]   Loss 1.226798   Top1 70.679988   Top5 88.608774   BatchTime 0.385249   LR 0.001000   
2022-10-28 11:30:31,802 - INFO  - Training [0][ 1320/ 5005]   Loss 1.225877   Top1 70.694247   Top5 88.626894   BatchTime 0.385253   LR 0.001000   
2022-10-28 11:30:39,497 - INFO  - Training [0][ 1340/ 5005]   Loss 1.225763   Top1 70.695837   Top5 88.633687   BatchTime 0.385245   LR 0.001000   
2022-10-28 11:30:47,272 - INFO  - Training [0][ 1360/ 5005]   Loss 1.225469   Top1 70.703987   Top5 88.627642   BatchTime 0.385297   LR 0.001000   
2022-10-28 11:30:55,054 - INFO  - Training [0][ 1380/ 5005]   Loss 1.225077   Top1 70.718127   Top5 88.628284   BatchTime 0.385352   LR 0.001000   
2022-10-28 11:31:02,768 - INFO  - Training [0][ 1400/ 5005]   Loss 1.225019   Top1 70.723493   Top5 88.625558   BatchTime 0.385356   LR 0.001000   
2022-10-28 11:31:10,523 - INFO  - Training [0][ 1420/ 5005]   Loss 1.224637   Top1 70.725407   Top5 88.629236   BatchTime 0.385391   LR 0.001000   
2022-10-28 11:31:18,120 - INFO  - Training [0][ 1440/ 5005]   Loss 1.224539   Top1 70.729709   Top5 88.627116   BatchTime 0.385313   LR 0.001000   
2022-10-28 11:31:25,866 - INFO  - Training [0][ 1460/ 5005]   Loss 1.224648   Top1 70.729345   Top5 88.622110   BatchTime 0.385341   LR 0.001000   
2022-10-28 11:31:33,636 - INFO  - Training [0][ 1480/ 5005]   Loss 1.224052   Top1 70.741660   Top5 88.630701   BatchTime 0.385383   LR 0.001000   
2022-10-28 11:31:41,373 - INFO  - Training [0][ 1500/ 5005]   Loss 1.224354   Top1 70.743750   Top5 88.623958   BatchTime 0.385403   LR 0.001000   
2022-10-28 11:31:49,141 - INFO  - Training [0][ 1520/ 5005]   Loss 1.224131   Top1 70.747070   Top5 88.628187   BatchTime 0.385442   LR 0.001000   
2022-10-28 11:31:56,892 - INFO  - Training [0][ 1540/ 5005]   Loss 1.224912   Top1 70.725446   Top5 88.618608   BatchTime 0.385469   LR 0.001000   
2022-10-28 11:32:04,603 - INFO  - Training [0][ 1560/ 5005]   Loss 1.224825   Top1 70.726913   Top5 88.616787   BatchTime 0.385470   LR 0.001000   
2022-10-28 11:32:12,394 - INFO  - Training [0][ 1580/ 5005]   Loss 1.224806   Top1 70.728837   Top5 88.616495   BatchTime 0.385522   LR 0.001000   
2022-10-28 11:32:20,094 - INFO  - Training [0][ 1600/ 5005]   Loss 1.224945   Top1 70.725586   Top5 88.603516   BatchTime 0.385515   LR 0.001000   
2022-10-28 11:32:27,877 - INFO  - Training [0][ 1620/ 5005]   Loss 1.224400   Top1 70.727238   Top5 88.607735   BatchTime 0.385560   LR 0.001000   
2022-10-28 11:32:35,686 - INFO  - Training [0][ 1640/ 5005]   Loss 1.224218   Top1 70.724085   Top5 88.610899   BatchTime 0.385619   LR 0.001000   
2022-10-28 11:32:43,420 - INFO  - Training [0][ 1660/ 5005]   Loss 1.224575   Top1 70.722186   Top5 88.603633   BatchTime 0.385633   LR 0.001000   
2022-10-28 11:32:51,190 - INFO  - Training [0][ 1680/ 5005]   Loss 1.225042   Top1 70.713123   Top5 88.594913   BatchTime 0.385667   LR 0.001000   
2022-10-28 11:32:58,907 - INFO  - Training [0][ 1700/ 5005]   Loss 1.224990   Top1 70.713006   Top5 88.591912   BatchTime 0.385669   LR 0.001000   
2022-10-28 11:33:06,583 - INFO  - Training [0][ 1720/ 5005]   Loss 1.224824   Top1 70.725154   Top5 88.591025   BatchTime 0.385647   LR 0.001000   
2022-10-28 11:33:14,334 - INFO  - Training [0][ 1740/ 5005]   Loss 1.224660   Top1 70.725799   Top5 88.592852   BatchTime 0.385669   LR 0.001000   
2022-10-28 11:33:22,099 - INFO  - Training [0][ 1760/ 5005]   Loss 1.224704   Top1 70.715776   Top5 88.597079   BatchTime 0.385698   LR 0.001000   
2022-10-28 11:33:29,869 - INFO  - Training [0][ 1780/ 5005]   Loss 1.224847   Top1 70.710586   Top5 88.588483   BatchTime 0.385729   LR 0.001000   
2022-10-28 11:33:37,559 - INFO  - Training [0][ 1800/ 5005]   Loss 1.224771   Top1 70.713976   Top5 88.590278   BatchTime 0.385716   LR 0.001000   
2022-10-28 11:33:45,351 - INFO  - Training [0][ 1820/ 5005]   Loss 1.224717   Top1 70.713642   Top5 88.593965   BatchTime 0.385759   LR 0.001000   
2022-10-28 11:33:53,140 - INFO  - Training [0][ 1840/ 5005]   Loss 1.224351   Top1 70.723293   Top5 88.595873   BatchTime 0.385798   LR 0.001000   
2022-10-28 11:34:00,955 - INFO  - Training [0][ 1860/ 5005]   Loss 1.223852   Top1 70.728957   Top5 88.603201   BatchTime 0.385852   LR 0.001000   
2022-10-28 11:34:08,673 - INFO  - Training [0][ 1880/ 5005]   Loss 1.223437   Top1 70.736370   Top5 88.610372   BatchTime 0.385852   LR 0.001000   
2022-10-28 11:34:16,467 - INFO  - Training [0][ 1900/ 5005]   Loss 1.223078   Top1 70.739515   Top5 88.614309   BatchTime 0.385893   LR 0.001000   
2022-10-28 11:34:24,199 - INFO  - Training [0][ 1920/ 5005]   Loss 1.223312   Top1 70.745239   Top5 88.614705   BatchTime 0.385900   LR 0.001000   
2022-10-28 11:34:31,977 - INFO  - Training [0][ 1940/ 5005]   Loss 1.222808   Top1 70.753061   Top5 88.619120   BatchTime 0.385931   LR 0.001000   
2022-10-28 11:34:39,731 - INFO  - Training [0][ 1960/ 5005]   Loss 1.222488   Top1 70.757334   Top5 88.623047   BatchTime 0.385949   LR 0.001000   
2022-10-28 11:34:47,351 - INFO  - Training [0][ 1980/ 5005]   Loss 1.221966   Top1 70.763692   Top5 88.628275   BatchTime 0.385899   LR 0.001000   
2022-10-28 11:34:55,252 - INFO  - Training [0][ 2000/ 5005]   Loss 1.221739   Top1 70.765430   Top5 88.631250   BatchTime 0.385991   LR 0.001000   
2022-10-28 11:35:03,066 - INFO  - Training [0][ 2020/ 5005]   Loss 1.221791   Top1 70.764426   Top5 88.630299   BatchTime 0.386037   LR 0.001000   
2022-10-28 11:35:10,747 - INFO  - Training [0][ 2040/ 5005]   Loss 1.221382   Top1 70.766889   Top5 88.631472   BatchTime 0.386017   LR 0.001000   
2022-10-28 11:35:18,646 - INFO  - Training [0][ 2060/ 5005]   Loss 1.220973   Top1 70.778026   Top5 88.635846   BatchTime 0.386104   LR 0.001000   
2022-10-28 11:35:26,357 - INFO  - Training [0][ 2080/ 5005]   Loss 1.220731   Top1 70.780311   Top5 88.637320   BatchTime 0.386099   LR 0.001000   
2022-10-28 11:35:34,194 - INFO  - Training [0][ 2100/ 5005]   Loss 1.220742   Top1 70.783668   Top5 88.635789   BatchTime 0.386154   LR 0.001000   
2022-10-28 11:35:41,860 - INFO  - Training [0][ 2120/ 5005]   Loss 1.221161   Top1 70.780329   Top5 88.626916   BatchTime 0.386127   LR 0.001000   
2022-10-28 11:35:49,646 - INFO  - Training [0][ 2140/ 5005]   Loss 1.221148   Top1 70.782345   Top5 88.626789   BatchTime 0.386156   LR 0.001000   
2022-10-28 11:35:57,393 - INFO  - Training [0][ 2160/ 5005]   Loss 1.221063   Top1 70.786495   Top5 88.626845   BatchTime 0.386167   LR 0.001000   
2022-10-28 11:36:05,198 - INFO  - Training [0][ 2180/ 5005]   Loss 1.221394   Top1 70.776591   Top5 88.619374   BatchTime 0.386205   LR 0.001000   
2022-10-28 11:36:12,966 - INFO  - Training [0][ 2200/ 5005]   Loss 1.221165   Top1 70.781428   Top5 88.624290   BatchTime 0.386225   LR 0.001000   
2022-10-28 11:36:20,731 - INFO  - Training [0][ 2220/ 5005]   Loss 1.221296   Top1 70.782306   Top5 88.620320   BatchTime 0.386243   LR 0.001000   
2022-10-28 11:36:28,474 - INFO  - Training [0][ 2240/ 5005]   Loss 1.221038   Top1 70.787354   Top5 88.619036   BatchTime 0.386251   LR 0.001000   
2022-10-28 11:36:36,292 - INFO  - Training [0][ 2260/ 5005]   Loss 1.221224   Top1 70.788164   Top5 88.613454   BatchTime 0.386292   LR 0.001000   
2022-10-28 11:36:44,019 - INFO  - Training [0][ 2280/ 5005]   Loss 1.221126   Top1 70.791530   Top5 88.613795   BatchTime 0.386292   LR 0.001000   
2022-10-28 11:36:51,822 - INFO  - Training [0][ 2300/ 5005]   Loss 1.221093   Top1 70.797215   Top5 88.615659   BatchTime 0.386326   LR 0.001000   
2022-10-28 11:36:59,525 - INFO  - Training [0][ 2320/ 5005]   Loss 1.221117   Top1 70.796740   Top5 88.610756   BatchTime 0.386316   LR 0.001000   
2022-10-28 11:37:07,350 - INFO  - Training [0][ 2340/ 5005]   Loss 1.220739   Top1 70.804287   Top5 88.612947   BatchTime 0.386358   LR 0.001000   
2022-10-28 11:37:15,006 - INFO  - Training [0][ 2360/ 5005]   Loss 1.220661   Top1 70.805250   Top5 88.611461   BatchTime 0.386328   LR 0.001000   
2022-10-28 11:37:22,810 - INFO  - Training [0][ 2380/ 5005]   Loss 1.220731   Top1 70.801438   Top5 88.612461   BatchTime 0.386361   LR 0.001000   
2022-10-28 11:37:30,535 - INFO  - Training [0][ 2400/ 5005]   Loss 1.220899   Top1 70.801758   Top5 88.609863   BatchTime 0.386360   LR 0.001000   
2022-10-28 11:37:38,336 - INFO  - Training [0][ 2420/ 5005]   Loss 1.220475   Top1 70.809013   Top5 88.612151   BatchTime 0.386390   LR 0.001000   
2022-10-28 11:37:46,069 - INFO  - Training [0][ 2440/ 5005]   Loss 1.220585   Top1 70.801582   Top5 88.610079   BatchTime 0.386392   LR 0.001000   
2022-10-28 11:37:53,714 - INFO  - Training [0][ 2460/ 5005]   Loss 1.220611   Top1 70.805069   Top5 88.607406   BatchTime 0.386358   LR 0.001000   
2022-10-28 11:38:01,383 - INFO  - Training [0][ 2480/ 5005]   Loss 1.220170   Top1 70.816532   Top5 88.611391   BatchTime 0.386335   LR 0.001000   
2022-10-28 11:38:09,182 - INFO  - Training [0][ 2500/ 5005]   Loss 1.219918   Top1 70.827031   Top5 88.613594   BatchTime 0.386364   LR 0.001000   
2022-10-28 11:38:16,819 - INFO  - Training [0][ 2520/ 5005]   Loss 1.219462   Top1 70.835503   Top5 88.621807   BatchTime 0.386328   LR 0.001000   
2022-10-28 11:38:24,564 - INFO  - Training [0][ 2540/ 5005]   Loss 1.219719   Top1 70.832769   Top5 88.616665   BatchTime 0.386335   LR 0.001000   
2022-10-28 11:38:32,271 - INFO  - Training [0][ 2560/ 5005]   Loss 1.219322   Top1 70.839996   Top5 88.621826   BatchTime 0.386328   LR 0.001000   
2022-10-28 11:38:39,983 - INFO  - Training [0][ 2580/ 5005]   Loss 1.219343   Top1 70.844083   Top5 88.617218   BatchTime 0.386322   LR 0.001000   
2022-10-28 11:38:47,710 - INFO  - Training [0][ 2600/ 5005]   Loss 1.219491   Top1 70.844050   Top5 88.614183   BatchTime 0.386322   LR 0.001000   
2022-10-28 11:38:55,555 - INFO  - Training [0][ 2620/ 5005]   Loss 1.219218   Top1 70.845360   Top5 88.617158   BatchTime 0.386367   LR 0.001000   
2022-10-28 11:39:03,398 - INFO  - Training [0][ 2640/ 5005]   Loss 1.219413   Top1 70.843247   Top5 88.615057   BatchTime 0.386411   LR 0.001000   
2022-10-28 11:39:11,112 - INFO  - Training [0][ 2660/ 5005]   Loss 1.219056   Top1 70.845277   Top5 88.621505   BatchTime 0.386406   LR 0.001000   
2022-10-28 11:39:18,827 - INFO  - Training [0][ 2680/ 5005]   Loss 1.218996   Top1 70.848443   Top5 88.623193   BatchTime 0.386401   LR 0.001000   
2022-10-28 11:39:26,691 - INFO  - Training [0][ 2700/ 5005]   Loss 1.219276   Top1 70.841146   Top5 88.616898   BatchTime 0.386451   LR 0.001000   
2022-10-28 11:39:34,302 - INFO  - Training [0][ 2720/ 5005]   Loss 1.219575   Top1 70.831945   Top5 88.610840   BatchTime 0.386408   LR 0.001000   
2022-10-28 11:39:42,101 - INFO  - Training [0][ 2740/ 5005]   Loss 1.220071   Top1 70.822451   Top5 88.604300   BatchTime 0.386433   LR 0.001000   
2022-10-28 11:39:49,831 - INFO  - Training [0][ 2760/ 5005]   Loss 1.220540   Top1 70.807858   Top5 88.596298   BatchTime 0.386434   LR 0.001000   
2022-10-28 11:39:57,484 - INFO  - Training [0][ 2780/ 5005]   Loss 1.220235   Top1 70.819329   Top5 88.600354   BatchTime 0.386407   LR 0.001000   
2022-10-28 11:40:05,267 - INFO  - Training [0][ 2800/ 5005]   Loss 1.220130   Top1 70.820731   Top5 88.600725   BatchTime 0.386426   LR 0.001000   
2022-10-28 11:40:13,022 - INFO  - Training [0][ 2820/ 5005]   Loss 1.220224   Top1 70.820590   Top5 88.599152   BatchTime 0.386436   LR 0.001000   
2022-10-28 11:40:20,834 - INFO  - Training [0][ 2840/ 5005]   Loss 1.219908   Top1 70.825814   Top5 88.600765   BatchTime 0.386465   LR 0.001000   
2022-10-28 11:40:28,695 - INFO  - Training [0][ 2860/ 5005]   Loss 1.219999   Top1 70.823727   Top5 88.596482   BatchTime 0.386511   LR 0.001000   
2022-10-28 11:40:36,332 - INFO  - Training [0][ 2880/ 5005]   Loss 1.219902   Top1 70.825331   Top5 88.595649   BatchTime 0.386478   LR 0.001000   
2022-10-28 11:40:44,119 - INFO  - Training [0][ 2900/ 5005]   Loss 1.219690   Top1 70.828260   Top5 88.599003   BatchTime 0.386498   LR 0.001000   
2022-10-28 11:40:51,895 - INFO  - Training [0][ 2920/ 5005]   Loss 1.219532   Top1 70.836098   Top5 88.598833   BatchTime 0.386514   LR 0.001000   
2022-10-28 11:40:59,679 - INFO  - Training [0][ 2940/ 5005]   Loss 1.219398   Top1 70.841571   Top5 88.596673   BatchTime 0.386532   LR 0.001000   
2022-10-28 11:41:07,444 - INFO  - Training [0][ 2960/ 5005]   Loss 1.219797   Top1 70.835357   Top5 88.591639   BatchTime 0.386544   LR 0.001000   
2022-10-28 11:41:15,109 - INFO  - Training [0][ 2980/ 5005]   Loss 1.219563   Top1 70.844825   Top5 88.591391   BatchTime 0.386522   LR 0.001000   
2022-10-28 11:41:23,032 - INFO  - Training [0][ 3000/ 5005]   Loss 1.219578   Top1 70.845573   Top5 88.592187   BatchTime 0.386586   LR 0.001000   
2022-10-28 11:41:30,756 - INFO  - Training [0][ 3020/ 5005]   Loss 1.219415   Top1 70.847216   Top5 88.592586   BatchTime 0.386583   LR 0.001000   
2022-10-28 11:41:38,487 - INFO  - Training [0][ 3040/ 5005]   Loss 1.219325   Top1 70.848967   Top5 88.593108   BatchTime 0.386583   LR 0.001000   
2022-10-28 11:41:46,130 - INFO  - Training [0][ 3060/ 5005]   Loss 1.219438   Top1 70.841886   Top5 88.593495   BatchTime 0.386554   LR 0.001000   
2022-10-28 11:41:53,795 - INFO  - Training [0][ 3080/ 5005]   Loss 1.219305   Top1 70.846566   Top5 88.594638   BatchTime 0.386533   LR 0.001000   
2022-10-28 11:42:01,516 - INFO  - Training [0][ 3100/ 5005]   Loss 1.219034   Top1 70.848538   Top5 88.597404   BatchTime 0.386530   LR 0.001000   
2022-10-28 11:42:09,198 - INFO  - Training [0][ 3120/ 5005]   Loss 1.219101   Top1 70.847731   Top5 88.594000   BatchTime 0.386514   LR 0.001000   
2022-10-28 11:42:16,983 - INFO  - Training [0][ 3140/ 5005]   Loss 1.218824   Top1 70.855145   Top5 88.595492   BatchTime 0.386531   LR 0.001000   
2022-10-28 11:42:24,809 - INFO  - Training [0][ 3160/ 5005]   Loss 1.218849   Top1 70.855667   Top5 88.597088   BatchTime 0.386561   LR 0.001000   
2022-10-28 11:42:32,529 - INFO  - Training [0][ 3180/ 5005]   Loss 1.218551   Top1 70.861955   Top5 88.600629   BatchTime 0.386558   LR 0.001000   
2022-10-28 11:42:40,427 - INFO  - Training [0][ 3200/ 5005]   Loss 1.218599   Top1 70.863525   Top5 88.600220   BatchTime 0.386610   LR 0.001000   
2022-10-28 11:42:48,067 - INFO  - Training [0][ 3220/ 5005]   Loss 1.218932   Top1 70.858890   Top5 88.597147   BatchTime 0.386581   LR 0.001000   
2022-10-28 11:42:55,797 - INFO  - Training [0][ 3240/ 5005]   Loss 1.218904   Top1 70.858772   Top5 88.595800   BatchTime 0.386581   LR 0.001000   
2022-10-28 11:43:03,516 - INFO  - Training [0][ 3260/ 5005]   Loss 1.218567   Top1 70.862730   Top5 88.597345   BatchTime 0.386577   LR 0.001000   
2022-10-28 11:43:11,163 - INFO  - Training [0][ 3280/ 5005]   Loss 1.218478   Top1 70.863543   Top5 88.597561   BatchTime 0.386551   LR 0.001000   
2022-10-28 11:43:18,943 - INFO  - Training [0][ 3300/ 5005]   Loss 1.218782   Top1 70.855350   Top5 88.592211   BatchTime 0.386566   LR 0.001000   
2022-10-28 11:43:26,690 - INFO  - Training [0][ 3320/ 5005]   Loss 1.218626   Top1 70.859846   Top5 88.593632   BatchTime 0.386571   LR 0.001000   
2022-10-28 11:43:34,448 - INFO  - Training [0][ 3340/ 5005]   Loss 1.218724   Top1 70.862650   Top5 88.593048   BatchTime 0.386579   LR 0.001000   
2022-10-28 11:43:42,196 - INFO  - Training [0][ 3360/ 5005]   Loss 1.218624   Top1 70.860073   Top5 88.594331   BatchTime 0.386584   LR 0.001000   
2022-10-28 11:43:50,024 - INFO  - Training [0][ 3380/ 5005]   Loss 1.218518   Top1 70.861455   Top5 88.595484   BatchTime 0.386612   LR 0.001000   
2022-10-28 11:43:57,867 - INFO  - Training [0][ 3400/ 5005]   Loss 1.218180   Top1 70.875000   Top5 88.596967   BatchTime 0.386644   LR 0.001000   
2022-10-28 11:44:05,590 - INFO  - Training [0][ 3420/ 5005]   Loss 1.218349   Top1 70.874566   Top5 88.594321   BatchTime 0.386642   LR 0.001000   
2022-10-28 11:44:13,415 - INFO  - Training [0][ 3440/ 5005]   Loss 1.218340   Top1 70.869254   Top5 88.594545   BatchTime 0.386668   LR 0.001000   
2022-10-28 11:44:21,085 - INFO  - Training [0][ 3460/ 5005]   Loss 1.218253   Top1 70.872923   Top5 88.594992   BatchTime 0.386650   LR 0.001000   
2022-10-28 11:44:28,784 - INFO  - Training [0][ 3480/ 5005]   Loss 1.217890   Top1 70.883733   Top5 88.600709   BatchTime 0.386640   LR 0.001000   
2022-10-28 11:44:36,557 - INFO  - Training [0][ 3500/ 5005]   Loss 1.217709   Top1 70.886272   Top5 88.604241   BatchTime 0.386652   LR 0.001000   
2022-10-28 11:44:44,411 - INFO  - Training [0][ 3520/ 5005]   Loss 1.217626   Top1 70.886452   Top5 88.605402   BatchTime 0.386686   LR 0.001000   
2022-10-28 11:44:52,294 - INFO  - Training [0][ 3540/ 5005]   Loss 1.217637   Top1 70.887844   Top5 88.602578   BatchTime 0.386728   LR 0.001000   
2022-10-28 11:44:59,990 - INFO  - Training [0][ 3560/ 5005]   Loss 1.217614   Top1 70.889111   Top5 88.602418   BatchTime 0.386717   LR 0.001000   
2022-10-28 11:45:07,702 - INFO  - Training [0][ 3580/ 5005]   Loss 1.217536   Top1 70.890036   Top5 88.601606   BatchTime 0.386711   LR 0.001000   
2022-10-28 11:45:15,631 - INFO  - Training [0][ 3600/ 5005]   Loss 1.217328   Top1 70.894965   Top5 88.603190   BatchTime 0.386765   LR 0.001000   
2022-10-28 11:45:23,440 - INFO  - Training [0][ 3620/ 5005]   Loss 1.217284   Top1 70.895956   Top5 88.601951   BatchTime 0.386786   LR 0.001000   
2022-10-28 11:45:31,269 - INFO  - Training [0][ 3640/ 5005]   Loss 1.216996   Top1 70.900047   Top5 88.608881   BatchTime 0.386811   LR 0.001000   
2022-10-28 11:45:38,988 - INFO  - Training [0][ 3660/ 5005]   Loss 1.216999   Top1 70.903240   Top5 88.610827   BatchTime 0.386806   LR 0.001000   
2022-10-28 11:45:46,643 - INFO  - Training [0][ 3680/ 5005]   Loss 1.216823   Top1 70.903002   Top5 88.615404   BatchTime 0.386784   LR 0.001000   
2022-10-28 11:45:54,421 - INFO  - Training [0][ 3700/ 5005]   Loss 1.216746   Top1 70.908361   Top5 88.615076   BatchTime 0.386796   LR 0.001000   
2022-10-28 11:46:02,177 - INFO  - Training [0][ 3720/ 5005]   Loss 1.216808   Top1 70.908938   Top5 88.613596   BatchTime 0.386801   LR 0.001000   
2022-10-28 11:46:10,101 - INFO  - Training [0][ 3740/ 5005]   Loss 1.216690   Top1 70.910135   Top5 88.615788   BatchTime 0.386851   LR 0.001000   
2022-10-28 11:46:17,911 - INFO  - Training [0][ 3760/ 5005]   Loss 1.216463   Top1 70.920254   Top5 88.620450   BatchTime 0.386871   LR 0.001000   
2022-10-28 11:46:25,735 - INFO  - Training [0][ 3780/ 5005]   Loss 1.216251   Top1 70.927476   Top5 88.621032   BatchTime 0.386893   LR 0.001000   
2022-10-28 11:46:33,629 - INFO  - Training [0][ 3800/ 5005]   Loss 1.216336   Top1 70.924445   Top5 88.620888   BatchTime 0.386935   LR 0.001000   
2022-10-28 11:46:41,313 - INFO  - Training [0][ 3820/ 5005]   Loss 1.216343   Top1 70.927888   Top5 88.620848   BatchTime 0.386920   LR 0.001000   
2022-10-28 11:46:49,186 - INFO  - Training [0][ 3840/ 5005]   Loss 1.216433   Top1 70.922343   Top5 88.619080   BatchTime 0.386955   LR 0.001000   
2022-10-28 11:46:57,000 - INFO  - Training [0][ 3860/ 5005]   Loss 1.216182   Top1 70.925660   Top5 88.623502   BatchTime 0.386975   LR 0.001000   
2022-10-28 11:47:04,703 - INFO  - Training [0][ 3880/ 5005]   Loss 1.216104   Top1 70.923707   Top5 88.626873   BatchTime 0.386965   LR 0.001000   
2022-10-28 11:47:12,474 - INFO  - Training [0][ 3900/ 5005]   Loss 1.216155   Top1 70.923377   Top5 88.626202   BatchTime 0.386973   LR 0.001000   
2022-10-28 11:47:20,318 - INFO  - Training [0][ 3920/ 5005]   Loss 1.216284   Top1 70.919563   Top5 88.623744   BatchTime 0.387000   LR 0.001000   
2022-10-28 11:47:28,110 - INFO  - Training [0][ 3940/ 5005]   Loss 1.216192   Top1 70.919555   Top5 88.623295   BatchTime 0.387013   LR 0.001000   
2022-10-28 11:47:35,823 - INFO  - Training [0][ 3960/ 5005]   Loss 1.216109   Top1 70.923295   Top5 88.624033   BatchTime 0.387006   LR 0.001000   
2022-10-28 11:47:43,598 - INFO  - Training [0][ 3980/ 5005]   Loss 1.216034   Top1 70.926998   Top5 88.623489   BatchTime 0.387015   LR 0.001000   
2022-10-28 11:47:51,531 - INFO  - Training [0][ 4000/ 5005]   Loss 1.215977   Top1 70.926660   Top5 88.623633   BatchTime 0.387063   LR 0.001000   
2022-10-28 11:47:59,373 - INFO  - Training [0][ 4020/ 5005]   Loss 1.215888   Top1 70.929726   Top5 88.622998   BatchTime 0.387088   LR 0.001000   
2022-10-28 11:48:07,130 - INFO  - Training [0][ 4040/ 5005]   Loss 1.215704   Top1 70.933342   Top5 88.622563   BatchTime 0.387092   LR 0.001000   
2022-10-28 11:48:14,936 - INFO  - Training [0][ 4060/ 5005]   Loss 1.215285   Top1 70.943273   Top5 88.626366   BatchTime 0.387108   LR 0.001000   
2022-10-28 11:48:22,719 - INFO  - Training [0][ 4080/ 5005]   Loss 1.215120   Top1 70.944776   Top5 88.627451   BatchTime 0.387118   LR 0.001000   
2022-10-28 11:48:30,474 - INFO  - Training [0][ 4100/ 5005]   Loss 1.215227   Top1 70.942835   Top5 88.626620   BatchTime 0.387121   LR 0.001000   
2022-10-28 11:48:38,371 - INFO  - Training [0][ 4120/ 5005]   Loss 1.215181   Top1 70.941198   Top5 88.627977   BatchTime 0.387158   LR 0.001000   
2022-10-28 11:48:46,260 - INFO  - Training [0][ 4140/ 5005]   Loss 1.215154   Top1 70.937972   Top5 88.627717   BatchTime 0.387194   LR 0.001000   
2022-10-28 11:48:54,110 - INFO  - Training [0][ 4160/ 5005]   Loss 1.214996   Top1 70.941444   Top5 88.631028   BatchTime 0.387219   LR 0.001000   
2022-10-28 11:49:01,846 - INFO  - Training [0][ 4180/ 5005]   Loss 1.214697   Top1 70.943107   Top5 88.636364   BatchTime 0.387217   LR 0.001000   
2022-10-28 11:49:09,612 - INFO  - Training [0][ 4200/ 5005]   Loss 1.214627   Top1 70.944010   Top5 88.633929   BatchTime 0.387222   LR 0.001000   
2022-10-28 11:49:17,486 - INFO  - Training [0][ 4220/ 5005]   Loss 1.214537   Top1 70.946664   Top5 88.632627   BatchTime 0.387253   LR 0.001000   
2022-10-28 11:49:25,240 - INFO  - Training [0][ 4240/ 5005]   Loss 1.214412   Top1 70.948187   Top5 88.631891   BatchTime 0.387255   LR 0.001000   
2022-10-28 11:49:33,092 - INFO  - Training [0][ 4260/ 5005]   Loss 1.214250   Top1 70.950337   Top5 88.632904   BatchTime 0.387280   LR 0.001000   
2022-10-28 11:49:40,901 - INFO  - Training [0][ 4280/ 5005]   Loss 1.213985   Top1 70.957031   Top5 88.638471   BatchTime 0.387295   LR 0.001000   
2022-10-28 11:49:48,701 - INFO  - Training [0][ 4300/ 5005]   Loss 1.213948   Top1 70.956850   Top5 88.638081   BatchTime 0.387307   LR 0.001000   
2022-10-28 11:49:56,672 - INFO  - Training [0][ 4320/ 5005]   Loss 1.213977   Top1 70.957212   Top5 88.638509   BatchTime 0.387359   LR 0.001000   
2022-10-28 11:50:04,466 - INFO  - Training [0][ 4340/ 5005]   Loss 1.213860   Top1 70.959371   Top5 88.641003   BatchTime 0.387370   LR 0.001000   
2022-10-28 11:50:12,293 - INFO  - Training [0][ 4360/ 5005]   Loss 1.213834   Top1 70.960077   Top5 88.639890   BatchTime 0.387388   LR 0.001000   
2022-10-28 11:50:20,039 - INFO  - Training [0][ 4380/ 5005]   Loss 1.213850   Top1 70.957923   Top5 88.638253   BatchTime 0.387388   LR 0.001000   
2022-10-28 11:50:27,930 - INFO  - Training [0][ 4400/ 5005]   Loss 1.213591   Top1 70.963867   Top5 88.641246   BatchTime 0.387421   LR 0.001000   
2022-10-28 11:50:35,743 - INFO  - Training [0][ 4420/ 5005]   Loss 1.213601   Top1 70.964367   Top5 88.643683   BatchTime 0.387435   LR 0.001000   
2022-10-28 11:50:43,496 - INFO  - Training [0][ 4440/ 5005]   Loss 1.213450   Top1 70.965125   Top5 88.645745   BatchTime 0.387436   LR 0.001000   
2022-10-28 11:50:51,300 - INFO  - Training [0][ 4460/ 5005]   Loss 1.213320   Top1 70.966841   Top5 88.648490   BatchTime 0.387449   LR 0.001000   
2022-10-28 11:50:59,062 - INFO  - Training [0][ 4480/ 5005]   Loss 1.213513   Top1 70.965925   Top5 88.643276   BatchTime 0.387451   LR 0.001000   
2022-10-28 11:51:06,845 - INFO  - Training [0][ 4500/ 5005]   Loss 1.213655   Top1 70.963455   Top5 88.639497   BatchTime 0.387459   LR 0.001000   
2022-10-28 11:51:14,647 - INFO  - Training [0][ 4520/ 5005]   Loss 1.213789   Top1 70.959797   Top5 88.638948   BatchTime 0.387471   LR 0.001000   
2022-10-28 11:51:22,479 - INFO  - Training [0][ 4540/ 5005]   Loss 1.213868   Top1 70.958494   Top5 88.635222   BatchTime 0.387489   LR 0.001000   
2022-10-28 11:51:30,303 - INFO  - Training [0][ 4560/ 5005]   Loss 1.213847   Top1 70.959601   Top5 88.634440   BatchTime 0.387505   LR 0.001000   
2022-10-28 11:51:38,140 - INFO  - Training [0][ 4580/ 5005]   Loss 1.213864   Top1 70.958822   Top5 88.632130   BatchTime 0.387524   LR 0.001000   
2022-10-28 11:51:45,952 - INFO  - Training [0][ 4600/ 5005]   Loss 1.213521   Top1 70.969175   Top5 88.635360   BatchTime 0.387537   LR 0.001000   
2022-10-28 11:51:53,709 - INFO  - Training [0][ 4620/ 5005]   Loss 1.213291   Top1 70.973603   Top5 88.638900   BatchTime 0.387539   LR 0.001000   
2022-10-28 11:52:01,491 - INFO  - Training [0][ 4640/ 5005]   Loss 1.213338   Top1 70.970922   Top5 88.639632   BatchTime 0.387545   LR 0.001000   
2022-10-28 11:52:09,205 - INFO  - Training [0][ 4660/ 5005]   Loss 1.213321   Top1 70.969940   Top5 88.639519   BatchTime 0.387537   LR 0.001000   
2022-10-28 11:52:17,087 - INFO  - Training [0][ 4680/ 5005]   Loss 1.213176   Top1 70.972890   Top5 88.641827   BatchTime 0.387566   LR 0.001000   
2022-10-28 11:52:24,835 - INFO  - Training [0][ 4700/ 5005]   Loss 1.212972   Top1 70.977227   Top5 88.643285   BatchTime 0.387565   LR 0.001000   
2022-10-28 11:52:32,593 - INFO  - Training [0][ 4720/ 5005]   Loss 1.212918   Top1 70.977969   Top5 88.643571   BatchTime 0.387566   LR 0.001000   
2022-10-28 11:52:40,452 - INFO  - Training [0][ 4740/ 5005]   Loss 1.213049   Top1 70.976645   Top5 88.643361   BatchTime 0.387589   LR 0.001000   
2022-10-28 11:52:48,186 - INFO  - Training [0][ 4760/ 5005]   Loss 1.213184   Top1 70.975496   Top5 88.641922   BatchTime 0.387585   LR 0.001000   
2022-10-28 11:52:56,067 - INFO  - Training [0][ 4780/ 5005]   Loss 1.213307   Top1 70.974765   Top5 88.638451   BatchTime 0.387612   LR 0.001000   
2022-10-28 11:53:03,969 - INFO  - Training [0][ 4800/ 5005]   Loss 1.213287   Top1 70.974040   Top5 88.639567   BatchTime 0.387643   LR 0.001000   
2022-10-28 11:53:11,662 - INFO  - Training [0][ 4820/ 5005]   Loss 1.213229   Top1 70.975833   Top5 88.641241   BatchTime 0.387631   LR 0.001000   
2022-10-28 11:53:19,556 - INFO  - Training [0][ 4840/ 5005]   Loss 1.213083   Top1 70.978742   Top5 88.642820   BatchTime 0.387660   LR 0.001000   
2022-10-28 11:53:27,321 - INFO  - Training [0][ 4860/ 5005]   Loss 1.212858   Top1 70.982591   Top5 88.645271   BatchTime 0.387663   LR 0.001000   
2022-10-28 11:53:35,158 - INFO  - Training [0][ 4880/ 5005]   Loss 1.212774   Top1 70.984167   Top5 88.645220   BatchTime 0.387680   LR 0.001000   
2022-10-28 11:53:42,930 - INFO  - Training [0][ 4900/ 5005]   Loss 1.212636   Top1 70.984853   Top5 88.647481   BatchTime 0.387683   LR 0.001000   
2022-10-28 11:53:50,727 - INFO  - Training [0][ 4920/ 5005]   Loss 1.212687   Top1 70.984899   Top5 88.647183   BatchTime 0.387692   LR 0.001000   
2022-10-28 11:53:58,632 - INFO  - Training [0][ 4940/ 5005]   Loss 1.212682   Top1 70.982019   Top5 88.648469   BatchTime 0.387723   LR 0.001000   
2022-10-28 11:54:06,517 - INFO  - Training [0][ 4960/ 5005]   Loss 1.212504   Top1 70.987037   Top5 88.650217   BatchTime 0.387749   LR 0.001000   
2022-10-28 11:54:14,262 - INFO  - Training [0][ 4980/ 5005]   Loss 1.212449   Top1 70.989662   Top5 88.651638   BatchTime 0.387747   LR 0.001000   
2022-10-28 11:54:22,091 - INFO  - Training [0][ 5000/ 5005]   Loss 1.212406   Top1 70.989375   Top5 88.651953   BatchTime 0.387762   LR 0.001000   
2022-10-28 11:54:24,093 - INFO  - ==> Top1: 70.989    Top5: 88.652    Loss: 1.212

2022-10-28 11:54:24,152 - INFO  - Validation: 50000 samples (256 per mini-batch)
