2022-10-28 07:31:21,405 - INFO  - Log file for this run: /home/ilena7440/LSQFakeQuant/out/88_20221028-073121/88_20221028-073121.log
2022-10-28 07:31:22,627 - INFO  - Dataset `cifar10` size:
          Training Set = 50000 (196)
        Validation Set = 10000 (40)
              Test Set = 10000 (40)
2022-10-28 07:31:22,662 - INFO  - Created `resnet20` model
          Use pre-trained model = True
2022-10-28 07:31:22,829 - INFO  - Optimizer: SGD (
           Parameter Group 0
               dampening: 0
               foreach: None
               lr: 0.001
               maximize: False
               momentum: 0.9
               nesterov: False
               weight_decay: 0.0001
           )
2022-10-28 07:31:22,829 - INFO  - LR scheduler: `MultiStepLr`
    Update per batch: True
             Group 0: 0.001

2022-10-28 07:31:24,090 - INFO  - >>>>>> Epoch -1 (pre-trained model evaluation)
2022-10-28 07:31:24,090 - INFO  - Validation: 10000 samples (256 per mini-batch)
2022-10-28 07:31:26,971 - INFO  - Validation [   20/   40]   Loss 3047.717822   Top1 12.753906   Top5 57.070312   BatchTime 0.144029   
2022-10-28 07:31:28,569 - INFO  - Validation [   40/   40]   Loss 3031.409704   Top1 12.670000   Top5 56.460000   BatchTime 0.111960   
2022-10-28 07:31:28,639 - INFO  - ==> Top1: 12.670    Top5: 56.460    Loss: 3031.410

2022-10-28 07:31:28,639 - INFO  - Scoreboard best 1 ==> Epoch [-1][Top1: 12.670   Top5: 56.460]
2022-10-28 07:31:28,639 - INFO  - >>>>>> Epoch   0
2022-10-28 07:31:28,639 - INFO  - Training: 50000 samples (256 per mini-batch)
2022-10-28 07:31:30,868 - INFO  - Training [0][   20/  196]   Loss 1.078092   Top1 69.726562   Top5 97.617188   BatchTime 0.111390   LR 0.001000   
2022-10-28 07:31:32,587 - INFO  - Training [0][   40/  196]   Loss 0.857293   Top1 75.781250   Top5 98.261719   BatchTime 0.098668   LR 0.001000   
2022-10-28 07:31:34,306 - INFO  - Training [0][   60/  196]   Loss 0.724878   Top1 78.873698   Top5 98.639323   BatchTime 0.094424   LR 0.001000   
2022-10-28 07:31:36,025 - INFO  - Training [0][   80/  196]   Loss 0.651471   Top1 80.522461   Top5 98.798828   BatchTime 0.092311   LR 0.001000   
2022-10-28 07:31:37,744 - INFO  - Training [0][  100/  196]   Loss 0.598119   Top1 81.785156   Top5 98.945312   BatchTime 0.091037   LR 0.001000   
2022-10-28 07:31:39,463 - INFO  - Training [0][  120/  196]   Loss 0.563363   Top1 82.669271   Top5 99.023438   BatchTime 0.090192   LR 0.001000   
2022-10-28 07:31:41,186 - INFO  - Training [0][  140/  196]   Loss 0.533854   Top1 83.367746   Top5 99.115513   BatchTime 0.089609   LR 0.001000   
2022-10-28 07:31:42,904 - INFO  - Training [0][  160/  196]   Loss 0.509129   Top1 83.991699   Top5 99.177246   BatchTime 0.089147   LR 0.001000   
2022-10-28 07:31:44,597 - INFO  - Training [0][  180/  196]   Loss 0.489015   Top1 84.570312   Top5 99.227431   BatchTime 0.088646   LR 0.001000   
2022-10-28 07:31:45,989 - INFO  - ==> Top1: 84.798    Top5: 99.268    Loss: 0.478

