2022-11-01 00:42:57,884 - INFO  - Log file for this run: /home/ilena7440/LSQ_FakeQuant/out/88_20221101-004257/88_20221101-004257.log
2022-11-01 00:42:59,106 - INFO  - Dataset `cifar10` size:
          Training Set = 50000 (196)
        Validation Set = 10000 (40)
              Test Set = 10000 (40)
2022-11-01 00:42:59,193 - INFO  - Created `mobilenetv2` model
          Use pre-trained model = True
2022-11-01 00:42:59,851 - INFO  - Optimizer: SGD (
           Parameter Group 0
               dampening: 0
               foreach: None
               lr: 0.001
               maximize: False
               momentum: 0.9
               nesterov: False
               weight_decay: 0.0001
           )
2022-11-01 00:42:59,851 - INFO  - LR scheduler: `MultiStepLr`
    Update per batch: True
             Group 0: 0.001

2022-11-01 00:43:00,931 - INFO  - >>>>>> Epoch -1 (pre-trained model evaluation)
2022-11-01 00:43:00,931 - INFO  - Validation: 10000 samples (256 per mini-batch)
2022-11-01 00:43:04,528 - INFO  - Validation [   20/   40]   Loss nan   Top1 10.078125   Top5 50.019531   BatchTime 0.179743   
2022-11-01 00:43:05,895 - INFO  - Validation [   40/   40]   Loss nan   Top1 10.000000   Top5 50.000000   BatchTime 0.124058   
2022-11-01 00:43:05,990 - INFO  - ==> Top1: 10.000    Top5: 50.000    Loss: nan

2022-11-01 00:43:05,990 - INFO  - ==> Sparsity : 0.059

2022-11-01 00:43:05,990 - INFO  - Scoreboard best 1 ==> Epoch [-1][Top1: 10.000   Top5: 50.000]
2022-11-01 00:43:05,990 - INFO  - >>>>>> Epoch   0
2022-11-01 00:43:05,991 - INFO  - Training: 50000 samples (256 per mini-batch)
2022-11-01 00:43:09,826 - INFO  - Training [0][   20/  196]   Loss 20.445902   Top1 0.117188   Top5 0.742188   BatchTime 0.191614   LR 0.001000   
2022-11-01 00:43:12,821 - INFO  - Training [0][   40/  196]   Loss 18.903265   Top1 0.478516   Top5 2.968750   BatchTime 0.170671   LR 0.001000   
2022-11-01 00:43:15,744 - INFO  - Training [0][   60/  196]   Loss 18.036786   Top1 1.582031   Top5 6.692708   BatchTime 0.162495   LR 0.001000   
2022-11-01 00:43:18,726 - INFO  - Training [0][   80/  196]   Loss 17.434104   Top1 2.861328   Top5 11.459961   BatchTime 0.159151   LR 0.001000   
2022-11-01 00:43:21,635 - INFO  - Training [0][  100/  196]   Loss 16.960028   Top1 4.230469   Top5 16.601562   BatchTime 0.156411   LR 0.001000   
2022-11-01 00:43:24,542 - INFO  - Training [0][  120/  196]   Loss 16.558388   Top1 5.569661   Top5 21.503906   BatchTime 0.154563   LR 0.001000   
2022-11-01 00:43:27,434 - INFO  - Training [0][  140/  196]   Loss 16.210454   Top1 6.746652   Top5 25.878906   BatchTime 0.153142   LR 0.001000   
2022-11-01 00:43:30,328 - INFO  - Training [0][  160/  196]   Loss 15.901838   Top1 7.883301   Top5 30.070801   BatchTime 0.152088   LR 0.001000   
2022-11-01 00:43:33,178 - INFO  - Training [0][  180/  196]   Loss 15.634979   Top1 8.951823   Top5 33.606771   BatchTime 0.151019   LR 0.001000   
2022-11-01 00:43:35,552 - INFO  - ==> Top1: 9.660    Top5: 36.004    Loss: 15.453

