2022-10-28 07:32:32,199 - INFO  - Log file for this run: /home/ilena7440/LSQFakeQuant/out/88_20221028-073232/88_20221028-073232.log
2022-10-28 07:32:33,926 - INFO  - Dataset `cifar10` size:
          Training Set = 50000 (196)
        Validation Set = 10000 (40)
              Test Set = 10000 (40)
2022-10-28 07:32:33,962 - INFO  - Created `resnet20` model
          Use pre-trained model = True
2022-10-28 07:32:34,128 - INFO  - Optimizer: SGD (
           Parameter Group 0
               dampening: 0
               foreach: None
               lr: 0.001
               maximize: False
               momentum: 0.9
               nesterov: False
               weight_decay: 0.0001
           )
2022-10-28 07:32:34,128 - INFO  - LR scheduler: `MultiStepLr`
    Update per batch: True
             Group 0: 0.001

2022-10-28 07:32:35,376 - INFO  - >>>>>> Epoch -1 (pre-trained model evaluation)
2022-10-28 07:32:35,376 - INFO  - Validation: 10000 samples (256 per mini-batch)
2022-10-28 07:32:38,404 - INFO  - Validation [   20/   40]   Loss 3047.717822   Top1 12.753906   Top5 57.070312   BatchTime 0.148858   
2022-10-28 07:32:40,091 - INFO  - Validation [   40/   40]   Loss 3031.409704   Top1 12.670000   Top5 56.460000   BatchTime 0.116607   
2022-10-28 07:32:40,161 - INFO  - ==> Top1: 12.670    Top5: 56.460    Loss: 3031.410

2022-10-28 07:32:40,162 - INFO  - Scoreboard best 1 ==> Epoch [-1][Top1: 12.670   Top5: 56.460]
2022-10-28 07:32:40,162 - INFO  - >>>>>> Epoch   0
2022-10-28 07:32:40,162 - INFO  - Training: 50000 samples (256 per mini-batch)
2022-10-28 07:32:42,435 - INFO  - Training [0][   20/  196]   Loss 1.106297   Top1 71.289062   Top5 97.324219   BatchTime 0.113651   LR 0.001000   
2022-10-28 07:32:44,163 - INFO  - Training [0][   40/  196]   Loss 0.863840   Top1 76.162109   Top5 98.144531   BatchTime 0.100020   LR 0.001000   
2022-10-28 07:32:45,887 - INFO  - Training [0][   60/  196]   Loss 0.734449   Top1 78.938802   Top5 98.567708   BatchTime 0.095413   LR 0.001000   
2022-10-28 07:32:47,610 - INFO  - Training [0][   80/  196]   Loss 0.663772   Top1 80.649414   Top5 98.813477   BatchTime 0.093099   LR 0.001000   
2022-10-28 07:32:49,334 - INFO  - Training [0][  100/  196]   Loss 0.606492   Top1 81.957031   Top5 98.996094   BatchTime 0.091716   LR 0.001000   
2022-10-28 07:32:51,058 - INFO  - Training [0][  120/  196]   Loss 0.568050   Top1 82.796224   Top5 99.082031   BatchTime 0.090794   LR 0.001000   
2022-10-28 07:32:52,780 - INFO  - Training [0][  140/  196]   Loss 0.538668   Top1 83.554688   Top5 99.154576   BatchTime 0.090127   LR 0.001000   
2022-10-28 07:32:54,504 - INFO  - Training [0][  160/  196]   Loss 0.512681   Top1 84.267578   Top5 99.221191   BatchTime 0.089632   LR 0.001000   
2022-10-28 07:32:56,207 - INFO  - Training [0][  180/  196]   Loss 0.495266   Top1 84.661458   Top5 99.266493   BatchTime 0.089137   LR 0.001000   
2022-10-28 07:32:57,615 - INFO  - ==> Top1: 84.954    Top5: 99.292    Loss: 0.483

