2022-11-22 03:19:49,591 - INFO  - Log file for this run: /home/ilena7440/LSQ_FakeQuant/out/88_20221122-031949/88_20221122-031949.log
2022-11-22 03:19:59,524 - INFO  - Dataset `cifar10` size:
          Training Set = 50000 (391)
        Validation Set = 10000 (79)
              Test Set = 10000 (79)
2022-11-22 03:19:59,610 - INFO  - Created `once_for_all` model
          Use pre-trained model = True
2022-11-22 03:19:59,968 - INFO  - Optimizer: SGD (
           Parameter Group 0
               dampening: 0
               differentiable: False
               foreach: None
               lr: 0.0001
               maximize: False
               momentum: 0.9
               nesterov: False
               weight_decay: 0.0005
           )
2022-11-22 03:19:59,968 - INFO  - LR scheduler: `MultiStepLr`
    Update per batch: True
             Group 0: 0.0001

2022-11-22 03:20:01,685 - INFO  - >>>>>> Epoch -1 (pre-trained model evaluation)
2022-11-22 03:20:01,685 - INFO  - Validation: 10000 samples (128 per mini-batch)
2022-11-22 03:20:04,887 - INFO  - Validation [   20/   79]   Loss 8.111629   Top1 0.000000   Top5 0.000000   BatchTime 0.159986   
2022-11-22 03:20:05,937 - INFO  - Validation [   40/   79]   Loss 8.152248   Top1 0.000000   Top5 0.000000   BatchTime 0.106255   
2022-11-22 03:20:06,956 - INFO  - Validation [   60/   79]   Loss 8.178463   Top1 0.000000   Top5 0.000000   BatchTime 0.087814   
2022-11-22 03:20:07,968 - INFO  - ==> Top1: 0.000    Top5: 0.000    Loss: 8.187

2022-11-22 03:20:07,968 - INFO  - Scoreboard best 1 ==> Epoch [-1][Top1: 0.000   Top5: 0.000]
2022-11-22 03:20:07,968 - INFO  - >>>>>> Epoch   0
2022-11-22 03:20:07,968 - INFO  - Training: 50000 samples (128 per mini-batch)
2022-11-22 03:20:10,799 - INFO  - Training [0][   20/  391]   Loss 10.149006   Top1 0.078125   Top5 0.273438   BatchTime 0.141218   LR 0.000100   
2022-11-22 03:20:13,094 - INFO  - Training [0][   40/  391]   Loss nan   Top1 0.312500   Top5 1.523438   BatchTime 0.128003   LR 0.000100   
2022-11-22 03:20:15,442 - INFO  - Training [0][   60/  391]   Loss nan   Top1 3.815104   Top5 18.138021   BatchTime 0.124453   LR 0.000100   
2022-11-22 03:20:17,775 - INFO  - Training [0][   80/  391]   Loss nan   Top1 5.400391   Top5 26.171875   BatchTime 0.122501   LR 0.000100   
2022-11-22 03:20:20,065 - INFO  - Training [0][  100/  391]   Loss nan   Top1 6.351562   Top5 31.023438   BatchTime 0.120900   LR 0.000100   
