2022-10-28 06:53:54,104 - INFO  - Log file for this run: /home/ilena7440/LSQFakeQuant/out/88_20221028-065354/88_20221028-065354.log
2022-10-28 06:53:55,835 - INFO  - Dataset `cifar10` size:
          Training Set = 50000 (196)
        Validation Set = 10000 (40)
              Test Set = 10000 (40)
2022-10-28 06:53:55,869 - INFO  - Created `resnet20` model
          Use pre-trained model = True
2022-10-28 06:53:56,036 - INFO  - Optimizer: SGD (
           Parameter Group 0
               dampening: 0
               foreach: None
               lr: 0.001
               maximize: False
               momentum: 0.9
               nesterov: False
               weight_decay: 0.0001
           )
2022-10-28 06:53:56,036 - INFO  - LR scheduler: `MultiStepLr`
    Update per batch: True
             Group 0: 0.001

2022-10-28 06:53:57,285 - INFO  - >>>>>> Epoch -1 (pre-trained model evaluation)
2022-10-28 06:53:57,285 - INFO  - Validation: 10000 samples (256 per mini-batch)
