2022-10-28 10:57:52,827 - INFO  - Log file for this run: /home/ilena7440/LSQFakeQuant/out/88_20221028-105752/88_20221028-105752.log
2022-10-28 10:57:54,570 - INFO  - Dataset `cifar10` size:
          Training Set = 50000 (196)
        Validation Set = 10000 (40)
              Test Set = 10000 (40)
2022-10-28 10:57:56,972 - INFO  - Created `mobilenetv2` model
          Use pre-trained model = True
2022-10-28 10:57:56,981 - INFO  - Optimizer: SGD (
           Parameter Group 0
               dampening: 0
               foreach: None
               lr: 0.001
               maximize: False
               momentum: 0.9
               nesterov: False
               weight_decay: 0.0001
           )
2022-10-28 10:57:56,981 - INFO  - LR scheduler: `MultiStepLr`
    Update per batch: True
             Group 0: 0.001

2022-10-28 10:57:58,240 - INFO  - >>>>>> Epoch -1 (pre-trained model evaluation)
2022-10-28 10:57:58,241 - INFO  - Validation: 10000 samples (256 per mini-batch)
2022-10-28 10:57:59,707 - INFO  - Validation [   20/   40]   Loss 7.519935   Top1 0.000000   Top5 0.019531   BatchTime 0.073290   
2022-10-28 10:58:00,431 - INFO  - Validation [   40/   40]   Loss 7.516949   Top1 0.000000   Top5 0.010000   BatchTime 0.054739   
2022-10-28 10:58:00,499 - INFO  - ==> Top1: 0.000    Top5: 0.010    Loss: 7.517

2022-10-28 10:58:00,499 - INFO  - Scoreboard best 1 ==> Epoch [-1][Top1: 0.000   Top5: 0.010]
2022-10-28 10:58:00,499 - INFO  - >>>>>> Epoch   0
2022-10-28 10:58:00,499 - INFO  - Training: 50000 samples (256 per mini-batch)
2022-10-28 10:58:01,931 - INFO  - Training [0][   20/  196]   Loss 10.635258   Top1 0.878906   Top5 2.167969   BatchTime 0.071526   LR 0.001000   
2022-10-28 10:58:02,679 - INFO  - Training [0][   40/  196]   Loss 8.320595   Top1 4.443359   Top5 10.683594   BatchTime 0.054459   LR 0.001000   
2022-10-28 10:58:03,418 - INFO  - Training [0][   60/  196]   Loss 7.038452   Top1 9.296875   Top5 22.428385   BatchTime 0.048635   LR 0.001000   
2022-10-28 10:58:04,163 - INFO  - Training [0][   80/  196]   Loss 6.187720   Top1 13.750000   Top5 32.343750   BatchTime 0.045781   LR 0.001000   
2022-10-28 10:58:04,907 - INFO  - Training [0][  100/  196]   Loss 5.553329   Top1 17.726562   Top5 40.683594   BatchTime 0.044066   LR 0.001000   
2022-10-28 10:58:05,652 - INFO  - Training [0][  120/  196]   Loss 5.056982   Top1 21.044922   Top5 47.467448   BatchTime 0.042930   LR 0.001000   
2022-10-28 10:58:06,401 - INFO  - Training [0][  140/  196]   Loss 4.671922   Top1 23.694196   Top5 52.779018   BatchTime 0.042144   LR 0.001000   
2022-10-28 10:58:07,143 - INFO  - Training [0][  160/  196]   Loss 4.356023   Top1 26.105957   Top5 57.058105   BatchTime 0.041515   LR 0.001000   
2022-10-28 10:58:07,883 - INFO  - Training [0][  180/  196]   Loss 4.097466   Top1 28.044705   Top5 60.544705   BatchTime 0.041014   LR 0.001000   
2022-10-28 10:58:08,547 - INFO  - ==> Top1: 29.468    Top5: 62.930    Loss: 3.923

2022-10-28 10:58:08,651 - INFO  - Validation: 10000 samples (256 per mini-batch)
2022-10-28 10:58:09,447 - INFO  - Validation [0][   20/   40]   Loss 1.906146   Top1 46.074219   Top5 90.117188   BatchTime 0.039786   
2022-10-28 10:58:09,736 - INFO  - Validation [0][   40/   40]   Loss 1.933305   Top1 45.560000   Top5 89.910000   BatchTime 0.027124   
2022-10-28 10:58:09,795 - INFO  - ==> Top1: 45.560    Top5: 89.910    Loss: 1.933

2022-10-28 10:58:09,795 - INFO  - Validation: 10000 samples (256 per mini-batch)
