2022-11-01 11:49:41,448 - INFO  - Log file for this run: /home/ilena7440/LSQ_FakeQuant/out/88_20221101-114941/88_20221101-114941.log
2022-11-01 11:49:42,664 - INFO  - Dataset `cifar10` size:
          Training Set = 50000 (196)
        Validation Set = 10000 (40)
              Test Set = 10000 (40)
2022-11-01 11:49:42,755 - INFO  - Created `mobilenetv2` model
          Use pre-trained model = True
2022-11-01 11:49:43,404 - INFO  - Optimizer: SGD (
           Parameter Group 0
               dampening: 0
               foreach: None
               lr: 0.001
               maximize: False
               momentum: 0.9
               nesterov: False
               weight_decay: 0.0001
           )
2022-11-01 11:49:43,404 - INFO  - LR scheduler: `MultiStepLr`
    Update per batch: True
             Group 0: 0.001

2022-11-01 11:49:44,528 - INFO  - >>>>>> Epoch -1 (pre-trained model evaluation)
2022-11-01 11:49:44,528 - INFO  - Validation: 10000 samples (256 per mini-batch)
