2022-10-28 08:44:07,891 - INFO  - Log file for this run: /home/ilena7440/LSQFakeQuant/out/88_20221028-084407/88_20221028-084407.log
2022-10-28 08:44:09,634 - INFO  - Dataset `cifar10` size:
          Training Set = 50000 (196)
        Validation Set = 10000 (40)
              Test Set = 10000 (40)
2022-10-28 08:44:09,670 - INFO  - Created `resnet20` model
          Use pre-trained model = True
2022-10-28 08:44:09,838 - INFO  - Optimizer: SGD (
           Parameter Group 0
               dampening: 0
               foreach: None
               lr: 0.001
               maximize: False
               momentum: 0.9
               nesterov: False
               weight_decay: 0.0001
           )
2022-10-28 08:44:09,838 - INFO  - LR scheduler: `MultiStepLr`
    Update per batch: True
             Group 0: 0.001

2022-10-28 08:44:11,102 - INFO  - >>>>>> Epoch -1 (pre-trained model evaluation)
2022-10-28 08:44:11,102 - INFO  - Validation: 10000 samples (256 per mini-batch)
2022-10-28 08:44:38,065 - INFO  - Validation [   20/   40]   Loss 2.362035   Top1 9.882812   Top5 49.394531   BatchTime 1.346128   
