2022-11-01 00:57:04,440 - INFO  - Log file for this run: /home/ilena7440/LSQ_FakeQuant/out/88_20221101-005704/88_20221101-005704.log
2022-11-01 00:57:05,660 - INFO  - Dataset `cifar10` size:
          Training Set = 50000 (196)
        Validation Set = 10000 (40)
              Test Set = 10000 (40)
2022-11-01 00:57:05,745 - INFO  - Created `mobilenetv2` model
          Use pre-trained model = True
2022-11-01 00:57:06,547 - INFO  - Optimizer: SGD (
           Parameter Group 0
               dampening: 0
               foreach: None
               lr: 0.001
               maximize: False
               momentum: 0.9
               nesterov: False
               weight_decay: 0.0001
           )
2022-11-01 00:57:06,574 - INFO  - LR scheduler: `MultiStepLr`
    Update per batch: True
             Group 0: 0.001

2022-11-01 00:57:07,653 - INFO  - >>>>>> Epoch -1 (pre-trained model evaluation)
2022-11-01 00:57:07,653 - INFO  - Validation: 10000 samples (256 per mini-batch)
2022-11-01 00:57:11,305 - INFO  - Validation [   20/   40]   Loss nan   Top1 10.078125   Top5 50.019531   BatchTime 0.182497   
2022-11-01 00:57:12,652 - INFO  - Validation [   40/   40]   Loss nan   Top1 10.000000   Top5 50.000000   BatchTime 0.124941   
2022-11-01 00:57:12,747 - INFO  - ==> Top1: 10.000    Top5: 50.000    Loss: nan

2022-11-01 00:57:12,747 - INFO  - ==> Sparsity : 0.059

2022-11-01 00:57:12,748 - INFO  - Scoreboard best 1 ==> Epoch [-1][Top1: 10.000   Top5: 50.000]
2022-11-01 00:57:12,748 - INFO  - >>>>>> Epoch   0
2022-11-01 00:57:12,749 - INFO  - Training: 50000 samples (256 per mini-batch)
2022-11-01 00:57:16,663 - INFO  - Training [0][   20/  196]   Loss 20.449414   Top1 0.097656   Top5 0.976562   BatchTime 0.195573   LR 0.001000   
2022-11-01 00:57:19,587 - INFO  - Training [0][   40/  196]   Loss 18.923232   Top1 0.644531   Top5 3.027344   BatchTime 0.170898   LR 0.001000   
2022-11-01 00:57:22,484 - INFO  - Training [0][   60/  196]   Loss 18.054466   Top1 1.692708   Top5 7.096354   BatchTime 0.162213   LR 0.001000   
2022-11-01 00:57:25,361 - INFO  - Training [0][   80/  196]   Loss 17.456666   Top1 2.866211   Top5 11.889648   BatchTime 0.157614   LR 0.001000   
2022-11-01 00:57:28,283 - INFO  - Training [0][  100/  196]   Loss 16.990020   Top1 4.089844   Top5 16.585938   BatchTime 0.155318   LR 0.001000   
2022-11-01 00:57:31,204 - INFO  - Training [0][  120/  196]   Loss 16.601013   Top1 5.345052   Top5 21.305339   BatchTime 0.153771   LR 0.001000   
2022-11-01 00:57:34,124 - INFO  - Training [0][  140/  196]   Loss 16.269430   Top1 6.409040   Top5 25.438058   BatchTime 0.152658   LR 0.001000   
2022-11-01 00:57:37,046 - INFO  - Training [0][  160/  196]   Loss 15.974662   Top1 7.416992   Top5 29.250488   BatchTime 0.151837   LR 0.001000   
2022-11-01 00:57:39,894 - INFO  - Training [0][  180/  196]   Loss 15.708876   Top1 8.344184   Top5 32.710503   BatchTime 0.150791   LR 0.001000   
2022-11-01 00:57:42,310 - INFO  - ==> Top1: 9.032    Top5: 35.260    Loss: 15.523

