2022-11-01 12:06:18,833 - INFO  - Log file for this run: /home/ilena7440/LSQ_FakeQuant/out/88_20221101-120618/88_20221101-120618.log
2022-11-01 12:06:20,062 - INFO  - Dataset `cifar10` size:
          Training Set = 50000 (196)
        Validation Set = 10000 (40)
              Test Set = 10000 (40)
2022-11-01 12:06:20,151 - INFO  - Created `mobilenetv2` model
          Use pre-trained model = True
2022-11-01 12:06:20,825 - INFO  - Optimizer: SGD (
           Parameter Group 0
               dampening: 0
               foreach: None
               lr: 0.001
               maximize: False
               momentum: 0.9
               nesterov: False
               weight_decay: 0.0001
           )
2022-11-01 12:06:20,825 - INFO  - LR scheduler: `MultiStepLr`
    Update per batch: True
             Group 0: 0.001

2022-11-01 12:06:21,901 - INFO  - >>>>>> Epoch -1 (pre-trained model evaluation)
2022-11-01 12:06:21,901 - INFO  - Validation: 10000 samples (256 per mini-batch)
2022-11-01 12:06:37,531 - INFO  - Validation [   20/   40]   Loss nan   Top1 10.078125   Top5 50.019531   BatchTime 0.781365   
2022-11-01 12:06:49,537 - INFO  - Validation [   40/   40]   Loss nan   Top1 10.000000   Top5 50.000000   BatchTime 0.690835   
2022-11-01 12:06:50,092 - INFO  - ==> Top1: 10.000    Top5: 50.000    Loss: nan

2022-11-01 12:06:50,092 - INFO  - ==> Sparsity : 0.059

2022-11-01 12:06:50,093 - INFO  - Scoreboard best 1 ==> Epoch [-1][Top1: 10.000   Top5: 50.000]
2022-11-01 12:06:50,093 - INFO  - >>>>>> Epoch   0
2022-11-01 12:06:50,094 - INFO  - Training: 50000 samples (256 per mini-batch)
2022-11-01 12:07:04,981 - INFO  - Training [0][   20/  196]   Loss 10.440601   Top1 0.195312   Top5 0.976562   BatchTime 0.744265   LR 0.001000   
