2022-10-27 18:55:09,225 - INFO  - Log file for this run: /home/ilena7440/LSQFakeQuant/out/88_20221027-185509/88_20221027-185509.log
2022-10-27 18:55:10,970 - INFO  - Dataset `cifar10` size:
          Training Set = 50000 (196)
        Validation Set = 10000 (40)
              Test Set = 10000 (40)
2022-10-27 18:55:11,005 - INFO  - Created `resnet20` model
          Use pre-trained model = True
2022-10-27 18:55:11,179 - INFO  - Optimizer: SGD (
           Parameter Group 0
               dampening: 0
               foreach: None
               lr: 0.001
               maximize: False
               momentum: 0.9
               nesterov: False
               weight_decay: 0.0001
           )
2022-10-27 18:55:11,179 - INFO  - LR scheduler: `MultiStepLr`
    Update per batch: True
             Group 0: 0.001

2022-10-27 18:55:12,428 - INFO  - >>>>>> Epoch -1 (pre-trained model evaluation)
2022-10-27 18:55:12,428 - INFO  - Validation: 10000 samples (256 per mini-batch)
2022-10-27 18:55:15,318 - INFO  - Validation [   20/   40]   Loss 2.361103   Top1 9.882812   Top5 49.550781   BatchTime 0.144449   
2022-10-27 18:55:16,998 - INFO  - Validation [   40/   40]   Loss 2.357585   Top1 10.000000   Top5 49.830000   BatchTime 0.114234   
2022-10-27 18:55:17,071 - INFO  - ==> Top1: 10.000    Top5: 49.830    Loss: 2.358

2022-10-27 18:55:17,071 - INFO  - Scoreboard best 1 ==> Epoch [-1][Top1: 10.000   Top5: 49.830]
2022-10-27 18:55:17,071 - INFO  - >>>>>> Epoch   0
2022-10-27 18:55:17,071 - INFO  - Training: 50000 samples (256 per mini-batch)
2022-10-27 18:55:20,071 - INFO  - Training [0][   20/  196]   Loss nan   Top1 12.773438   Top5 52.597656   BatchTime 0.149936   LR 0.001000   
2022-10-27 18:55:22,514 - INFO  - Training [0][   40/  196]   Loss nan   Top1 11.591797   Top5 51.835938   BatchTime 0.136038   LR 0.001000   
