2022-10-28 08:55:57,834 - INFO  - Log file for this run: /home/ilena7440/LSQFakeQuant/out/88_20221028-085557/88_20221028-085557.log
2022-10-28 08:55:59,557 - INFO  - Dataset `cifar10` size:
          Training Set = 50000 (196)
        Validation Set = 10000 (40)
              Test Set = 10000 (40)
2022-10-28 08:55:59,590 - INFO  - Created `resnet20` model
          Use pre-trained model = True
2022-10-28 08:55:59,753 - INFO  - Optimizer: SGD (
           Parameter Group 0
               dampening: 0
               foreach: None
               lr: 0.001
               maximize: False
               momentum: 0.9
               nesterov: False
               weight_decay: 0.0001
           )
2022-10-28 08:55:59,753 - INFO  - LR scheduler: `MultiStepLr`
    Update per batch: True
             Group 0: 0.001

2022-10-28 08:56:01,016 - INFO  - >>>>>> Epoch -1 (pre-trained model evaluation)
2022-10-28 08:56:01,016 - INFO  - Validation: 10000 samples (256 per mini-batch)
2022-10-28 08:56:03,952 - INFO  - Validation [   20/   40]   Loss 2.338369   Top1 9.882812   Top5 50.019531   BatchTime 0.146735   
2022-10-28 08:56:05,563 - INFO  - Validation [   40/   40]   Loss 2.337898   Top1 10.000000   Top5 50.000000   BatchTime 0.113646   
2022-10-28 08:56:05,631 - INFO  - ==> Top1: 10.000    Top5: 50.000    Loss: 2.338

2022-10-28 08:56:05,631 - INFO  - Scoreboard best 1 ==> Epoch [-1][Top1: 10.000   Top5: 50.000]
2022-10-28 08:56:05,631 - INFO  - >>>>>> Epoch   0
2022-10-28 08:56:05,631 - INFO  - Training: 50000 samples (256 per mini-batch)
2022-10-28 08:56:08,308 - INFO  - Training [0][   20/  196]   Loss nan   Top1 11.953125   Top5 51.757812   BatchTime 0.133791   LR 0.001000   
