2022-11-22 03:17:03,658 - INFO  - Log file for this run: /home/ilena7440/LSQ_FakeQuant/out/88_20221122-031703/88_20221122-031703.log
2022-11-22 03:17:07,124 - INFO  - Dataset `cifar10` size:
          Training Set = 50000 (391)
        Validation Set = 10000 (79)
              Test Set = 10000 (79)
2022-11-22 03:17:07,207 - INFO  - Created `once_for_all` model
          Use pre-trained model = True
2022-11-22 03:17:07,499 - INFO  - Optimizer: SGD (
           Parameter Group 0
               dampening: 0
               differentiable: False
               foreach: None
               lr: 0.0001
               maximize: False
               momentum: 0.9
               nesterov: False
               weight_decay: 0.0005
           )
2022-11-22 03:17:07,499 - INFO  - LR scheduler: `MultiStepLr`
    Update per batch: True
             Group 0: 0.0001

2022-11-22 03:17:09,954 - INFO  - >>>>>> Epoch -1 (pre-trained model evaluation)
2022-11-22 03:17:09,954 - INFO  - Validation: 10000 samples (128 per mini-batch)
2022-11-22 03:17:13,232 - INFO  - Validation [   20/   79]   Loss 8.111629   Top1 0.000000   Top5 0.000000   BatchTime 0.163670   
2022-11-22 03:17:14,296 - INFO  - Validation [   40/   79]   Loss 8.152248   Top1 0.000000   Top5 0.000000   BatchTime 0.108436   
2022-11-22 03:17:15,323 - INFO  - Validation [   60/   79]   Loss 8.178463   Top1 0.000000   Top5 0.000000   BatchTime 0.089402   
2022-11-22 03:17:16,327 - INFO  - ==> Top1: 0.000    Top5: 0.000    Loss: 8.187

2022-11-22 03:17:16,327 - INFO  - Scoreboard best 1 ==> Epoch [-1][Top1: 0.000   Top5: 0.000]
2022-11-22 03:17:16,327 - INFO  - >>>>>> Epoch   0
2022-11-22 03:17:16,327 - INFO  - Training: 50000 samples (128 per mini-batch)
