2022-11-01 11:38:11,898 - INFO  - Log file for this run: /home/ilena7440/LSQ_FakeQuant/out/88_20221101-113811/88_20221101-113811.log
2022-11-01 11:38:13,187 - INFO  - Dataset `cifar10` size:
          Training Set = 50000 (196)
        Validation Set = 10000 (40)
              Test Set = 10000 (40)
2022-11-01 11:38:13,282 - INFO  - Created `mobilenetv2` model
          Use pre-trained model = True
2022-11-01 11:38:13,951 - INFO  - Optimizer: SGD (
           Parameter Group 0
               dampening: 0
               foreach: None
               lr: 0.001
               maximize: False
               momentum: 0.9
               nesterov: False
               weight_decay: 0.0001
           )
2022-11-01 11:38:13,951 - INFO  - LR scheduler: `MultiStepLr`
    Update per batch: True
             Group 0: 0.001

2022-11-01 11:38:15,162 - INFO  - >>>>>> Epoch -1 (pre-trained model evaluation)
2022-11-01 11:38:15,162 - INFO  - Validation: 10000 samples (256 per mini-batch)
2022-11-01 11:38:18,876 - INFO  - Validation [   20/   40]   Loss nan   Top1 10.078125   Top5 50.019531   BatchTime 0.185605   
2022-11-01 11:38:20,224 - INFO  - Validation [   40/   40]   Loss nan   Top1 10.000000   Top5 50.000000   BatchTime 0.126500   
2022-11-01 11:38:20,321 - INFO  - ==> Top1: 10.000    Top5: 50.000    Loss: nan

2022-11-01 11:38:20,321 - INFO  - ==> Sparsity : 0.059

2022-11-01 11:38:20,321 - INFO  - Scoreboard best 1 ==> Epoch [-1][Top1: 10.000   Top5: 50.000]
2022-11-01 11:38:20,321 - INFO  - >>>>>> Epoch   0
2022-11-01 11:38:20,322 - INFO  - Training: 50000 samples (256 per mini-batch)
2022-11-01 11:38:23,990 - INFO  - Training [0][   20/  196]   Loss 10.524253   Top1 0.175781   Top5 0.937500   BatchTime 0.183226   LR 0.001000   
2022-11-01 11:38:26,811 - INFO  - Training [0][   40/  196]   Loss 8.975866   Top1 0.625000   Top5 3.232422   BatchTime 0.162147   LR 0.001000   
2022-11-01 11:38:29,726 - INFO  - Training [0][   60/  196]   Loss 8.092478   Top1 1.718750   Top5 7.486979   BatchTime 0.156685   LR 0.001000   
2022-11-01 11:38:32,568 - INFO  - Training [0][   80/  196]   Loss 7.482414   Top1 2.915039   Top5 12.377930   BatchTime 0.153033   LR 0.001000   
2022-11-01 11:38:35,295 - INFO  - Training [0][  100/  196]   Loss 6.998236   Top1 4.269531   Top5 17.687500   BatchTime 0.149695   LR 0.001000   
2022-11-01 11:38:38,024 - INFO  - Training [0][  120/  196]   Loss 6.589526   Top1 5.625000   Top5 22.711589   BatchTime 0.147487   LR 0.001000   
2022-11-01 11:38:40,852 - INFO  - Training [0][  140/  196]   Loss 6.239742   Top1 6.844308   Top5 27.340960   BatchTime 0.146619   LR 0.001000   
2022-11-01 11:38:43,695 - INFO  - Training [0][  160/  196]   Loss 5.925657   Top1 8.117676   Top5 31.535645   BatchTime 0.146057   LR 0.001000   
2022-11-01 11:38:46,451 - INFO  - Training [0][  180/  196]   Loss 5.658699   Top1 9.099392   Top5 35.058594   BatchTime 0.145144   LR 0.001000   
2022-11-01 11:38:48,744 - INFO  - ==> Top1: 9.872    Top5: 37.516    Loss: 5.471

