2022-11-25 03:58:54,922 - INFO  - Log file for this run: /home/ilena7440/LSQ_FakeQuant/out/88_20221125-035854/88_20221125-035854.log
2022-11-25 03:58:59,221 - INFO  - Dataset `cifar10` size:
          Training Set = 50000 (196)
        Validation Set = 10000 (40)
              Test Set = 10000 (40)
2022-11-25 03:58:59,325 - INFO  - Created `MobileNetv2` model
          Use pre-trained model = True
2022-11-25 03:59:00,278 - INFO  - Optimizer: AdamW (
           Parameter Group 0
               amsgrad: False
               betas: (0.9, 0.999)
               capturable: False
               eps: 1e-08
               foreach: None
               lr: 0.0005
               maximize: False
               weight_decay: 0.0005
           )
2022-11-25 03:59:00,279 - INFO  - LR scheduler: `CosineWarmRestartsLr`
    Update per batch: False
             Group 0: 0.0005

2022-11-25 03:59:02,149 - INFO  - >>>>>> Epoch   0
2022-11-25 03:59:02,152 - INFO  - Training: 50000 samples (256 per mini-batch)
2022-11-25 03:59:08,886 - INFO  - Training [0][   20/  196]   Loss 1.319232   Top1 55.996094   Top5 90.234375   BatchTime 0.336616   LR 0.000500   
2022-11-25 03:59:14,055 - INFO  - Training [0][   40/  196]   Loss 1.252325   Top1 57.861328   Top5 92.441406   BatchTime 0.297536   LR 0.000500   
2022-11-25 03:59:19,064 - INFO  - Training [0][   60/  196]   Loss 1.189789   Top1 59.947917   Top5 93.522135   BatchTime 0.281822   LR 0.000500   
2022-11-25 03:59:24,051 - INFO  - Training [0][   80/  196]   Loss 1.141678   Top1 61.650391   Top5 94.287109   BatchTime 0.273715   LR 0.000500   
2022-11-25 03:59:29,051 - INFO  - Training [0][  100/  196]   Loss 1.095426   Top1 63.324219   Top5 94.921875   BatchTime 0.268970   LR 0.000500   
2022-11-25 03:59:34,193 - INFO  - Training [0][  120/  196]   Loss 1.063543   Top1 64.394531   Top5 95.289714   BatchTime 0.266992   LR 0.000500   
2022-11-25 03:59:39,507 - INFO  - Training [0][  140/  196]   Loss 1.027737   Top1 65.605469   Top5 95.633371   BatchTime 0.266800   LR 0.000500   
2022-11-25 03:59:44,516 - INFO  - Training [0][  160/  196]   Loss 1.003612   Top1 66.450195   Top5 95.837402   BatchTime 0.264759   LR 0.000500   
2022-11-25 03:59:49,499 - INFO  - Training [0][  180/  196]   Loss 0.986049   Top1 66.922743   Top5 96.037326   BatchTime 0.263024   LR 0.000500   
2022-11-25 03:59:53,582 - INFO  - ==> Top1: 67.386    Top5: 96.186    Loss: 0.972

2022-11-25 03:59:53,741 - INFO  - Created `MobileNetv2` model
          Use pre-trained model = False
2022-11-25 03:59:54,771 - INFO  - Validation: 10000 samples (256 per mini-batch)
2022-11-25 03:59:57,161 - INFO  - Validation [0][   20/   40]   Loss 0.911755   Top1 70.019531   Top5 97.441406   BatchTime 0.119397   
2022-11-25 03:59:58,261 - INFO  - Validation [0][   40/   40]   Loss 0.900712   Top1 69.850000   Top5 97.710000   BatchTime 0.087223   
