2022-10-28 08:51:14,517 - INFO  - Log file for this run: /home/ilena7440/LSQFakeQuant/out/88_20221028-085114/88_20221028-085114.log
2022-10-28 08:51:16,241 - INFO  - Dataset `cifar10` size:
          Training Set = 50000 (196)
        Validation Set = 10000 (40)
              Test Set = 10000 (40)
2022-10-28 08:51:16,274 - INFO  - Created `resnet20` model
          Use pre-trained model = True
2022-10-28 08:51:16,442 - INFO  - Optimizer: SGD (
           Parameter Group 0
               dampening: 0
               foreach: None
               lr: 0.001
               maximize: False
               momentum: 0.9
               nesterov: False
               weight_decay: 0.0001
           )
2022-10-28 08:51:16,442 - INFO  - LR scheduler: `MultiStepLr`
    Update per batch: True
             Group 0: 0.001

2022-10-28 08:51:17,879 - INFO  - >>>>>> Epoch -1 (pre-trained model evaluation)
2022-10-28 08:51:17,879 - INFO  - Validation: 10000 samples (256 per mini-batch)
2022-10-28 08:51:20,888 - INFO  - Validation [   20/   40]   Loss 2.383906   Top1 9.941406   Top5 49.511719   BatchTime 0.148018   
2022-10-28 08:51:22,348 - INFO  - Validation [   40/   40]   Loss 2.380528   Top1 10.170000   Top5 49.990000   BatchTime 0.110515   
2022-10-28 08:51:22,414 - INFO  - ==> Top1: 10.170    Top5: 49.990    Loss: 2.381

2022-10-28 08:51:22,414 - INFO  - Scoreboard best 1 ==> Epoch [-1][Top1: 10.170   Top5: 49.990]
2022-10-28 08:51:22,414 - INFO  - >>>>>> Epoch   0
2022-10-28 08:51:22,414 - INFO  - Training: 50000 samples (256 per mini-batch)
2022-10-28 08:51:25,131 - INFO  - Training [0][   20/  196]   Loss nan   Top1 12.578125   Top5 52.207031   BatchTime 0.135816   LR 0.001000   
2022-10-28 08:51:27,274 - INFO  - Training [0][   40/  196]   Loss nan   Top1 11.376953   Top5 50.429688   BatchTime 0.121472   LR 0.001000   
2022-10-28 08:51:29,427 - INFO  - Training [0][   60/  196]   Loss nan   Top1 10.618490   Top5 50.260417   BatchTime 0.116876   LR 0.001000   
2022-10-28 08:51:31,579 - INFO  - Training [0][   80/  196]   Loss nan   Top1 10.375977   Top5 50.234375   BatchTime 0.114552   LR 0.001000   
2022-10-28 08:51:33,732 - INFO  - Training [0][  100/  196]   Loss nan   Top1 10.351562   Top5 50.222656   BatchTime 0.113174   LR 0.001000   
