2022-11-01 00:59:12,869 - INFO  - Log file for this run: /home/ilena7440/LSQ_FakeQuant/out/88_20221101-005912/88_20221101-005912.log
2022-11-01 00:59:14,136 - INFO  - Dataset `cifar10` size:
          Training Set = 50000 (196)
        Validation Set = 10000 (40)
              Test Set = 10000 (40)
2022-11-01 00:59:14,227 - INFO  - Created `mobilenetv2` model
          Use pre-trained model = True
2022-11-01 00:59:15,047 - INFO  - Optimizer: SGD (
           Parameter Group 0
               dampening: 0
               foreach: None
               lr: 0.001
               maximize: False
               momentum: 0.9
               nesterov: False
               weight_decay: 0.0001
           )
2022-11-01 00:59:15,047 - INFO  - LR scheduler: `MultiStepLr`
    Update per batch: True
             Group 0: 0.001

2022-11-01 00:59:16,202 - INFO  - >>>>>> Epoch -1 (pre-trained model evaluation)
2022-11-01 00:59:16,202 - INFO  - Validation: 10000 samples (256 per mini-batch)
2022-11-01 00:59:20,038 - INFO  - Validation [   20/   40]   Loss nan   Top1 10.078125   Top5 50.019531   BatchTime 0.191712   
2022-11-01 00:59:21,414 - INFO  - Validation [   40/   40]   Loss nan   Top1 10.000000   Top5 50.000000   BatchTime 0.130250   
2022-11-01 00:59:21,516 - INFO  - ==> Top1: 10.000    Top5: 50.000    Loss: nan

2022-11-01 00:59:21,516 - INFO  - ==> Sparsity : 0.059

2022-11-01 00:59:21,517 - INFO  - Scoreboard best 1 ==> Epoch [-1][Top1: 10.000   Top5: 50.000]
2022-11-01 00:59:21,517 - INFO  - >>>>>> Epoch   0
2022-11-01 00:59:21,518 - INFO  - Training: 50000 samples (256 per mini-batch)
2022-11-01 00:59:25,561 - INFO  - Training [0][   20/  196]   Loss 20.413735   Top1 0.156250   Top5 0.917969   BatchTime 0.202030   LR 0.001000   
2022-11-01 00:59:28,589 - INFO  - Training [0][   40/  196]   Loss 18.890839   Top1 0.595703   Top5 2.919922   BatchTime 0.176715   LR 0.001000   
2022-11-01 00:59:31,624 - INFO  - Training [0][   60/  196]   Loss 18.049865   Top1 1.516927   Top5 6.425781   BatchTime 0.168395   LR 0.001000   
2022-11-01 00:59:34,616 - INFO  - Training [0][   80/  196]   Loss 17.464805   Top1 2.573242   Top5 11.010742   BatchTime 0.163698   LR 0.001000   
2022-11-01 00:59:37,603 - INFO  - Training [0][  100/  196]   Loss 17.000007   Top1 3.875000   Top5 16.144531   BatchTime 0.160828   LR 0.001000   
2022-11-01 00:59:40,552 - INFO  - Training [0][  120/  196]   Loss 16.624189   Top1 4.996745   Top5 20.556641   BatchTime 0.158596   LR 0.001000   
2022-11-01 00:59:43,524 - INFO  - Training [0][  140/  196]   Loss 16.296912   Top1 6.037946   Top5 24.715402   BatchTime 0.157164   LR 0.001000   
2022-11-01 00:59:46,484 - INFO  - Training [0][  160/  196]   Loss 16.001951   Top1 6.960449   Top5 28.466797   BatchTime 0.156018   LR 0.001000   
2022-11-01 00:59:49,351 - INFO  - Training [0][  180/  196]   Loss 15.737882   Top1 7.855903   Top5 31.812066   BatchTime 0.154615   LR 0.001000   
2022-11-01 00:59:51,745 - INFO  - ==> Top1: 8.528    Top5: 34.158    Loss: 15.551

