2022-10-28 08:56:56,998 - INFO  - Log file for this run: /home/ilena7440/LSQFakeQuant/out/88_20221028-085656/88_20221028-085656.log
2022-10-28 08:56:58,740 - INFO  - Dataset `cifar10` size:
          Training Set = 50000 (196)
        Validation Set = 10000 (40)
              Test Set = 10000 (40)
2022-10-28 08:56:58,774 - INFO  - Created `resnet20` model
          Use pre-trained model = True
2022-10-28 08:56:58,939 - INFO  - Optimizer: SGD (
           Parameter Group 0
               dampening: 0
               foreach: None
               lr: 0.001
               maximize: False
               momentum: 0.9
               nesterov: False
               weight_decay: 0.0001
           )
2022-10-28 08:56:58,939 - INFO  - LR scheduler: `MultiStepLr`
    Update per batch: True
             Group 0: 0.001

2022-10-28 08:57:00,204 - INFO  - >>>>>> Epoch -1 (pre-trained model evaluation)
2022-10-28 08:57:00,205 - INFO  - Validation: 10000 samples (256 per mini-batch)
2022-10-28 08:57:03,163 - INFO  - Validation [   20/   40]   Loss 2.362035   Top1 9.882812   Top5 49.394531   BatchTime 0.147907   
2022-10-28 08:57:04,774 - INFO  - Validation [   40/   40]   Loss 2.359324   Top1 10.000000   Top5 49.830000   BatchTime 0.114233   
2022-10-28 08:57:04,848 - INFO  - ==> Top1: 10.000    Top5: 49.830    Loss: 2.359

2022-10-28 08:57:04,848 - INFO  - Scoreboard best 1 ==> Epoch [-1][Top1: 10.000   Top5: 49.830]
2022-10-28 08:57:04,848 - INFO  - >>>>>> Epoch   0
2022-10-28 08:57:04,848 - INFO  - Training: 50000 samples (256 per mini-batch)
