2022-10-28 07:11:51,006 - INFO  - Log file for this run: /home/ilena7440/LSQFakeQuant/out/88_20221028-071151/88_20221028-071151.log
2022-10-28 07:11:52,739 - INFO  - Dataset `cifar10` size:
          Training Set = 50000 (196)
        Validation Set = 10000 (40)
              Test Set = 10000 (40)
2022-10-28 07:11:52,774 - INFO  - Created `resnet20` model
          Use pre-trained model = True
2022-10-28 07:11:52,945 - INFO  - Optimizer: SGD (
           Parameter Group 0
               dampening: 0
               foreach: None
               lr: 0.001
               maximize: False
               momentum: 0.9
               nesterov: False
               weight_decay: 0.0001
           )
2022-10-28 07:11:52,945 - INFO  - LR scheduler: `MultiStepLr`
    Update per batch: True
             Group 0: 0.001

2022-10-28 07:11:54,198 - INFO  - >>>>>> Epoch -1 (pre-trained model evaluation)
2022-10-28 07:11:54,199 - INFO  - Validation: 10000 samples (256 per mini-batch)
2022-10-28 07:12:36,715 - INFO  - Validation [   20/   40]   Loss 2.355729   Top1 10.156250   Top5 49.882812   BatchTime 2.125786   
2022-10-28 07:13:22,091 - INFO  - Validation [   40/   40]   Loss 2.355822   Top1 10.180000   Top5 50.000000   BatchTime 2.197290   
2022-10-28 07:13:22,153 - INFO  - ==> Top1: 10.180    Top5: 50.000    Loss: 2.356

2022-10-28 07:13:22,153 - INFO  - Scoreboard best 1 ==> Epoch [-1][Top1: 10.180   Top5: 50.000]
2022-10-28 07:13:22,153 - INFO  - >>>>>> Epoch   0
2022-10-28 07:13:22,154 - INFO  - Training: 50000 samples (256 per mini-batch)
