2022-10-20 18:44:24,193 - INFO  - Log file for this run: /home/ilena7440/LSQFakeQuant/out/88_20221020-184424/88_20221020-184424.log
2022-10-20 18:44:25,386 - INFO  - Dataset `cifar10` size:
          Training Set = 50000 (196)
        Validation Set = 10000 (40)
              Test Set = 10000 (40)
2022-10-20 18:44:25,421 - INFO  - Created `resnet20` model
          Use pre-trained model = True
2022-10-20 18:44:25,552 - INFO  - Optimizer: SGD (
           Parameter Group 0
               dampening: 0
               foreach: None
               lr: 0.001
               maximize: False
               momentum: 0.9
               nesterov: False
               weight_decay: 0.0001
           )
2022-10-20 18:44:25,552 - INFO  - LR scheduler: `MultiStepLr`
    Update per batch: True
             Group 0: 0.001

2022-10-20 18:44:26,707 - INFO  - >>>>>> Epoch -1 (pre-trained model evaluation)
2022-10-20 18:44:26,707 - INFO  - Validation: 10000 samples (256 per mini-batch)
2022-10-20 18:44:28,043 - INFO  - Validation [   20/   40]   Loss 2.510285   Top1 39.062500   Top5 86.074219   BatchTime 0.066739   
2022-10-20 18:44:28,659 - INFO  - Validation [   40/   40]   Loss 2.556888   Top1 38.200000   Top5 86.180000   BatchTime 0.048773   
2022-10-20 18:44:28,723 - INFO  - ==> Top1: 38.200    Top5: 86.180    Loss: 2.557

2022-10-20 18:44:28,723 - INFO  - Scoreboard best 1 ==> Epoch [-1][Top1: 38.200   Top5: 86.180]
2022-10-20 18:44:28,723 - INFO  - >>>>>> Epoch   0
2022-10-20 18:44:28,723 - INFO  - Training: 50000 samples (256 per mini-batch)
2022-10-20 18:44:30,716 - INFO  - Training [0][   20/  196]   Loss 0.272467   Top1 91.953125   Top5 99.648438   BatchTime 0.099628   LR 0.001000   
2022-10-20 18:44:32,181 - INFO  - Training [0][   40/  196]   Loss 0.200922   Top1 93.701172   Top5 99.804688   BatchTime 0.086420   LR 0.001000   
2022-10-20 18:44:33,645 - INFO  - Training [0][   60/  196]   Loss 0.170377   Top1 94.557292   Top5 99.863281   BatchTime 0.082021   LR 0.001000   
2022-10-20 18:44:35,116 - INFO  - Training [0][   80/  196]   Loss 0.151749   Top1 95.136719   Top5 99.887695   BatchTime 0.079901   LR 0.001000   
2022-10-20 18:44:36,575 - INFO  - Training [0][  100/  196]   Loss 0.138605   Top1 95.480469   Top5 99.910156   BatchTime 0.078508   LR 0.001000   
2022-10-20 18:44:38,040 - INFO  - Training [0][  120/  196]   Loss 0.127079   Top1 95.833333   Top5 99.921875   BatchTime 0.077638   LR 0.001000   
2022-10-20 18:44:39,505 - INFO  - Training [0][  140/  196]   Loss 0.119466   Top1 96.074219   Top5 99.933036   BatchTime 0.077009   LR 0.001000   
2022-10-20 18:44:40,976 - INFO  - Training [0][  160/  196]   Loss 0.112739   Top1 96.293945   Top5 99.941406   BatchTime 0.076577   LR 0.001000   
2022-10-20 18:44:42,429 - INFO  - Training [0][  180/  196]   Loss 0.108642   Top1 96.414931   Top5 99.945747   BatchTime 0.076138   LR 0.001000   
2022-10-20 18:44:43,647 - INFO  - ==> Top1: 96.536    Top5: 99.950    Loss: 0.105

2022-10-20 18:44:43,707 - INFO  - Validation: 10000 samples (256 per mini-batch)
2022-10-20 18:44:44,744 - INFO  - Validation [0][   20/   40]   Loss 0.333225   Top1 90.996094   Top5 99.648438   BatchTime 0.051789   
2022-10-20 18:44:45,246 - INFO  - Validation [0][   40/   40]   Loss 0.325103   Top1 91.070000   Top5 99.740000   BatchTime 0.038444   
2022-10-20 18:44:45,318 - INFO  - ==> Top1: 91.070    Top5: 99.740    Loss: 0.325

2022-10-20 18:44:45,319 - INFO  - Validation: 10000 samples (256 per mini-batch)
