2022-11-01 11:33:38,911 - INFO  - Log file for this run: /home/ilena7440/LSQ_FakeQuant/out/88_20221101-113338/88_20221101-113338.log
2022-11-01 11:33:40,144 - INFO  - Dataset `cifar10` size:
          Training Set = 50000 (196)
        Validation Set = 10000 (40)
              Test Set = 10000 (40)
2022-11-01 11:33:40,238 - INFO  - Created `mobilenetv2` model
          Use pre-trained model = True
2022-11-01 11:33:40,911 - INFO  - Optimizer: SGD (
           Parameter Group 0
               dampening: 0
               foreach: None
               lr: 0.001
               maximize: False
               momentum: 0.9
               nesterov: False
               weight_decay: 0.0001
           )
2022-11-01 11:33:40,911 - INFO  - LR scheduler: `MultiStepLr`
    Update per batch: True
             Group 0: 0.001

2022-11-01 11:33:42,087 - INFO  - >>>>>> Epoch -1 (pre-trained model evaluation)
2022-11-01 11:33:42,087 - INFO  - Validation: 10000 samples (256 per mini-batch)
2022-11-01 11:33:45,903 - INFO  - Validation [   20/   40]   Loss nan   Top1 10.078125   Top5 50.019531   BatchTime 0.185595   
2022-11-01 11:33:47,243 - INFO  - Validation [   40/   40]   Loss nan   Top1 10.000000   Top5 50.000000   BatchTime 0.126287   
2022-11-01 11:33:47,339 - INFO  - ==> Top1: 10.000    Top5: 50.000    Loss: nan

2022-11-01 11:33:47,340 - INFO  - ==> Sparsity : 0.059

2022-11-01 11:33:47,340 - INFO  - Scoreboard best 1 ==> Epoch [-1][Top1: 10.000   Top5: 50.000]
2022-11-01 11:33:47,340 - INFO  - >>>>>> Epoch   0
2022-11-01 11:33:47,341 - INFO  - Training: 50000 samples (256 per mini-batch)
2022-11-01 11:34:07,832 - INFO  - Training [0][   20/  196]   Loss 10.482329   Top1 0.117188   Top5 0.957031   BatchTime 1.024447   LR 0.001000   
