2022-10-27 18:51:24,678 - INFO  - Log file for this run: /home/ilena7440/LSQFakeQuant/out/88_20221027-185124/88_20221027-185124.log
2022-10-27 18:51:26,426 - INFO  - Dataset `cifar10` size:
          Training Set = 50000 (196)
        Validation Set = 10000 (40)
              Test Set = 10000 (40)
2022-10-27 18:51:26,461 - INFO  - Created `resnet20` model
          Use pre-trained model = True
2022-10-27 18:51:26,634 - INFO  - Optimizer: SGD (
           Parameter Group 0
               dampening: 0
               foreach: None
               lr: 0.001
               maximize: False
               momentum: 0.9
               nesterov: False
               weight_decay: 0.0001
           )
2022-10-27 18:51:26,634 - INFO  - LR scheduler: `MultiStepLr`
    Update per batch: True
             Group 0: 0.001

2022-10-27 18:51:27,890 - INFO  - >>>>>> Epoch -1 (pre-trained model evaluation)
2022-10-27 18:51:27,890 - INFO  - Validation: 10000 samples (256 per mini-batch)
