2022-10-20 18:48:03,858 - INFO  - Log file for this run: /home/ilena7440/LSQFakeQuant/out/88_20221020-184803/88_20221020-184803.log
2022-10-20 18:48:05,045 - INFO  - Dataset `cifar10` size:
          Training Set = 50000 (196)
        Validation Set = 10000 (40)
              Test Set = 10000 (40)
2022-10-20 18:48:05,078 - INFO  - Created `resnet20` model
          Use pre-trained model = True
2022-10-20 18:48:05,210 - INFO  - Optimizer: SGD (
           Parameter Group 0
               dampening: 0
               foreach: None
               lr: 0.001
               maximize: False
               momentum: 0.9
               nesterov: False
               weight_decay: 0.0001
           )
2022-10-20 18:48:05,210 - INFO  - LR scheduler: `MultiStepLr`
    Update per batch: True
             Group 0: 0.001

2022-10-20 18:48:06,362 - INFO  - >>>>>> Epoch -1 (pre-trained model evaluation)
2022-10-20 18:48:06,362 - INFO  - Validation: 10000 samples (256 per mini-batch)
2022-10-20 18:48:07,732 - INFO  - Validation [   20/   40]   Loss 2.510285   Top1 39.062500   Top5 86.074219   BatchTime 0.068448   
2022-10-20 18:48:08,342 - INFO  - Validation [   40/   40]   Loss 2.556888   Top1 38.200000   Top5 86.180000   BatchTime 0.049480   
2022-10-20 18:48:08,403 - INFO  - ==> Top1: 38.200    Top5: 86.180    Loss: 2.557

2022-10-20 18:48:08,403 - INFO  - Scoreboard best 1 ==> Epoch [-1][Top1: 38.200   Top5: 86.180]
2022-10-20 18:48:08,403 - INFO  - >>>>>> Epoch   0
2022-10-20 18:48:08,403 - INFO  - Training: 50000 samples (256 per mini-batch)
2022-10-20 18:48:10,422 - INFO  - Training [0][   20/  196]   Loss 0.260011   Top1 91.621094   Top5 99.707031   BatchTime 0.100897   LR 0.001000   
2022-10-20 18:48:11,888 - INFO  - Training [0][   40/  196]   Loss 0.193970   Top1 93.642578   Top5 99.853516   BatchTime 0.087097   LR 0.001000   
2022-10-20 18:48:13,354 - INFO  - Training [0][   60/  196]   Loss 0.162141   Top1 94.641927   Top5 99.902344   BatchTime 0.082503   LR 0.001000   
2022-10-20 18:48:14,821 - INFO  - Training [0][   80/  196]   Loss 0.144172   Top1 95.195312   Top5 99.921875   BatchTime 0.080210   LR 0.001000   
2022-10-20 18:48:16,292 - INFO  - Training [0][  100/  196]   Loss 0.134268   Top1 95.558594   Top5 99.929688   BatchTime 0.078880   LR 0.001000   
2022-10-20 18:48:17,760 - INFO  - Training [0][  120/  196]   Loss 0.126367   Top1 95.791016   Top5 99.941406   BatchTime 0.077970   LR 0.001000   
2022-10-20 18:48:19,227 - INFO  - Training [0][  140/  196]   Loss 0.118737   Top1 96.046317   Top5 99.949777   BatchTime 0.077308   LR 0.001000   
2022-10-20 18:48:20,694 - INFO  - Training [0][  160/  196]   Loss 0.113180   Top1 96.242676   Top5 99.956055   BatchTime 0.076810   LR 0.001000   
2022-10-20 18:48:22,155 - INFO  - Training [0][  180/  196]   Loss 0.108016   Top1 96.425781   Top5 99.960938   BatchTime 0.076393   LR 0.001000   
2022-10-20 18:48:23,382 - INFO  - ==> Top1: 96.550    Top5: 99.964    Loss: 0.105

2022-10-20 18:49:07,736 - INFO  - Validation: 10000 samples (256 per mini-batch)
2022-10-20 18:49:08,808 - INFO  - Validation [0][   20/   40]   Loss 0.332121   Top1 91.015625   Top5 99.648438   BatchTime 0.053498   
2022-10-20 18:49:09,312 - INFO  - Validation [0][   40/   40]   Loss 0.320262   Top1 91.180000   Top5 99.680000   BatchTime 0.039343   
2022-10-20 18:49:09,389 - INFO  - ==> Top1: 91.180    Top5: 99.680    Loss: 0.320

2022-10-20 18:49:09,389 - INFO  - Validation: 10000 samples (256 per mini-batch)
