2022-10-28 07:57:22,417 - INFO  - Log file for this run: /home/ilena7440/LSQFakeQuant/out/88_20221028-075722/88_20221028-075722.log
2022-10-28 07:57:24,240 - INFO  - Dataset `cifar10` size:
          Training Set = 50000 (196)
        Validation Set = 10000 (40)
              Test Set = 10000 (40)
2022-10-28 07:57:24,274 - INFO  - Created `resnet20` model
          Use pre-trained model = True
2022-10-28 07:57:24,441 - INFO  - Optimizer: SGD (
           Parameter Group 0
               dampening: 0
               foreach: None
               lr: 0.001
               maximize: False
               momentum: 0.9
               nesterov: False
               weight_decay: 0.0001
           )
2022-10-28 07:57:24,441 - INFO  - LR scheduler: `MultiStepLr`
    Update per batch: True
             Group 0: 0.001

2022-10-28 07:57:25,695 - INFO  - >>>>>> Epoch -1 (pre-trained model evaluation)
2022-10-28 07:57:25,695 - INFO  - Validation: 10000 samples (256 per mini-batch)
2022-10-28 07:57:28,555 - INFO  - Validation [   20/   40]   Loss 3047.717822   Top1 12.753906   Top5 57.070312   BatchTime 0.142951   
2022-10-28 07:57:30,177 - INFO  - Validation [   40/   40]   Loss 3031.409704   Top1 12.670000   Top5 56.460000   BatchTime 0.112028   
2022-10-28 07:57:30,250 - INFO  - ==> Top1: 12.670    Top5: 56.460    Loss: 3031.410

2022-10-28 07:57:30,285 - INFO  - Scoreboard best 1 ==> Epoch [-1][Top1: 12.670   Top5: 56.460]
2022-10-28 07:57:30,285 - INFO  - >>>>>> Epoch   0
2022-10-28 07:57:30,285 - INFO  - Training: 50000 samples (256 per mini-batch)
2022-10-28 07:57:32,526 - INFO  - Training [0][   20/  196]   Loss 1.059984   Top1 71.757812   Top5 97.304688   BatchTime 0.111992   LR 0.001000   
2022-10-28 07:57:34,212 - INFO  - Training [0][   40/  196]   Loss 0.855794   Top1 75.810547   Top5 98.144531   BatchTime 0.098159   LR 0.001000   
2022-10-28 07:57:35,900 - INFO  - Training [0][   60/  196]   Loss 0.731828   Top1 78.561198   Top5 98.561198   BatchTime 0.093569   LR 0.001000   
2022-10-28 07:57:37,588 - INFO  - Training [0][   80/  196]   Loss 0.656340   Top1 80.288086   Top5 98.823242   BatchTime 0.091277   LR 0.001000   
2022-10-28 07:57:39,275 - INFO  - Training [0][  100/  196]   Loss 0.608669   Top1 81.562500   Top5 98.972656   BatchTime 0.089893   LR 0.001000   
2022-10-28 07:57:40,965 - INFO  - Training [0][  120/  196]   Loss 0.572242   Top1 82.360026   Top5 99.075521   BatchTime 0.088993   LR 0.001000   
2022-10-28 07:57:42,652 - INFO  - Training [0][  140/  196]   Loss 0.541296   Top1 83.228237   Top5 99.154576   BatchTime 0.088332   LR 0.001000   
2022-10-28 07:57:44,339 - INFO  - Training [0][  160/  196]   Loss 0.512994   Top1 83.969727   Top5 99.221191   BatchTime 0.087833   LR 0.001000   
2022-10-28 07:57:46,009 - INFO  - Training [0][  180/  196]   Loss 0.491059   Top1 84.555122   Top5 99.270833   BatchTime 0.087349   LR 0.001000   
2022-10-28 07:57:47,374 - INFO  - ==> Top1: 84.924    Top5: 99.302    Loss: 0.477

