2022-10-20 18:57:53,831 - INFO  - Log file for this run: /home/ilena7440/LSQFakeQuant/out/88_20221020-185753/88_20221020-185753.log
2022-10-20 18:57:55,018 - INFO  - Dataset `cifar10` size:
          Training Set = 50000 (196)
        Validation Set = 10000 (40)
              Test Set = 10000 (40)
2022-10-20 18:57:55,054 - INFO  - Created `resnet20` model
          Use pre-trained model = True
2022-10-20 18:57:55,188 - INFO  - Optimizer: SGD (
           Parameter Group 0
               dampening: 0
               foreach: None
               lr: 0.001
               maximize: False
               momentum: 0.9
               nesterov: False
               weight_decay: 0.0001
           )
2022-10-20 18:57:55,189 - INFO  - LR scheduler: `MultiStepLr`
    Update per batch: True
             Group 0: 0.001

2022-10-20 18:57:56,347 - INFO  - >>>>>> Epoch -1 (pre-trained model evaluation)
2022-10-20 18:57:56,347 - INFO  - Validation: 10000 samples (256 per mini-batch)
2022-10-20 18:57:57,747 - INFO  - Validation [   20/   40]   Loss 2.353589   Top1 37.910156   Top5 84.453125   BatchTime 0.069953   
2022-10-20 18:57:58,405 - INFO  - Validation [   40/   40]   Loss 2.393189   Top1 36.920000   Top5 84.870000   BatchTime 0.051439   
2022-10-20 18:57:58,473 - INFO  - ==> Top1: 36.920    Top5: 84.870    Loss: 2.393

2022-10-20 18:57:58,473 - INFO  - Scoreboard best 1 ==> Epoch [-1][Top1: 36.920   Top5: 84.870]
2022-10-20 18:57:58,473 - INFO  - >>>>>> Epoch   0
2022-10-20 18:57:58,473 - INFO  - Training: 50000 samples (256 per mini-batch)
2022-10-20 18:58:00,589 - INFO  - Training [0][   20/  196]   Loss 0.273211   Top1 91.503906   Top5 99.648438   BatchTime 0.105748   LR 0.001000   
2022-10-20 18:58:02,165 - INFO  - Training [0][   40/  196]   Loss 0.198322   Top1 93.603516   Top5 99.804688   BatchTime 0.092261   LR 0.001000   
2022-10-20 18:58:03,744 - INFO  - Training [0][   60/  196]   Loss 0.166857   Top1 94.589844   Top5 99.863281   BatchTime 0.087830   LR 0.001000   
2022-10-20 18:58:05,321 - INFO  - Training [0][   80/  196]   Loss 0.150862   Top1 95.170898   Top5 99.892578   BatchTime 0.085586   LR 0.001000   
2022-10-20 18:58:06,901 - INFO  - Training [0][  100/  196]   Loss 0.140600   Top1 95.535156   Top5 99.910156   BatchTime 0.084265   LR 0.001000   
2022-10-20 18:58:08,479 - INFO  - Training [0][  120/  196]   Loss 0.130139   Top1 95.859375   Top5 99.925130   BatchTime 0.083374   LR 0.001000   
2022-10-20 18:58:10,059 - INFO  - Training [0][  140/  196]   Loss 0.122970   Top1 96.090960   Top5 99.933036   BatchTime 0.082747   LR 0.001000   
2022-10-20 18:58:11,637 - INFO  - Training [0][  160/  196]   Loss 0.117254   Top1 96.242676   Top5 99.941406   BatchTime 0.082267   LR 0.001000   
2022-10-20 18:58:13,207 - INFO  - Training [0][  180/  196]   Loss 0.112463   Top1 96.395399   Top5 99.947917   BatchTime 0.081849   LR 0.001000   
2022-10-20 18:58:14,511 - INFO  - ==> Top1: 96.428    Top5: 99.952    Loss: 0.110

2022-10-20 18:58:22,191 - INFO  - Validation: 10000 samples (256 per mini-batch)
2022-10-20 18:58:23,288 - INFO  - Validation [0][   20/   40]   Loss 0.328442   Top1 91.171875   Top5 99.550781   BatchTime 0.054689   
2022-10-20 18:58:23,835 - INFO  - Validation [0][   40/   40]   Loss 0.321342   Top1 91.250000   Top5 99.610000   BatchTime 0.041041   
2022-10-20 18:58:23,900 - INFO  - ==> Top1: 91.250    Top5: 99.610    Loss: 0.321

2022-10-20 18:58:23,900 - INFO  - Validation: 10000 samples (256 per mini-batch)
