2022-10-28 07:01:32,957 - INFO  - Log file for this run: /home/ilena7440/LSQFakeQuant/out/88_20221028-070132/88_20221028-070132.log
2022-10-28 07:01:34,682 - INFO  - Dataset `cifar10` size:
          Training Set = 50000 (196)
        Validation Set = 10000 (40)
              Test Set = 10000 (40)
2022-10-28 07:01:34,718 - INFO  - Created `resnet20` model
          Use pre-trained model = True
2022-10-28 07:01:34,888 - INFO  - Optimizer: SGD (
           Parameter Group 0
               dampening: 0
               foreach: None
               lr: 0.001
               maximize: False
               momentum: 0.9
               nesterov: False
               weight_decay: 0.0001
           )
2022-10-28 07:01:34,888 - INFO  - LR scheduler: `MultiStepLr`
    Update per batch: True
             Group 0: 0.001

2022-10-28 07:01:36,140 - INFO  - >>>>>> Epoch -1 (pre-trained model evaluation)
2022-10-28 07:01:36,141 - INFO  - Validation: 10000 samples (256 per mini-batch)
2022-10-28 07:01:41,022 - INFO  - Validation [   20/   40]   Loss 2.361993   Top1 9.882812   Top5 49.394531   BatchTime 0.243996   
2022-10-28 07:01:44,326 - INFO  - Validation [   40/   40]   Loss 2.359337   Top1 10.000000   Top5 49.850000   BatchTime 0.204613   
2022-10-28 07:01:44,387 - INFO  - ==> Top1: 10.000    Top5: 49.850    Loss: 2.359

2022-10-28 07:01:44,387 - INFO  - Scoreboard best 1 ==> Epoch [-1][Top1: 10.000   Top5: 49.850]
2022-10-28 07:01:44,387 - INFO  - >>>>>> Epoch   0
2022-10-28 07:01:44,387 - INFO  - Training: 50000 samples (256 per mini-batch)
