2022-10-28 09:14:36,642 - INFO  - Log file for this run: /home/ilena7440/LSQFakeQuant/out/88_20221028-091436/88_20221028-091436.log
2022-10-28 09:14:38,386 - INFO  - Dataset `cifar10` size:
          Training Set = 50000 (196)
        Validation Set = 10000 (40)
              Test Set = 10000 (40)
2022-10-28 09:14:38,422 - INFO  - Created `resnet20` model
          Use pre-trained model = True
2022-10-28 09:14:38,587 - INFO  - Optimizer: SGD (
           Parameter Group 0
               dampening: 0
               foreach: None
               lr: 0.001
               maximize: False
               momentum: 0.9
               nesterov: False
               weight_decay: 0.0001
           )
2022-10-28 09:14:38,587 - INFO  - LR scheduler: `MultiStepLr`
    Update per batch: True
             Group 0: 0.001

2022-10-28 09:14:39,893 - INFO  - >>>>>> Epoch -1 (pre-trained model evaluation)
2022-10-28 09:14:39,893 - INFO  - Validation: 10000 samples (256 per mini-batch)
2022-10-28 09:14:42,127 - INFO  - Validation [   20/   40]   Loss 2.453208   Top1 10.566406   Top5 54.316406   BatchTime 0.111659   
2022-10-28 09:14:43,364 - INFO  - Validation [   40/   40]   Loss 2.459536   Top1 10.620000   Top5 53.550000   BatchTime 0.086758   
2022-10-28 09:14:43,431 - INFO  - ==> Top1: 10.620    Top5: 53.550    Loss: 2.460

2022-10-28 09:14:43,431 - INFO  - Scoreboard best 1 ==> Epoch [-1][Top1: 10.620   Top5: 53.550]
2022-10-28 09:14:43,431 - INFO  - >>>>>> Epoch   0
2022-10-28 09:14:43,431 - INFO  - Training: 50000 samples (256 per mini-batch)
2022-10-28 09:14:45,962 - INFO  - Training [0][   20/  196]   Loss nan   Top1 19.707031   Top5 64.960938   BatchTime 0.126506   LR 0.001000   
2022-10-28 09:14:47,881 - INFO  - Training [0][   40/  196]   Loss nan   Top1 14.980469   Top5 57.685547   BatchTime 0.111230   LR 0.001000   
2022-10-28 09:14:49,799 - INFO  - Training [0][   60/  196]   Loss nan   Top1 13.248698   Top5 55.175781   BatchTime 0.106116   LR 0.001000   
2022-10-28 09:14:51,717 - INFO  - Training [0][   80/  196]   Loss nan   Top1 12.451172   Top5 54.082031   BatchTime 0.103554   LR 0.001000   
