2022-10-28 08:52:59,998 - INFO  - Log file for this run: /home/ilena7440/LSQFakeQuant/out/88_20221028-085259/88_20221028-085259.log
2022-10-28 08:53:01,739 - INFO  - Dataset `cifar10` size:
          Training Set = 50000 (196)
        Validation Set = 10000 (40)
              Test Set = 10000 (40)
2022-10-28 08:53:01,774 - INFO  - Created `resnet20` model
          Use pre-trained model = True
2022-10-28 08:53:01,939 - INFO  - Optimizer: SGD (
           Parameter Group 0
               dampening: 0
               foreach: None
               lr: 0.001
               maximize: False
               momentum: 0.9
               nesterov: False
               weight_decay: 0.0001
           )
2022-10-28 08:53:01,939 - INFO  - LR scheduler: `MultiStepLr`
    Update per batch: True
             Group 0: 0.001

