2022-11-01 12:10:25,730 - INFO  - Log file for this run: /home/ilena7440/LSQ_FakeQuant/out/88_20221101-121025/88_20221101-121025.log
2022-11-01 12:10:26,951 - INFO  - Dataset `cifar10` size:
          Training Set = 50000 (196)
        Validation Set = 10000 (40)
              Test Set = 10000 (40)
2022-11-01 12:10:27,039 - INFO  - Created `mobilenetv2` model
          Use pre-trained model = True
2022-11-01 12:10:27,690 - INFO  - Optimizer: SGD (
           Parameter Group 0
               dampening: 0
               foreach: None
               lr: 0.001
               maximize: False
               momentum: 0.9
               nesterov: False
               weight_decay: 0.0001
           )
2022-11-01 12:10:27,690 - INFO  - LR scheduler: `MultiStepLr`
    Update per batch: True
             Group 0: 0.001

2022-11-01 12:10:28,779 - INFO  - >>>>>> Epoch -1 (pre-trained model evaluation)
2022-11-01 12:10:28,779 - INFO  - Validation: 10000 samples (256 per mini-batch)
2022-11-01 12:10:32,348 - INFO  - Validation [   20/   40]   Loss nan   Top1 10.078125   Top5 50.019531   BatchTime 0.178349   
2022-11-01 12:10:33,693 - INFO  - Validation [   40/   40]   Loss nan   Top1 10.000000   Top5 50.000000   BatchTime 0.122809   
2022-11-01 12:10:33,786 - INFO  - ==> Top1: 10.000    Top5: 50.000    Loss: nan

2022-11-01 12:10:33,786 - INFO  - ==> Sparsity : 0.059

2022-11-01 12:10:33,787 - INFO  - Scoreboard best 1 ==> Epoch [-1][Top1: 10.000   Top5: 50.000]
2022-11-01 12:10:33,787 - INFO  - >>>>>> Epoch   0
2022-11-01 12:10:33,788 - INFO  - Training: 50000 samples (256 per mini-batch)
2022-11-01 12:10:37,411 - INFO  - Training [0][   20/  196]   Loss 110.346874   Top1 0.214844   Top5 0.839844   BatchTime 0.181038   LR 0.001000   
2022-11-01 12:10:40,164 - INFO  - Training [0][   40/  196]   Loss 108.727146   Top1 0.488281   Top5 3.007812   BatchTime 0.159343   LR 0.001000   
2022-11-01 12:10:43,022 - INFO  - Training [0][   60/  196]   Loss 107.821349   Top1 1.699219   Top5 7.324219   BatchTime 0.153863   LR 0.001000   
2022-11-01 12:10:45,750 - INFO  - Training [0][   80/  196]   Loss 107.196649   Top1 2.983398   Top5 12.519531   BatchTime 0.149492   LR 0.001000   
2022-11-01 12:10:48,488 - INFO  - Training [0][  100/  196]   Loss 106.724395   Top1 4.253906   Top5 17.457031   BatchTime 0.146973   LR 0.001000   
2022-11-01 12:10:51,215 - INFO  - Training [0][  120/  196]   Loss 106.317735   Top1 5.667318   Top5 22.480469   BatchTime 0.145209   LR 0.001000   
2022-11-01 12:10:53,947 - INFO  - Training [0][  140/  196]   Loss 105.960413   Top1 6.869420   Top5 27.000558   BatchTime 0.143978   LR 0.001000   
2022-11-01 12:10:56,662 - INFO  - Training [0][  160/  196]   Loss 105.641399   Top1 7.978516   Top5 31.066895   BatchTime 0.142947   LR 0.001000   
