2022-11-01 12:15:55,704 - INFO  - Log file for this run: /home/ilena7440/LSQ_FakeQuant/out/88_20221101-121555/88_20221101-121555.log
2022-11-01 12:15:56,911 - INFO  - Dataset `cifar10` size:
          Training Set = 50000 (196)
        Validation Set = 10000 (40)
              Test Set = 10000 (40)
2022-11-01 12:15:56,997 - INFO  - Created `mobilenetv2` model
          Use pre-trained model = True
2022-11-01 12:15:57,626 - INFO  - Optimizer: SGD (
           Parameter Group 0
               dampening: 0
               foreach: None
               lr: 0.001
               maximize: False
               momentum: 0.9
               nesterov: False
               weight_decay: 0.0001
           )
2022-11-01 12:15:57,626 - INFO  - LR scheduler: `MultiStepLr`
    Update per batch: True
             Group 0: 0.001

2022-11-01 12:15:58,699 - INFO  - >>>>>> Epoch -1 (pre-trained model evaluation)
2022-11-01 12:15:58,699 - INFO  - Validation: 10000 samples (256 per mini-batch)
2022-11-01 12:16:02,212 - INFO  - Validation [   20/   40]   Loss nan   Top1 10.078125   Top5 50.019531   BatchTime 0.175527   
2022-11-01 12:16:03,523 - INFO  - Validation [   40/   40]   Loss nan   Top1 10.000000   Top5 50.000000   BatchTime 0.120539   
2022-11-01 12:16:03,615 - INFO  - ==> Top1: 10.000    Top5: 50.000    Loss: nan

2022-11-01 12:16:03,616 - INFO  - ==> Sparsity : 0.059

2022-11-01 12:16:03,616 - INFO  - Scoreboard best 1 ==> Epoch [-1][Top1: 10.000   Top5: 50.000]
2022-11-01 12:16:03,616 - INFO  - >>>>>> Epoch   0
2022-11-01 12:16:03,617 - INFO  - Training: 50000 samples (256 per mini-batch)
2022-11-01 12:16:07,355 - INFO  - Training [0][   20/  196]   Loss 20.501066   Top1 0.117188   Top5 0.546875   BatchTime 0.186748   LR 0.001000   
2022-11-01 12:16:10,196 - INFO  - Training [0][   40/  196]   Loss 18.913390   Top1 0.625000   Top5 2.880859   BatchTime 0.164412   LR 0.001000   
2022-11-01 12:16:13,102 - INFO  - Training [0][   60/  196]   Loss 18.030726   Top1 1.569010   Top5 6.992188   BatchTime 0.158035   LR 0.001000   
2022-11-01 12:16:15,941 - INFO  - Training [0][   80/  196]   Loss 17.424731   Top1 2.744141   Top5 12.114258   BatchTime 0.154015   LR 0.001000   
2022-11-01 12:16:18,826 - INFO  - Training [0][  100/  196]   Loss 16.960286   Top1 3.976562   Top5 17.035156   BatchTime 0.152063   LR 0.001000   
2022-11-01 12:16:21,769 - INFO  - Training [0][  120/  196]   Loss 16.564067   Top1 5.292969   Top5 22.070312   BatchTime 0.151245   LR 0.001000   
2022-11-01 12:16:24,644 - INFO  - Training [0][  140/  196]   Loss 16.220894   Top1 6.529018   Top5 26.556920   BatchTime 0.150174   LR 0.001000   
2022-11-01 12:16:27,527 - INFO  - Training [0][  160/  196]   Loss 15.921738   Top1 7.609863   Top5 30.539551   BatchTime 0.149420   LR 0.001000   
2022-11-01 12:16:30,350 - INFO  - Training [0][  180/  196]   Loss 15.651186   Top1 8.548177   Top5 34.351128   BatchTime 0.148502   LR 0.001000   
2022-11-01 12:16:32,675 - INFO  - ==> Top1: 9.244    Top5: 36.844    Loss: 15.467

