2022-11-01 11:31:13,154 - INFO  - Log file for this run: /home/ilena7440/LSQ_FakeQuant/out/88_20221101-113113/88_20221101-113113.log
2022-11-01 11:31:14,386 - INFO  - Dataset `cifar10` size:
          Training Set = 50000 (196)
        Validation Set = 10000 (40)
              Test Set = 10000 (40)
2022-11-01 11:31:14,475 - INFO  - Created `mobilenetv2` model
          Use pre-trained model = True
2022-11-01 11:31:15,135 - INFO  - Optimizer: SGD (
           Parameter Group 0
               dampening: 0
               foreach: None
               lr: 0.001
               maximize: False
               momentum: 0.9
               nesterov: False
               weight_decay: 0.0001
           )
2022-11-01 11:31:15,135 - INFO  - LR scheduler: `MultiStepLr`
    Update per batch: True
             Group 0: 0.001

2022-11-01 11:31:16,305 - INFO  - >>>>>> Epoch -1 (pre-trained model evaluation)
2022-11-01 11:31:16,305 - INFO  - Validation: 10000 samples (256 per mini-batch)
2022-11-01 11:31:20,180 - INFO  - Validation [   20/   40]   Loss nan   Top1 10.078125   Top5 50.019531   BatchTime 0.190401   
2022-11-01 11:31:21,511 - INFO  - Validation [   40/   40]   Loss nan   Top1 10.000000   Top5 50.000000   BatchTime 0.128485   
2022-11-01 11:31:21,604 - INFO  - ==> Top1: 10.000    Top5: 50.000    Loss: nan

2022-11-01 11:31:21,604 - INFO  - ==> Sparsity : 0.059

2022-11-01 11:31:21,604 - INFO  - Scoreboard best 1 ==> Epoch [-1][Top1: 10.000   Top5: 50.000]
2022-11-01 11:31:21,604 - INFO  - >>>>>> Epoch   0
2022-11-01 11:31:21,605 - INFO  - Training: 50000 samples (256 per mini-batch)
2022-11-01 11:31:25,366 - INFO  - Training [0][   20/  196]   Loss 10.618989   Top1 0.175781   Top5 0.917969   BatchTime 0.187885   LR 0.001000   
2022-11-01 11:31:28,177 - INFO  - Training [0][   40/  196]   Loss 9.069686   Top1 0.478516   Top5 2.480469   BatchTime 0.164226   LR 0.001000   
2022-11-01 11:31:31,065 - INFO  - Training [0][   60/  196]   Loss 8.178276   Top1 1.308594   Top5 6.100260   BatchTime 0.157609   LR 0.001000   
2022-11-01 11:31:33,893 - INFO  - Training [0][   80/  196]   Loss 7.573655   Top1 2.294922   Top5 10.532227   BatchTime 0.153557   LR 0.001000   
2022-11-01 11:31:36,649 - INFO  - Training [0][  100/  196]   Loss 7.092592   Top1 3.652344   Top5 15.398438   BatchTime 0.150410   LR 0.001000   
2022-11-01 11:31:39,391 - INFO  - Training [0][  120/  196]   Loss 6.700094   Top1 4.648438   Top5 19.973958   BatchTime 0.148191   LR 0.001000   
2022-11-01 11:31:42,224 - INFO  - Training [0][  140/  196]   Loss 6.359970   Top1 5.605469   Top5 24.098772   BatchTime 0.147256   LR 0.001000   
2022-11-01 11:31:45,065 - INFO  - Training [0][  160/  196]   Loss 6.047914   Top1 6.621094   Top5 28.322754   BatchTime 0.146601   LR 0.001000   
2022-11-01 11:31:47,809 - INFO  - Training [0][  180/  196]   Loss 5.773018   Top1 7.565104   Top5 32.031250   BatchTime 0.145558   LR 0.001000   
2022-11-01 11:31:50,113 - INFO  - ==> Top1: 8.130    Top5: 34.610    Loss: 5.588

