2022-10-28 09:22:59,511 - INFO  - Log file for this run: /home/ilena7440/LSQFakeQuant/out/88_20221028-092259/88_20221028-092259.log
2022-10-28 09:23:01,243 - INFO  - Dataset `cifar10` size:
          Training Set = 50000 (196)
        Validation Set = 10000 (40)
              Test Set = 10000 (40)
2022-10-28 09:23:01,278 - INFO  - Created `resnet20` model
          Use pre-trained model = True
2022-10-28 09:23:01,442 - INFO  - Optimizer: SGD (
           Parameter Group 0
               dampening: 0
               foreach: None
               lr: 0.001
               maximize: False
               momentum: 0.9
               nesterov: False
               weight_decay: 0.0001
           )
2022-10-28 09:23:01,442 - INFO  - LR scheduler: `MultiStepLr`
    Update per batch: True
             Group 0: 0.001

2022-10-28 09:23:02,703 - INFO  - >>>>>> Epoch -1 (pre-trained model evaluation)
2022-10-28 09:23:02,703 - INFO  - Validation: 10000 samples (256 per mini-batch)
2022-10-28 09:23:05,630 - INFO  - Validation [   20/   40]   Loss 2.337042   Top1 9.882812   Top5 49.296875   BatchTime 0.143550   
2022-10-28 09:23:07,196 - INFO  - Validation [   40/   40]   Loss 2.335632   Top1 10.000000   Top5 49.510000   BatchTime 0.110929   
2022-10-28 09:23:07,268 - INFO  - ==> Top1: 10.000    Top5: 49.510    Loss: 2.336

2022-10-28 09:23:07,268 - INFO  - Scoreboard best 1 ==> Epoch [-1][Top1: 10.000   Top5: 49.510]
2022-10-28 09:23:07,268 - INFO  - >>>>>> Epoch   0
2022-10-28 09:23:07,268 - INFO  - Training: 50000 samples (256 per mini-batch)
2022-10-28 09:23:13,068 - INFO  - Training [0][   20/  196]   Loss 2.276609   Top1 12.539062   Top5 52.324219   BatchTime 0.289963   LR 0.001000   
2022-10-28 09:23:18,498 - INFO  - Training [0][   40/  196]   Loss 2.289597   Top1 10.966797   Top5 50.683594   BatchTime 0.280728   LR 0.001000   
