2022-10-28 09:38:04,769 - INFO  - Log file for this run: /home/ilena7440/LSQFakeQuant/out/88_20221028-093804/88_20221028-093804.log
2022-10-28 09:38:06,523 - INFO  - Dataset `cifar10` size:
          Training Set = 50000 (196)
        Validation Set = 10000 (40)
              Test Set = 10000 (40)
2022-10-28 09:38:06,558 - INFO  - Created `resnet20` model
          Use pre-trained model = True
2022-10-28 09:38:06,722 - INFO  - Optimizer: SGD (
           Parameter Group 0
               dampening: 0
               foreach: None
               lr: 0.001
               maximize: False
               momentum: 0.9
               nesterov: False
               weight_decay: 0.0001
           )
2022-10-28 09:38:06,722 - INFO  - LR scheduler: `MultiStepLr`
    Update per batch: True
             Group 0: 0.001

2022-10-28 09:38:07,981 - INFO  - >>>>>> Epoch -1 (pre-trained model evaluation)
2022-10-28 09:38:07,981 - INFO  - Validation: 10000 samples (256 per mini-batch)
2022-10-28 09:38:10,690 - INFO  - Validation [   20/   40]   Loss 2.307620   Top1 10.078125   Top5 55.644531   BatchTime 0.135390   
2022-10-28 09:38:12,123 - INFO  - Validation [   40/   40]   Loss 2.306632   Top1 10.110000   Top5 56.090000   BatchTime 0.103525   
2022-10-28 09:38:12,180 - INFO  - ==> Top1: 10.110    Top5: 56.090    Loss: 2.307

2022-10-28 09:38:12,180 - INFO  - Scoreboard best 1 ==> Epoch [-1][Top1: 10.110   Top5: 56.090]
2022-10-28 09:38:12,180 - INFO  - >>>>>> Epoch   0
2022-10-28 09:38:12,180 - INFO  - Training: 50000 samples (256 per mini-batch)
2022-10-28 09:38:14,789 - INFO  - Training [0][   20/  196]   Loss 2.290660   Top1 12.031250   Top5 51.875000   BatchTime 0.130381   LR 0.001000   
2022-10-28 09:38:16,818 - INFO  - Training [0][   40/  196]   Loss 2.296622   Top1 11.396484   Top5 51.845703   BatchTime 0.115936   LR 0.001000   
2022-10-28 09:38:18,852 - INFO  - Training [0][   60/  196]   Loss 2.298610   Top1 10.820312   Top5 50.813802   BatchTime 0.111182   LR 0.001000   
2022-10-28 09:38:20,880 - INFO  - Training [0][   80/  196]   Loss 2.299604   Top1 10.561523   Top5 50.419922   BatchTime 0.108732   LR 0.001000   
2022-10-28 09:38:22,907 - INFO  - Training [0][  100/  196]   Loss 2.300200   Top1 10.554688   Top5 50.398438   BatchTime 0.107258   LR 0.001000   
