2022-10-28 08:34:22,114 - INFO  - Log file for this run: /home/ilena7440/LSQFakeQuant/out/88_20221028-083422/88_20221028-083422.log
2022-10-28 08:34:23,324 - INFO  - Dataset `cifar10` size:
          Training Set = 50000 (196)
        Validation Set = 10000 (40)
              Test Set = 10000 (40)
2022-10-28 08:34:23,358 - INFO  - Created `resnet20` model
          Use pre-trained model = True
2022-10-28 08:34:23,521 - INFO  - Optimizer: SGD (
           Parameter Group 0
               dampening: 0
               foreach: None
               lr: 0.001
               maximize: False
               momentum: 0.9
               nesterov: False
               weight_decay: 0.0001
           )
2022-10-28 08:34:23,521 - INFO  - LR scheduler: `MultiStepLr`
    Update per batch: True
             Group 0: 0.001

2022-10-28 08:34:24,781 - INFO  - >>>>>> Epoch -1 (pre-trained model evaluation)
2022-10-28 08:34:24,781 - INFO  - Validation: 10000 samples (256 per mini-batch)
2022-10-28 08:34:27,698 - INFO  - Validation [   20/   40]   Loss 3047.717822   Top1 12.753906   Top5 57.070312   BatchTime 0.145825   
2022-10-28 08:34:29,364 - INFO  - Validation [   40/   40]   Loss 3031.409704   Top1 12.670000   Top5 56.460000   BatchTime 0.114560   
2022-10-28 08:34:29,431 - INFO  - ==> Top1: 12.670    Top5: 56.460    Loss: 3031.410

2022-10-28 08:34:29,431 - INFO  - Scoreboard best 1 ==> Epoch [-1][Top1: 12.670   Top5: 56.460]
2022-10-28 08:34:29,431 - INFO  - >>>>>> Epoch   0
2022-10-28 08:34:29,431 - INFO  - Training: 50000 samples (256 per mini-batch)
2022-10-28 08:34:31,650 - INFO  - Training [0][   20/  196]   Loss 1.062530   Top1 71.835938   Top5 97.421875   BatchTime 0.110893   LR 0.001000   
2022-10-28 08:34:33,346 - INFO  - Training [0][   40/  196]   Loss 0.827112   Top1 77.060547   Top5 98.115234   BatchTime 0.097853   LR 0.001000   
2022-10-28 08:34:35,045 - INFO  - Training [0][   60/  196]   Loss 0.715642   Top1 79.485677   Top5 98.561198   BatchTime 0.093553   LR 0.001000   
2022-10-28 08:34:36,744 - INFO  - Training [0][   80/  196]   Loss 0.639799   Top1 81.215820   Top5 98.759766   BatchTime 0.091391   LR 0.001000   
2022-10-28 08:34:38,442 - INFO  - Training [0][  100/  196]   Loss 0.589828   Top1 82.394531   Top5 98.917969   BatchTime 0.090093   LR 0.001000   
2022-10-28 08:34:40,141 - INFO  - Training [0][  120/  196]   Loss 0.552938   Top1 83.287760   Top5 99.026693   BatchTime 0.089241   LR 0.001000   
2022-10-28 08:34:41,840 - INFO  - Training [0][  140/  196]   Loss 0.525567   Top1 83.906250   Top5 99.126674   BatchTime 0.088629   LR 0.001000   
