2022-11-25 07:29:57,386 - INFO  - Log file for this run: /home/ilena7440/LSQ_FakeQuant/out/88_20221125-072957/88_20221125-072957.log
2022-11-25 07:30:03,647 - INFO  - Dataset `cifar10` size:
          Training Set = 50000 (196)
        Validation Set = 10000 (40)
              Test Set = 10000 (40)
2022-11-25 07:30:03,895 - INFO  - Created `MobileNetv2` model
          Use pre-trained model = True
2022-11-25 07:30:04,821 - INFO  - Optimizer: AdamW (
           Parameter Group 0
               amsgrad: False
               betas: (0.9, 0.999)
               capturable: False
               eps: 1e-08
               foreach: None
               lr: 0.0005
               maximize: False
               weight_decay: 4e-05
           )
2022-11-25 07:30:04,822 - INFO  - LR scheduler: `CosineWarmRestartsLr`
    Update per batch: True
             Group 0: 0.0005

2022-11-25 07:30:06,984 - INFO  - >>>>>> Epoch   0
2022-11-25 07:30:06,986 - INFO  - Training: 50000 samples (256 per mini-batch)
