2022-11-01 12:02:14,665 - INFO  - Log file for this run: /home/ilena7440/LSQ_FakeQuant/out/88_20221101-120214/88_20221101-120214.log
2022-11-01 12:02:15,877 - INFO  - Dataset `cifar10` size:
          Training Set = 50000 (196)
        Validation Set = 10000 (40)
              Test Set = 10000 (40)
2022-11-01 12:02:15,967 - INFO  - Created `mobilenetv2` model
          Use pre-trained model = True
2022-11-01 12:02:16,626 - INFO  - Optimizer: SGD (
           Parameter Group 0
               dampening: 0
               foreach: None
               lr: 0.001
               maximize: False
               momentum: 0.9
               nesterov: False
               weight_decay: 0.0001
           )
2022-11-01 12:02:16,626 - INFO  - LR scheduler: `MultiStepLr`
    Update per batch: True
             Group 0: 0.001

2022-11-01 12:02:17,726 - INFO  - >>>>>> Epoch -1 (pre-trained model evaluation)
2022-11-01 12:02:17,726 - INFO  - Validation: 10000 samples (256 per mini-batch)
2022-11-01 12:02:21,585 - INFO  - Validation [   20/   40]   Loss nan   Top1 10.078125   Top5 50.019531   BatchTime 0.190604   
2022-11-01 12:02:22,929 - INFO  - Validation [   40/   40]   Loss nan   Top1 10.000000   Top5 50.000000   BatchTime 0.128916   
2022-11-01 12:02:23,016 - INFO  - ==> Top1: 10.000    Top5: 50.000    Loss: nan

2022-11-01 12:02:23,016 - INFO  - ==> Sparsity : 0.059

2022-11-01 12:02:23,016 - INFO  - Scoreboard best 1 ==> Epoch [-1][Top1: 10.000   Top5: 50.000]
2022-11-01 12:02:23,016 - INFO  - >>>>>> Epoch   0
2022-11-01 12:02:23,017 - INFO  - Training: 50000 samples (256 per mini-batch)
2022-11-01 12:02:26,670 - INFO  - Training [0][   20/  196]   Loss 10.528902   Top1 0.136719   Top5 0.859375   BatchTime 0.182509   LR 0.001000   
2022-11-01 12:02:29,405 - INFO  - Training [0][   40/  196]   Loss 8.984702   Top1 0.498047   Top5 2.949219   BatchTime 0.159632   LR 0.001000   
2022-11-01 12:02:32,201 - INFO  - Training [0][   60/  196]   Loss 8.099717   Top1 1.347656   Top5 6.692708   BatchTime 0.153015   LR 0.001000   
2022-11-01 12:02:34,931 - INFO  - Training [0][   80/  196]   Loss 7.491443   Top1 2.641602   Top5 11.782227   BatchTime 0.148891   LR 0.001000   
2022-11-01 12:02:37,659 - INFO  - Training [0][  100/  196]   Loss 7.025801   Top1 3.929688   Top5 16.507812   BatchTime 0.146388   LR 0.001000   
2022-11-01 12:02:40,472 - INFO  - Training [0][  120/  196]   Loss 6.627851   Top1 5.156250   Top5 21.321615   BatchTime 0.145435   LR 0.001000   
2022-11-01 12:02:43,253 - INFO  - Training [0][  140/  196]   Loss 6.273143   Top1 6.431362   Top5 26.096540   BatchTime 0.144522   LR 0.001000   
2022-11-01 12:02:46,045 - INFO  - Training [0][  160/  196]   Loss 5.956813   Top1 7.683105   Top5 30.461426   BatchTime 0.143905   LR 0.001000   
2022-11-01 12:02:48,803 - INFO  - Training [0][  180/  196]   Loss 5.676945   Top1 8.893229   Top5 34.309896   BatchTime 0.143236   LR 0.001000   
2022-11-01 12:02:51,100 - INFO  - ==> Top1: 9.714    Top5: 36.892    Loss: 5.486

