2022-11-15 04:35:35,442 - INFO  - Log file for this run: /home/ilena7440/LSQ_FakeQuant/out/88_20221115-043535/88_20221115-043535.log
2022-11-15 04:35:38,267 - INFO  - Dataset `imagenet` size:
          Training Set = 1281167 (10010)
        Validation Set = 50000 (391)
              Test Set = 50000 (391)
2022-11-15 04:35:38,362 - INFO  - Created `once_for_all` model
          Use pre-trained model = True
2022-11-15 04:35:38,603 - INFO  - Optimizer: SGD (
           Parameter Group 0
               dampening: 0
               differentiable: False
               foreach: None
               lr: 0.0001
               maximize: False
               momentum: 0.9
               nesterov: False
               weight_decay: 0.0005
           )
2022-11-15 04:35:38,603 - INFO  - LR scheduler: `MultiStepLr`
    Update per batch: True
             Group 0: 0.0001

2022-11-15 04:35:40,148 - INFO  - >>>>>> Epoch -1 (pre-trained model evaluation)
2022-11-15 04:35:40,148 - INFO  - Validation: 50000 samples (128 per mini-batch)
2022-11-15 04:35:48,956 - INFO  - Validation [   20/  391]   Loss 7.057348   Top1 0.000000   Top5 1.757812   BatchTime 0.440252   
2022-11-15 04:35:51,756 - INFO  - Validation [   40/  391]   Loss 7.067909   Top1 0.000000   Top5 0.917969   BatchTime 0.290130   
2022-11-15 04:35:54,556 - INFO  - Validation [   60/  391]   Loss 7.153885   Top1 0.000000   Top5 0.611979   BatchTime 0.240097   
2022-11-15 04:35:57,388 - INFO  - Validation [   80/  391]   Loss 7.117270   Top1 0.000000   Top5 0.458984   BatchTime 0.215472   
2022-11-15 04:36:00,189 - INFO  - Validation [  100/  391]   Loss 7.071171   Top1 0.000000   Top5 0.390625   BatchTime 0.200385   
2022-11-15 04:36:02,991 - INFO  - Validation [  120/  391]   Loss 7.042382   Top1 0.000000   Top5 0.332031   BatchTime 0.190334   
2022-11-15 04:36:05,794 - INFO  - Validation [  140/  391]   Loss 7.054809   Top1 0.195312   Top5 0.558036   BatchTime 0.183169   
2022-11-15 04:36:08,592 - INFO  - Validation [  160/  391]   Loss 7.056631   Top1 0.229492   Top5 0.654297   BatchTime 0.177756   
2022-11-15 04:36:11,387 - INFO  - Validation [  180/  391]   Loss 7.061568   Top1 0.208333   Top5 0.655382   BatchTime 0.173538   
2022-11-15 04:36:14,170 - INFO  - Validation [  200/  391]   Loss 7.066292   Top1 0.187500   Top5 0.589844   BatchTime 0.170098   
2022-11-15 04:36:16,956 - INFO  - Validation [  220/  391]   Loss 7.086051   Top1 0.170455   Top5 0.536222   BatchTime 0.167295   
2022-11-15 04:36:19,735 - INFO  - Validation [  240/  391]   Loss 7.105656   Top1 0.159505   Top5 0.527344   BatchTime 0.164932   
2022-11-15 04:36:22,521 - INFO  - Validation [  260/  391]   Loss 7.095162   Top1 0.180288   Top5 0.573918   BatchTime 0.162963   
2022-11-15 04:36:25,310 - INFO  - Validation [  280/  391]   Loss 7.086377   Top1 0.167411   Top5 0.532924   BatchTime 0.161281   
2022-11-15 04:36:28,082 - INFO  - Validation [  300/  391]   Loss 7.090437   Top1 0.156250   Top5 0.500000   BatchTime 0.159769   
2022-11-15 04:36:30,862 - INFO  - Validation [  320/  391]   Loss 7.096525   Top1 0.146484   Top5 0.478516   BatchTime 0.158474   
2022-11-15 04:36:33,644 - INFO  - Validation [  340/  391]   Loss 7.103917   Top1 0.137868   Top5 0.450368   BatchTime 0.157333   
2022-11-15 04:36:36,434 - INFO  - Validation [  360/  391]   Loss 7.095103   Top1 0.132378   Top5 0.466580   BatchTime 0.156342   
2022-11-15 04:36:39,150 - INFO  - Validation [  380/  391]   Loss 7.100840   Top1 0.125411   Top5 0.476974   BatchTime 0.155261   
2022-11-15 04:36:40,719 - INFO  - ==> Top1: 0.122    Top5: 0.464    Loss: 7.095

2022-11-15 04:36:40,719 - INFO  - Scoreboard best 1 ==> Epoch [-1][Top1: 0.122   Top5: 0.464]
2022-11-15 04:36:40,719 - INFO  - >>>>>> Epoch   0
2022-11-15 04:36:40,719 - INFO  - Training: 1281167 samples (128 per mini-batch)
2022-11-15 04:36:49,029 - INFO  - Training [0][   20/10010]   Loss 6.660642   Top1 3.750000   Top5 4.960938   BatchTime 0.415124   LR 0.000100   
2022-11-15 04:36:55,272 - INFO  - Training [0][   40/10010]   Loss 6.806855   Top1 1.914062   Top5 2.734375   BatchTime 0.363630   LR 0.000100   
2022-11-15 04:37:01,459 - INFO  - Training [0][   60/10010]   Loss 6.853408   Top1 1.302083   Top5 2.005208   BatchTime 0.345535   LR 0.000100   
2022-11-15 04:37:07,667 - INFO  - Training [0][   80/10010]   Loss 6.871856   Top1 0.986328   Top5 1.650391   BatchTime 0.336750   LR 0.000100   
2022-11-15 04:37:13,926 - INFO  - Training [0][  100/10010]   Loss 6.886162   Top1 0.820312   Top5 1.460938   BatchTime 0.331995   LR 0.000100   
2022-11-15 04:37:20,144 - INFO  - Training [0][  120/10010]   Loss 6.897986   Top1 0.716146   Top5 1.354167   BatchTime 0.328474   LR 0.000100   
2022-11-15 04:37:26,464 - INFO  - Training [0][  140/10010]   Loss 6.906002   Top1 0.630580   Top5 1.283482   BatchTime 0.326695   LR 0.000100   
2022-11-15 04:37:32,614 - INFO  - Training [0][  160/10010]   Loss 6.909820   Top1 0.566406   Top5 1.196289   BatchTime 0.324292   LR 0.000100   
2022-11-15 04:37:38,763 - INFO  - Training [0][  180/10010]   Loss 6.914256   Top1 0.516493   Top5 1.124132   BatchTime 0.322419   LR 0.000100   
2022-11-15 04:37:44,893 - INFO  - Training [0][  200/10010]   Loss 6.915969   Top1 0.480469   Top5 1.078125   BatchTime 0.320830   LR 0.000100   
2022-11-15 04:37:50,988 - INFO  - Training [0][  220/10010]   Loss 6.917630   Top1 0.447443   Top5 1.029830   BatchTime 0.319367   LR 0.000100   
2022-11-15 04:37:57,113 - INFO  - Training [0][  240/10010]   Loss 6.920446   Top1 0.416667   Top5 0.976562   BatchTime 0.318273   LR 0.000100   
2022-11-15 04:38:03,208 - INFO  - Training [0][  260/10010]   Loss 6.922255   Top1 0.396635   Top5 0.934495   BatchTime 0.317233   LR 0.000100   
2022-11-15 04:38:09,435 - INFO  - Training [0][  280/10010]   Loss 6.923033   Top1 0.379464   Top5 0.895647   BatchTime 0.316811   LR 0.000100   
2022-11-15 04:38:15,700 - INFO  - Training [0][  300/10010]   Loss 6.922888   Top1 0.375000   Top5 0.898438   BatchTime 0.316573   LR 0.000100   
2022-11-15 04:38:21,974 - INFO  - Training [0][  320/10010]   Loss 6.923057   Top1 0.351562   Top5 0.878906   BatchTime 0.316393   LR 0.000100   
2022-11-15 04:38:28,232 - INFO  - Training [0][  340/10010]   Loss 6.924553   Top1 0.337776   Top5 0.852482   BatchTime 0.316187   LR 0.000100   
2022-11-15 04:38:34,302 - INFO  - Training [0][  360/10010]   Loss 6.924939   Top1 0.327691   Top5 0.844184   BatchTime 0.315482   LR 0.000100   
2022-11-15 04:38:40,354 - INFO  - Training [0][  380/10010]   Loss 6.925338   Top1 0.312500   Top5 0.838816   BatchTime 0.314803   LR 0.000100   
2022-11-15 04:38:46,406 - INFO  - Training [0][  400/10010]   Loss 6.925721   Top1 0.308594   Top5 0.839844   BatchTime 0.314193   LR 0.000100   
2022-11-15 04:38:52,443 - INFO  - Training [0][  420/10010]   Loss 6.925491   Top1 0.295759   Top5 0.827753   BatchTime 0.313606   LR 0.000100   
2022-11-15 04:38:58,518 - INFO  - Training [0][  440/10010]   Loss 6.925508   Top1 0.289418   Top5 0.822088   BatchTime 0.313156   LR 0.000100   
2022-11-15 04:39:04,574 - INFO  - Training [0][  460/10010]   Loss 6.925618   Top1 0.280231   Top5 0.806726   BatchTime 0.312707   LR 0.000100   
2022-11-15 04:39:10,643 - INFO  - Training [0][  480/10010]   Loss 6.925270   Top1 0.276693   Top5 0.792643   BatchTime 0.312320   LR 0.000100   
2022-11-15 04:39:16,691 - INFO  - Training [0][  500/10010]   Loss 6.925289   Top1 0.273438   Top5 0.801562   BatchTime 0.311924   LR 0.000100   
2022-11-15 04:39:22,747 - INFO  - Training [0][  520/10010]   Loss 6.925134   Top1 0.265925   Top5 0.788762   BatchTime 0.311572   LR 0.000100   
2022-11-15 04:39:28,812 - INFO  - Training [0][  540/10010]   Loss 6.925356   Top1 0.257523   Top5 0.774016   BatchTime 0.311265   LR 0.000100   
2022-11-15 04:39:34,920 - INFO  - Training [0][  560/10010]   Loss 6.925373   Top1 0.252511   Top5 0.768694   BatchTime 0.311056   LR 0.000100   
2022-11-15 04:39:41,052 - INFO  - Training [0][  580/10010]   Loss 6.925695   Top1 0.246498   Top5 0.765086   BatchTime 0.310901   LR 0.000100   
2022-11-15 04:39:47,103 - INFO  - Training [0][  600/10010]   Loss 6.925709   Top1 0.240885   Top5 0.768229   BatchTime 0.310623   LR 0.000100   
2022-11-15 04:39:53,152 - INFO  - Training [0][  620/10010]   Loss 6.925254   Top1 0.238155   Top5 0.771169   BatchTime 0.310358   LR 0.000100   
2022-11-15 04:39:59,190 - INFO  - Training [0][  640/10010]   Loss 6.925290   Top1 0.233154   Top5 0.776367   BatchTime 0.310095   LR 0.000100   
2022-11-15 04:40:05,274 - INFO  - Training [0][  660/10010]   Loss 6.925470   Top1 0.232008   Top5 0.780066   BatchTime 0.309916   LR 0.000100   
2022-11-15 04:40:11,319 - INFO  - Training [0][  680/10010]   Loss 6.925701   Top1 0.226333   Top5 0.768612   BatchTime 0.309689   LR 0.000100   
2022-11-15 04:40:17,376 - INFO  - Training [0][  700/10010]   Loss 6.925897   Top1 0.224330   Top5 0.767857   BatchTime 0.309494   LR 0.000100   
2022-11-15 04:40:23,423 - INFO  - Training [0][  720/10010]   Loss 6.925205   Top1 0.222439   Top5 0.772569   BatchTime 0.309295   LR 0.000100   
2022-11-15 04:40:29,568 - INFO  - Training [0][  740/10010]   Loss 6.925184   Top1 0.217483   Top5 0.769637   BatchTime 0.309241   LR 0.000100   
2022-11-15 04:40:35,633 - INFO  - Training [0][  760/10010]   Loss 6.925344   Top1 0.215872   Top5 0.762747   BatchTime 0.309083   LR 0.000100   
2022-11-15 04:40:41,669 - INFO  - Training [0][  780/10010]   Loss 6.925518   Top1 0.212340   Top5 0.761218   BatchTime 0.308896   LR 0.000100   
2022-11-15 04:40:47,723 - INFO  - Training [0][  800/10010]   Loss 6.925405   Top1 0.210938   Top5 0.764648   BatchTime 0.308741   LR 0.000100   
2022-11-15 04:40:53,765 - INFO  - Training [0][  820/10010]   Loss 6.925119   Top1 0.208651   Top5 0.766959   BatchTime 0.308578   LR 0.000100   
2022-11-15 04:40:59,832 - INFO  - Training [0][  840/10010]   Loss 6.924799   Top1 0.207403   Top5 0.765439   BatchTime 0.308453   LR 0.000100   
2022-11-15 04:41:05,911 - INFO  - Training [0][  860/10010]   Loss 6.924786   Top1 0.203488   Top5 0.757631   BatchTime 0.308349   LR 0.000100   
2022-11-15 04:41:11,945 - INFO  - Training [0][  880/10010]   Loss 6.924842   Top1 0.202415   Top5 0.753729   BatchTime 0.308198   LR 0.000100   
2022-11-15 04:41:17,978 - INFO  - Training [0][  900/10010]   Loss 6.924742   Top1 0.203125   Top5 0.755208   BatchTime 0.308053   LR 0.000100   
2022-11-15 04:41:24,024 - INFO  - Training [0][  920/10010]   Loss 6.924641   Top1 0.199558   Top5 0.751529   BatchTime 0.307927   LR 0.000100   
2022-11-15 04:41:30,068 - INFO  - Training [0][  940/10010]   Loss 6.924767   Top1 0.199468   Top5 0.748005   BatchTime 0.307805   LR 0.000100   
2022-11-15 04:41:36,786 - INFO  - Training [0][  960/10010]   Loss 6.924634   Top1 0.201009   Top5 0.749512   BatchTime 0.308391   LR 0.000100   
2022-11-15 04:41:43,836 - INFO  - Training [0][  980/10010]   Loss 6.924400   Top1 0.199298   Top5 0.750957   BatchTime 0.309291   LR 0.000100   
2022-11-15 04:41:50,835 - INFO  - Training [0][ 1000/10010]   Loss 6.924533   Top1 0.198437   Top5 0.749219   BatchTime 0.310103   LR 0.000100   
2022-11-15 04:41:58,107 - INFO  - Training [0][ 1020/10010]   Loss 6.924301   Top1 0.197610   Top5 0.744485   BatchTime 0.311152   LR 0.000100   
2022-11-15 04:42:05,146 - INFO  - Training [0][ 1040/10010]   Loss 6.924283   Top1 0.197566   Top5 0.745192   BatchTime 0.311937   LR 0.000100   
2022-11-15 04:42:12,245 - INFO  - Training [0][ 1060/10010]   Loss 6.923971   Top1 0.197524   Top5 0.746610   BatchTime 0.312748   LR 0.000100   
2022-11-15 04:42:19,466 - INFO  - Training [0][ 1080/10010]   Loss 6.923569   Top1 0.198929   Top5 0.753762   BatchTime 0.313642   LR 0.000100   
2022-11-15 04:42:26,694 - INFO  - Training [0][ 1100/10010]   Loss 6.923315   Top1 0.198864   Top5 0.754972   BatchTime 0.314510   LR 0.000100   
2022-11-15 04:42:33,338 - INFO  - Training [0][ 1120/10010]   Loss 6.923077   Top1 0.196010   Top5 0.751953   BatchTime 0.314826   LR 0.000100   
2022-11-15 04:42:40,248 - INFO  - Training [0][ 1140/10010]   Loss 6.922910   Top1 0.195998   Top5 0.751096   BatchTime 0.315364   LR 0.000100   
2022-11-15 04:42:46,462 - INFO  - Training [0][ 1160/10010]   Loss 6.922701   Top1 0.196659   Top5 0.759025   BatchTime 0.315283   LR 0.000100   
