2022-11-01 11:11:50,239 - INFO  - Log file for this run: /home/ilena7440/LSQ_FakeQuant/out/88_20221101-111150/88_20221101-111150.log
2022-11-01 11:11:51,471 - INFO  - Dataset `cifar10` size:
          Training Set = 50000 (196)
        Validation Set = 10000 (40)
              Test Set = 10000 (40)
2022-11-01 11:11:51,559 - INFO  - Created `mobilenetv2` model
          Use pre-trained model = True
2022-11-01 11:11:52,219 - INFO  - Optimizer: SGD (
           Parameter Group 0
               dampening: 0
               foreach: None
               lr: 0.001
               maximize: False
               momentum: 0.9
               nesterov: False
               weight_decay: 0.0001
           )
2022-11-01 11:11:52,219 - INFO  - LR scheduler: `MultiStepLr`
    Update per batch: True
             Group 0: 0.001

2022-11-01 11:11:53,304 - INFO  - >>>>>> Epoch -1 (pre-trained model evaluation)
2022-11-01 11:11:53,304 - INFO  - Validation: 10000 samples (256 per mini-batch)
2022-11-01 11:11:56,891 - INFO  - Validation [   20/   40]   Loss nan   Top1 10.078125   Top5 50.019531   BatchTime 0.177024   
2022-11-01 11:11:58,222 - INFO  - Validation [   40/   40]   Loss nan   Top1 10.000000   Top5 50.000000   BatchTime 0.121792   
2022-11-01 11:11:58,309 - INFO  - ==> Top1: 10.000    Top5: 50.000    Loss: nan

2022-11-01 11:11:58,309 - INFO  - ==> Sparsity : 0.059

2022-11-01 11:11:58,356 - INFO  - Scoreboard best 1 ==> Epoch [-1][Top1: 10.000   Top5: 50.000]
2022-11-01 11:11:58,356 - INFO  - >>>>>> Epoch   0
2022-11-01 11:11:58,358 - INFO  - Training: 50000 samples (256 per mini-batch)
2022-11-01 11:12:02,143 - INFO  - Training [0][   20/  196]   Loss 10.509720   Top1 0.156250   Top5 0.937500   BatchTime 0.189038   LR 0.001000   
2022-11-01 11:12:05,062 - INFO  - Training [0][   40/  196]   Loss 8.939342   Top1 0.507812   Top5 3.173828   BatchTime 0.167507   LR 0.001000   
2022-11-01 11:12:07,952 - INFO  - Training [0][   60/  196]   Loss 8.068104   Top1 1.549479   Top5 7.252604   BatchTime 0.159832   LR 0.001000   
2022-11-01 11:12:10,787 - INFO  - Training [0][   80/  196]   Loss 7.468515   Top1 2.680664   Top5 12.026367   BatchTime 0.155306   LR 0.001000   
2022-11-01 11:12:13,666 - INFO  - Training [0][  100/  196]   Loss 6.989976   Top1 4.015625   Top5 17.152344   BatchTime 0.153036   LR 0.001000   
2022-11-01 11:12:16,493 - INFO  - Training [0][  120/  196]   Loss 6.605704   Top1 5.201823   Top5 21.764323   BatchTime 0.151091   LR 0.001000   
2022-11-01 11:12:19,379 - INFO  - Training [0][  140/  196]   Loss 6.261464   Top1 6.369978   Top5 26.406250   BatchTime 0.150121   LR 0.001000   
2022-11-01 11:12:22,227 - INFO  - Training [0][  160/  196]   Loss 5.951925   Top1 7.609863   Top5 30.529785   BatchTime 0.149152   LR 0.001000   
2022-11-01 11:12:25,013 - INFO  - Training [0][  180/  196]   Loss 5.682943   Top1 8.591580   Top5 34.194878   BatchTime 0.148058   LR 0.001000   
2022-11-01 11:12:27,317 - INFO  - ==> Top1: 9.242    Top5: 36.526    Loss: 5.500

2022-11-01 11:12:27,724 - INFO  - Validation: 10000 samples (256 per mini-batch)
2022-11-01 11:12:31,588 - INFO  - Validation [0][   20/   40]   Loss 3.197957   Top1 18.554688   Top5 67.070312   BatchTime 0.193117   
2022-11-01 11:12:34,236 - INFO  - Validation [0][   40/   40]   Loss 3.189944   Top1 18.370000   Top5 67.210000   BatchTime 0.162781   
2022-11-01 11:12:34,395 - INFO  - ==> Top1: 18.370    Top5: 67.210    Loss: 3.190

2022-11-01 11:12:34,396 - INFO  - ==> Sparsity : 0.108

2022-11-01 11:12:34,429 - INFO  - Validation: 10000 samples (256 per mini-batch)
2022-11-01 11:12:35,723 - INFO  - Validation [0][   20/   40]   Loss 3.983189   Top1 10.507812   Top5 50.371094   BatchTime 0.064602   
2022-11-01 11:12:36,082 - INFO  - Validation [0][   40/   40]   Loss 3.985456   Top1 10.510000   Top5 51.100000   BatchTime 0.041275   
