2022-11-01 12:30:43,326 - INFO  - Log file for this run: /home/ilena7440/LSQ_FakeQuant/out/88_20221101-123043/88_20221101-123043.log
2022-11-01 12:30:44,564 - INFO  - Dataset `cifar10` size:
          Training Set = 50000 (196)
        Validation Set = 10000 (40)
              Test Set = 10000 (40)
2022-11-01 12:30:44,652 - INFO  - Created `mobilenetv2` model
          Use pre-trained model = True
2022-11-01 12:30:45,317 - INFO  - Optimizer: SGD (
           Parameter Group 0
               dampening: 0
               foreach: None
               lr: 0.001
               maximize: False
               momentum: 0.9
               nesterov: False
               weight_decay: 0.0001
           )
2022-11-01 12:30:45,317 - INFO  - LR scheduler: `MultiStepLr`
    Update per batch: True
             Group 0: 0.001

2022-11-01 12:30:46,395 - INFO  - >>>>>> Epoch -1 (pre-trained model evaluation)
2022-11-01 12:30:46,396 - INFO  - Validation: 10000 samples (256 per mini-batch)
2022-11-01 12:30:50,008 - INFO  - Validation [   20/   40]   Loss nan   Top1 10.078125   Top5 50.019531   BatchTime 0.178617   
2022-11-01 12:30:51,355 - INFO  - Validation [   40/   40]   Loss nan   Top1 10.000000   Top5 50.000000   BatchTime 0.122991   
2022-11-01 12:30:51,441 - INFO  - ==> Top1: 10.000    Top5: 50.000    Loss: nan

2022-11-01 12:30:51,441 - INFO  - ==> Sparsity : 0.059

2022-11-01 12:30:51,488 - INFO  - Scoreboard best 1 ==> Epoch [-1][Top1: 10.000   Top5: 50.000]
2022-11-01 12:30:51,489 - INFO  - >>>>>> Epoch   0
2022-11-01 12:30:51,490 - INFO  - Training: 50000 samples (256 per mini-batch)
2022-11-01 12:30:55,230 - INFO  - Training [0][   20/  196]   Loss 20.450146   Top1 0.136719   Top5 0.976562   BatchTime 0.186906   LR 0.001000   
2022-11-01 12:30:58,044 - INFO  - Training [0][   40/  196]   Loss 18.890008   Top1 0.576172   Top5 3.203125   BatchTime 0.163798   LR 0.001000   
2022-11-01 12:31:00,965 - INFO  - Training [0][   60/  196]   Loss 17.990763   Top1 1.660156   Top5 7.454427   BatchTime 0.157876   LR 0.001000   
2022-11-01 12:31:03,787 - INFO  - Training [0][   80/  196]   Loss 17.373922   Top1 2.993164   Top5 12.744141   BatchTime 0.153680   LR 0.001000   
2022-11-01 12:31:06,596 - INFO  - Training [0][  100/  196]   Loss 16.897898   Top1 4.371094   Top5 17.730469   BatchTime 0.151040   LR 0.001000   
2022-11-01 12:31:09,408 - INFO  - Training [0][  120/  196]   Loss 16.512950   Top1 5.520833   Top5 22.431641   BatchTime 0.149292   LR 0.001000   
2022-11-01 12:31:12,255 - INFO  - Training [0][  140/  196]   Loss 16.165215   Top1 6.835938   Top5 27.056362   BatchTime 0.148306   LR 0.001000   
2022-11-01 12:31:15,033 - INFO  - Training [0][  160/  196]   Loss 15.858374   Top1 7.937012   Top5 31.247559   BatchTime 0.147124   LR 0.001000   
2022-11-01 12:31:17,761 - INFO  - Training [0][  180/  196]   Loss 15.595611   Top1 8.910590   Top5 34.683160   BatchTime 0.145937   LR 0.001000   
2022-11-01 12:31:20,091 - INFO  - ==> Top1: 9.604    Top5: 37.222    Loss: 15.410

2022-11-01 12:31:20,194 - INFO  - Created `mobilenetv2` model
          Use pre-trained model = False
2022-11-01 12:31:21,106 - INFO  - Validation: 10000 samples (256 per mini-batch)
2022-11-01 12:31:24,893 - INFO  - Validation [0][   20/   40]   Loss 3.107598   Top1 19.726562   Top5 68.437500   BatchTime 0.189226   
2022-11-01 12:31:27,689 - INFO  - Validation [0][   40/   40]   Loss 3.130798   Top1 19.040000   Top5 68.220000   BatchTime 0.164533   
2022-11-01 12:31:27,833 - INFO  - ==> Top1: 19.040    Top5: 68.220    Loss: 3.131

2022-11-01 12:31:27,833 - INFO  - ==> Sparsity : 0.108

2022-11-01 12:31:27,867 - INFO  - Validation: 10000 samples (256 per mini-batch)
2022-11-01 12:31:29,180 - INFO  - Validation [0][   20/   40]   Loss 3.328397   Top1 19.003906   Top5 65.644531   BatchTime 0.065566   
2022-11-01 12:31:29,532 - INFO  - Validation [0][   40/   40]   Loss 3.323370   Top1 18.810000   Top5 66.170000   BatchTime 0.041607   
