2022-10-28 07:15:33,036 - INFO  - Log file for this run: /home/ilena7440/LSQFakeQuant/out/88_20221028-071533/88_20221028-071533.log
2022-10-28 07:15:34,788 - INFO  - Dataset `cifar10` size:
          Training Set = 50000 (196)
        Validation Set = 10000 (40)
              Test Set = 10000 (40)
2022-10-28 07:15:34,821 - INFO  - Created `resnet20` model
          Use pre-trained model = True
2022-10-28 07:15:34,989 - INFO  - Optimizer: SGD (
           Parameter Group 0
               dampening: 0
               foreach: None
               lr: 0.001
               maximize: False
               momentum: 0.9
               nesterov: False
               weight_decay: 0.0001
           )
2022-10-28 07:15:34,989 - INFO  - LR scheduler: `MultiStepLr`
    Update per batch: True
             Group 0: 0.001

2022-10-28 07:15:36,253 - INFO  - >>>>>> Epoch -1 (pre-trained model evaluation)
2022-10-28 07:15:36,253 - INFO  - Validation: 10000 samples (256 per mini-batch)
2022-10-28 07:15:39,229 - INFO  - Validation [   20/   40]   Loss 2.355738   Top1 10.156250   Top5 49.882812   BatchTime 0.148775   
2022-10-28 07:15:40,883 - INFO  - Validation [   40/   40]   Loss 2.355834   Top1 10.190000   Top5 50.000000   BatchTime 0.115733   
2022-10-28 07:15:40,956 - INFO  - ==> Top1: 10.190    Top5: 50.000    Loss: 2.356

2022-10-28 07:15:40,956 - INFO  - Scoreboard best 1 ==> Epoch [-1][Top1: 10.190   Top5: 50.000]
2022-10-28 07:15:40,956 - INFO  - >>>>>> Epoch   0
2022-10-28 07:15:40,957 - INFO  - Training: 50000 samples (256 per mini-batch)
2022-10-28 07:15:43,723 - INFO  - Training [0][   20/  196]   Loss nan   Top1 12.246094   Top5 52.324219   BatchTime 0.138270   LR 0.001000   
