2022-10-28 08:31:53,512 - INFO  - Log file for this run: /home/ilena7440/LSQFakeQuant/out/88_20221028-083153/88_20221028-083153.log
2022-10-28 08:31:55,257 - INFO  - Dataset `cifar10` size:
          Training Set = 50000 (196)
        Validation Set = 10000 (40)
              Test Set = 10000 (40)
2022-10-28 08:31:55,290 - INFO  - Created `resnet20` model
          Use pre-trained model = True
2022-10-28 08:31:55,455 - INFO  - Optimizer: SGD (
           Parameter Group 0
               dampening: 0
               foreach: None
               lr: 0.001
               maximize: False
               momentum: 0.9
               nesterov: False
               weight_decay: 0.0001
           )
2022-10-28 08:31:55,455 - INFO  - LR scheduler: `MultiStepLr`
    Update per batch: True
             Group 0: 0.001

2022-10-28 08:31:56,716 - INFO  - >>>>>> Epoch -1 (pre-trained model evaluation)
2022-10-28 08:31:56,716 - INFO  - Validation: 10000 samples (256 per mini-batch)
2022-10-28 08:31:59,658 - INFO  - Validation [   20/   40]   Loss 3047.717822   Top1 12.753906   Top5 57.070312   BatchTime 0.147072   
2022-10-28 08:32:01,318 - INFO  - Validation [   40/   40]   Loss 3031.409704   Top1 12.670000   Top5 56.460000   BatchTime 0.115024   
2022-10-28 08:32:01,398 - INFO  - ==> Top1: 12.670    Top5: 56.460    Loss: 3031.410

2022-10-28 08:32:01,398 - INFO  - Scoreboard best 1 ==> Epoch [-1][Top1: 12.670   Top5: 56.460]
2022-10-28 08:32:01,398 - INFO  - >>>>>> Epoch   0
2022-10-28 08:32:01,398 - INFO  - Training: 50000 samples (256 per mini-batch)
2022-10-28 08:32:03,663 - INFO  - Training [0][   20/  196]   Loss 1.135068   Top1 69.414062   Top5 97.128906   BatchTime 0.113207   LR 0.001000   
2022-10-28 08:32:05,362 - INFO  - Training [0][   40/  196]   Loss 0.870906   Top1 75.429688   Top5 98.115234   BatchTime 0.099076   LR 0.001000   
2022-10-28 08:32:07,067 - INFO  - Training [0][   60/  196]   Loss 0.743740   Top1 78.313802   Top5 98.463542   BatchTime 0.094464   LR 0.001000   
2022-10-28 08:32:08,768 - INFO  - Training [0][   80/  196]   Loss 0.665507   Top1 80.190430   Top5 98.740234   BatchTime 0.092108   LR 0.001000   
2022-10-28 08:32:10,469 - INFO  - Training [0][  100/  196]   Loss 0.611285   Top1 81.535156   Top5 98.902344   BatchTime 0.090697   LR 0.001000   
2022-10-28 08:32:12,170 - INFO  - Training [0][  120/  196]   Loss 0.572990   Top1 82.535807   Top5 99.020182   BatchTime 0.089754   LR 0.001000   
2022-10-28 08:32:13,869 - INFO  - Training [0][  140/  196]   Loss 0.542828   Top1 83.225446   Top5 99.084821   BatchTime 0.089073   LR 0.001000   
2022-10-28 08:32:15,569 - INFO  - Training [0][  160/  196]   Loss 0.517754   Top1 83.840332   Top5 99.147949   BatchTime 0.088562   LR 0.001000   
2022-10-28 08:32:17,263 - INFO  - Training [0][  180/  196]   Loss 0.495822   Top1 84.435764   Top5 99.192708   BatchTime 0.088130   LR 0.001000   
2022-10-28 08:32:18,661 - INFO  - ==> Top1: 84.850    Top5: 99.230    Loss: 0.481

2022-10-28 08:32:18,773 - INFO  - Validation: 10000 samples (256 per mini-batch)
2022-10-28 08:32:20,394 - INFO  - Validation [0][   20/   40]   Loss 0.428168   Top1 86.660156   Top5 99.375000   BatchTime 0.081031   
