2022-11-25 07:08:33,057 - INFO  - Log file for this run: /home/ilena7440/LSQ_FakeQuant/out/88_20221125-070833/88_20221125-070833.log
2022-11-25 07:08:37,121 - INFO  - Dataset `cifar10` size:
          Training Set = 50000 (196)
        Validation Set = 10000 (40)
              Test Set = 10000 (40)
2022-11-25 07:08:37,231 - INFO  - Created `MobileNetv2` model
          Use pre-trained model = True
2022-11-25 07:08:38,075 - INFO  - Optimizer: AdamW (
           Parameter Group 0
               amsgrad: False
               betas: (0.9, 0.999)
               capturable: False
               eps: 1e-08
               foreach: None
               lr: 0.005
               maximize: False
               weight_decay: 4e-05
           )
2022-11-25 07:08:38,076 - INFO  - LR scheduler: `CosineWarmRestartsLr`
    Update per batch: True
             Group 0: 0.005

2022-11-25 07:08:39,830 - INFO  - >>>>>> Epoch   0
2022-11-25 07:08:39,832 - INFO  - Training: 50000 samples (256 per mini-batch)
2022-11-25 07:08:46,561 - INFO  - Training [0][   20/  196]   Loss 2.269094   Top1 13.183594   Top5 57.070312   BatchTime 0.336319   LR 0.004999   
2022-11-25 07:08:51,856 - INFO  - Training [0][   40/  196]   Loss 2.290670   Top1 11.464844   Top5 53.544922   BatchTime 0.300538   LR 0.004995   
2022-11-25 07:08:57,275 - INFO  - Training [0][   60/  196]   Loss 2.297315   Top1 10.989583   Top5 52.454427   BatchTime 0.290664   LR 0.004989   
2022-11-25 07:09:02,601 - INFO  - Training [0][   80/  196]   Loss nan   Top1 10.600586   Top5 51.577148   BatchTime 0.284576   LR 0.004980   
