2022-10-28 08:15:29,572 - INFO  - Log file for this run: /home/ilena7440/LSQFakeQuant/out/88_20221028-081529/88_20221028-081529.log
2022-10-28 08:15:31,372 - INFO  - Dataset `cifar10` size:
          Training Set = 50000 (196)
        Validation Set = 10000 (40)
              Test Set = 10000 (40)
2022-10-28 08:15:31,406 - INFO  - Created `resnet20` model
          Use pre-trained model = True
2022-10-28 08:15:31,573 - INFO  - Optimizer: SGD (
           Parameter Group 0
               dampening: 0
               foreach: None
               lr: 0.001
               maximize: False
               momentum: 0.9
               nesterov: False
               weight_decay: 0.0001
           )
2022-10-28 08:15:31,573 - INFO  - LR scheduler: `MultiStepLr`
    Update per batch: True
             Group 0: 0.001

2022-10-28 08:15:32,885 - INFO  - >>>>>> Epoch -1 (pre-trained model evaluation)
2022-10-28 08:15:32,886 - INFO  - Validation: 10000 samples (256 per mini-batch)
2022-10-28 08:15:35,922 - INFO  - Validation [   20/   40]   Loss 3047.717822   Top1 12.753906   Top5 57.070312   BatchTime 0.151814   
2022-10-28 08:15:37,450 - INFO  - Validation [   40/   40]   Loss 3031.409704   Top1 12.670000   Top5 56.460000   BatchTime 0.114090   
2022-10-28 08:15:37,554 - INFO  - ==> Top1: 12.670    Top5: 56.460    Loss: 3031.410

2022-10-28 08:15:37,554 - INFO  - Scoreboard best 1 ==> Epoch [-1][Top1: 12.670   Top5: 56.460]
2022-10-28 08:15:37,554 - INFO  - >>>>>> Epoch   0
2022-10-28 08:15:37,554 - INFO  - Training: 50000 samples (256 per mini-batch)
2022-10-28 08:15:39,842 - INFO  - Training [0][   20/  196]   Loss 1.082477   Top1 71.152344   Top5 97.539062   BatchTime 0.114353   LR 0.001000   
2022-10-28 08:15:41,547 - INFO  - Training [0][   40/  196]   Loss 0.842411   Top1 76.308594   Top5 98.193359   BatchTime 0.099815   LR 0.001000   
2022-10-28 08:15:43,253 - INFO  - Training [0][   60/  196]   Loss 0.723307   Top1 79.231771   Top5 98.574219   BatchTime 0.094971   LR 0.001000   
2022-10-28 08:15:44,972 - INFO  - Training [0][   80/  196]   Loss 0.652669   Top1 80.937500   Top5 98.774414   BatchTime 0.092718   LR 0.001000   
2022-10-28 08:15:46,673 - INFO  - Training [0][  100/  196]   Loss 0.598721   Top1 82.128906   Top5 98.945312   BatchTime 0.091177   LR 0.001000   
2022-10-28 08:15:48,388 - INFO  - Training [0][  120/  196]   Loss 0.561486   Top1 83.069661   Top5 99.033203   BatchTime 0.090271   LR 0.001000   
2022-10-28 08:15:50,102 - INFO  - Training [0][  140/  196]   Loss 0.535017   Top1 83.685826   Top5 99.104353   BatchTime 0.089618   LR 0.001000   
2022-10-28 08:15:51,821 - INFO  - Training [0][  160/  196]   Loss 0.511979   Top1 84.230957   Top5 99.150391   BatchTime 0.089160   LR 0.001000   
2022-10-28 08:15:53,518 - INFO  - Training [0][  180/  196]   Loss 0.492534   Top1 84.724392   Top5 99.199219   BatchTime 0.088684   LR 0.001000   
2022-10-28 08:15:54,937 - INFO  - ==> Top1: 85.068    Top5: 99.228    Loss: 0.479

2022-10-28 08:15:55,059 - INFO  - Validation: 10000 samples (256 per mini-batch)
2022-10-28 08:15:56,734 - INFO  - Validation [0][   20/   40]   Loss 0.422887   Top1 86.875000   Top5 99.472656   BatchTime 0.083723   
2022-10-28 08:15:57,822 - INFO  - Validation [0][   40/   40]   Loss 0.419325   Top1 86.880000   Top5 99.410000   BatchTime 0.069077   
2022-10-28 08:15:57,909 - INFO  - ==> Top1: 86.880    Top5: 99.410    Loss: 0.419

2022-10-28 08:15:57,909 - INFO  - Validation: 10000 samples (256 per mini-batch)
2022-10-28 08:15:59,803 - INFO  - Validation [0][   20/   40]   Loss 2.460870   Top1 10.000000   Top5 49.863281   BatchTime 0.094678   
2022-10-28 08:16:01,229 - INFO  - Validation [0][   40/   40]   Loss 2.459855   Top1 10.000000   Top5 50.000000   BatchTime 0.082982   
2022-10-28 08:16:01,308 - INFO  - ==> Top1: 10.000    Top5: 50.000    Loss: 2.460

2022-10-28 08:16:01,308 - INFO  - Scoreboard best 1 ==> Epoch [-1][Top1: 12.670   Top5: 56.460]
2022-10-28 08:16:01,308 - INFO  - Scoreboard best 2 ==> Epoch [0][Top1: 10.000   Top5: 50.000]
2022-10-28 08:16:01,342 - INFO  - Saving checkpoint to:
            Current: /home/ilena7440/LSQFakeQuant/out/88_20221028-081529/88_checkpoint.pth.tar

2022-10-28 08:16:01,342 - INFO  - >>>>>> Epoch   1
2022-10-28 08:16:01,343 - INFO  - Training: 50000 samples (256 per mini-batch)
2022-10-28 08:16:03,644 - INFO  - Training [1][   20/  196]   Loss 0.298090   Top1 89.882812   Top5 99.746094   BatchTime 0.115042   LR 0.001000   
2022-10-28 08:16:05,353 - INFO  - Training [1][   40/  196]   Loss 0.291970   Top1 90.195312   Top5 99.775391   BatchTime 0.100248   LR 0.001000   
2022-10-28 08:16:07,059 - INFO  - Training [1][   60/  196]   Loss 0.289862   Top1 90.123698   Top5 99.772135   BatchTime 0.095267   LR 0.001000   
2022-10-28 08:16:08,765 - INFO  - Training [1][   80/  196]   Loss 0.291196   Top1 90.068359   Top5 99.721680   BatchTime 0.092776   LR 0.001000   
2022-10-28 08:16:10,471 - INFO  - Training [1][  100/  196]   Loss 0.290301   Top1 90.093750   Top5 99.710938   BatchTime 0.091274   LR 0.001000   
2022-10-28 08:16:12,176 - INFO  - Training [1][  120/  196]   Loss 0.288124   Top1 90.139974   Top5 99.720052   BatchTime 0.090267   LR 0.001000   
2022-10-28 08:16:13,882 - INFO  - Training [1][  140/  196]   Loss 0.285874   Top1 90.251116   Top5 99.723772   BatchTime 0.089559   LR 0.001000   
2022-10-28 08:16:15,588 - INFO  - Training [1][  160/  196]   Loss 0.285637   Top1 90.261230   Top5 99.719238   BatchTime 0.089026   LR 0.001000   
