2022-11-01 12:05:24,822 - INFO  - Log file for this run: /home/ilena7440/LSQ_FakeQuant/out/88_20221101-120524/88_20221101-120524.log
2022-11-01 12:05:26,043 - INFO  - Dataset `cifar10` size:
          Training Set = 50000 (196)
        Validation Set = 10000 (40)
              Test Set = 10000 (40)
2022-11-01 12:05:26,130 - INFO  - Created `mobilenetv2` model
          Use pre-trained model = True
2022-11-01 12:05:26,789 - INFO  - Optimizer: SGD (
           Parameter Group 0
               dampening: 0
               foreach: None
               lr: 0.001
               maximize: False
               momentum: 0.9
               nesterov: False
               weight_decay: 0.0001
           )
2022-11-01 12:05:26,790 - INFO  - LR scheduler: `MultiStepLr`
    Update per batch: True
             Group 0: 0.001

2022-11-01 12:05:27,870 - INFO  - >>>>>> Epoch -1 (pre-trained model evaluation)
2022-11-01 12:05:27,871 - INFO  - Validation: 10000 samples (256 per mini-batch)
2022-11-01 12:05:31,419 - INFO  - Validation [   20/   40]   Loss nan   Top1 10.078125   Top5 50.019531   BatchTime 0.177343   
2022-11-01 12:05:32,770 - INFO  - Validation [   40/   40]   Loss nan   Top1 10.000000   Top5 50.000000   BatchTime 0.122434   
2022-11-01 12:05:32,859 - INFO  - ==> Top1: 10.000    Top5: 50.000    Loss: nan

2022-11-01 12:05:32,859 - INFO  - ==> Sparsity : 0.059

2022-11-01 12:05:32,859 - INFO  - Scoreboard best 1 ==> Epoch [-1][Top1: 10.000   Top5: 50.000]
2022-11-01 12:05:32,859 - INFO  - >>>>>> Epoch   0
2022-11-01 12:05:32,860 - INFO  - Training: 50000 samples (256 per mini-batch)
2022-11-01 12:05:36,530 - INFO  - Training [0][   20/  196]   Loss 10.540779   Top1 0.175781   Top5 0.839844   BatchTime 0.183372   LR 0.001000   
2022-11-01 12:05:39,238 - INFO  - Training [0][   40/  196]   Loss 8.971641   Top1 0.478516   Top5 2.949219   BatchTime 0.159366   LR 0.001000   
2022-11-01 12:05:42,105 - INFO  - Training [0][   60/  196]   Loss 8.049691   Top1 1.718750   Top5 7.552083   BatchTime 0.154040   LR 0.001000   
2022-11-01 12:05:44,906 - INFO  - Training [0][   80/  196]   Loss 7.416673   Top1 3.110352   Top5 12.905273   BatchTime 0.150542   LR 0.001000   
2022-11-01 12:05:47,683 - INFO  - Training [0][  100/  196]   Loss 6.930765   Top1 4.410156   Top5 18.097656   BatchTime 0.148203   LR 0.001000   
2022-11-01 12:05:50,449 - INFO  - Training [0][  120/  196]   Loss 6.524769   Top1 5.690104   Top5 23.050130   BatchTime 0.146548   LR 0.001000   
2022-11-01 12:05:53,225 - INFO  - Training [0][  140/  196]   Loss 6.167388   Top1 6.844308   Top5 27.734375   BatchTime 0.145443   LR 0.001000   
2022-11-01 12:05:55,989 - INFO  - Training [0][  160/  196]   Loss 5.865380   Top1 7.915039   Top5 31.892090   BatchTime 0.144536   LR 0.001000   
2022-11-01 12:05:58,659 - INFO  - Training [0][  180/  196]   Loss 5.602523   Top1 8.778212   Top5 35.468750   BatchTime 0.143308   LR 0.001000   
2022-11-01 12:06:00,912 - INFO  - ==> Top1: 9.378    Top5: 37.974    Loss: 5.419

