2022-11-01 01:06:33,444 - INFO  - Log file for this run: /home/ilena7440/LSQ_FakeQuant/out/88_20221101-010633/88_20221101-010633.log
2022-11-01 01:06:34,661 - INFO  - Dataset `cifar10` size:
          Training Set = 50000 (196)
        Validation Set = 10000 (40)
              Test Set = 10000 (40)
2022-11-01 01:06:34,751 - INFO  - Created `mobilenetv2` model
          Use pre-trained model = True
2022-11-01 01:06:35,581 - INFO  - Optimizer: SGD (
           Parameter Group 0
               dampening: 0
               foreach: None
               lr: 0.001
               maximize: False
               momentum: 0.9
               nesterov: False
               weight_decay: 0.0001
           )
2022-11-01 01:06:35,581 - INFO  - LR scheduler: `MultiStepLr`
    Update per batch: True
             Group 0: 0.001

2022-11-01 01:06:36,657 - INFO  - >>>>>> Epoch -1 (pre-trained model evaluation)
2022-11-01 01:06:36,657 - INFO  - Validation: 10000 samples (256 per mini-batch)
2022-11-01 01:06:40,236 - INFO  - Validation [   20/   40]   Loss nan   Top1 10.078125   Top5 50.019531   BatchTime 0.178883   
2022-11-01 01:06:41,577 - INFO  - Validation [   40/   40]   Loss nan   Top1 10.000000   Top5 50.000000   BatchTime 0.122960   
2022-11-01 01:06:41,668 - INFO  - ==> Top1: 10.000    Top5: 50.000    Loss: nan

2022-11-01 01:06:41,669 - INFO  - ==> Sparsity : 0.059

2022-11-01 01:06:41,669 - INFO  - Scoreboard best 1 ==> Epoch [-1][Top1: 10.000   Top5: 50.000]
2022-11-01 01:06:41,669 - INFO  - >>>>>> Epoch   0
2022-11-01 01:06:41,670 - INFO  - Training: 50000 samples (256 per mini-batch)
2022-11-01 01:06:45,600 - INFO  - Training [0][   20/  196]   Loss 20.549829   Top1 0.214844   Top5 0.859375   BatchTime 0.196366   LR 0.001000   
2022-11-01 01:06:48,516 - INFO  - Training [0][   40/  196]   Loss 18.984306   Top1 0.634766   Top5 3.125000   BatchTime 0.171083   LR 0.001000   
2022-11-01 01:06:51,417 - INFO  - Training [0][   60/  196]   Loss 18.070203   Top1 1.542969   Top5 7.434896   BatchTime 0.162407   LR 0.001000   
2022-11-01 01:06:54,273 - INFO  - Training [0][   80/  196]   Loss 17.452767   Top1 2.670898   Top5 12.426758   BatchTime 0.157499   LR 0.001000   
2022-11-01 01:06:57,191 - INFO  - Training [0][  100/  196]   Loss 16.977990   Top1 3.953125   Top5 17.203125   BatchTime 0.155183   LR 0.001000   
2022-11-01 01:07:00,051 - INFO  - Training [0][  120/  196]   Loss 16.584959   Top1 5.032552   Top5 21.861979   BatchTime 0.153153   LR 0.001000   
2022-11-01 01:07:02,899 - INFO  - Training [0][  140/  196]   Loss 16.241768   Top1 6.160714   Top5 26.166295   BatchTime 0.151614   LR 0.001000   
2022-11-01 01:07:05,820 - INFO  - Training [0][  160/  196]   Loss 15.935398   Top1 7.094727   Top5 29.985352   BatchTime 0.150918   LR 0.001000   
2022-11-01 01:07:08,657 - INFO  - Training [0][  180/  196]   Loss 15.668561   Top1 8.042535   Top5 33.385417   BatchTime 0.149911   LR 0.001000   
2022-11-01 01:07:11,028 - INFO  - ==> Top1: 8.642    Top5: 35.686    Loss: 15.488

