2022-11-01 01:10:54,517 - INFO  - Log file for this run: /home/ilena7440/LSQ_FakeQuant/out/88_20221101-011054/88_20221101-011054.log
2022-11-01 01:10:55,739 - INFO  - Dataset `cifar10` size:
          Training Set = 50000 (196)
        Validation Set = 10000 (40)
              Test Set = 10000 (40)
2022-11-01 01:10:55,825 - INFO  - Created `mobilenetv2` model
          Use pre-trained model = True
2022-11-01 01:10:56,506 - INFO  - Optimizer: SGD (
           Parameter Group 0
               dampening: 0
               foreach: None
               lr: 0.001
               maximize: False
               momentum: 0.9
               nesterov: False
               weight_decay: 0.0001
           )
2022-11-01 01:10:56,506 - INFO  - LR scheduler: `MultiStepLr`
    Update per batch: True
             Group 0: 0.001

2022-11-01 01:10:57,578 - INFO  - >>>>>> Epoch -1 (pre-trained model evaluation)
2022-11-01 01:10:57,579 - INFO  - Validation: 10000 samples (256 per mini-batch)
2022-11-01 01:11:01,141 - INFO  - Validation [   20/   40]   Loss nan   Top1 10.078125   Top5 50.019531   BatchTime 0.177997   
2022-11-01 01:11:02,455 - INFO  - Validation [   40/   40]   Loss nan   Top1 10.000000   Top5 50.000000   BatchTime 0.121856   
2022-11-01 01:11:02,545 - INFO  - ==> Top1: 10.000    Top5: 50.000    Loss: nan

2022-11-01 01:11:02,546 - INFO  - ==> Sparsity : 0.059

2022-11-01 01:11:02,546 - INFO  - Scoreboard best 1 ==> Epoch [-1][Top1: 10.000   Top5: 50.000]
2022-11-01 01:11:02,546 - INFO  - >>>>>> Epoch   0
2022-11-01 01:11:02,547 - INFO  - Training: 50000 samples (256 per mini-batch)
2022-11-01 01:11:06,356 - INFO  - Training [0][   20/  196]   Loss 20.490577   Top1 0.117188   Top5 1.015625   BatchTime 0.190326   LR 0.001000   
2022-11-01 01:11:09,308 - INFO  - Training [0][   40/  196]   Loss 18.921515   Top1 0.498047   Top5 3.271484   BatchTime 0.168973   LR 0.001000   
2022-11-01 01:11:12,286 - INFO  - Training [0][   60/  196]   Loss 18.053174   Top1 1.575521   Top5 7.005208   BatchTime 0.162271   LR 0.001000   
2022-11-01 01:11:15,197 - INFO  - Training [0][   80/  196]   Loss 17.451693   Top1 2.739258   Top5 11.948242   BatchTime 0.158091   LR 0.001000   
2022-11-01 01:11:18,091 - INFO  - Training [0][  100/  196]   Loss 16.969663   Top1 4.031250   Top5 17.183594   BatchTime 0.155416   LR 0.001000   
2022-11-01 01:11:20,998 - INFO  - Training [0][  120/  196]   Loss 16.557032   Top1 5.410156   Top5 22.467448   BatchTime 0.153733   LR 0.001000   
2022-11-01 01:11:23,884 - INFO  - Training [0][  140/  196]   Loss 16.194735   Top1 6.805246   Top5 27.469308   BatchTime 0.152389   LR 0.001000   
2022-11-01 01:11:26,800 - INFO  - Training [0][  160/  196]   Loss 15.880567   Top1 8.029785   Top5 31.870117   BatchTime 0.151566   LR 0.001000   
2022-11-01 01:11:29,636 - INFO  - Training [0][  180/  196]   Loss 15.602446   Top1 9.079861   Top5 35.748698   BatchTime 0.150475   LR 0.001000   
2022-11-01 01:11:31,991 - INFO  - ==> Top1: 9.836    Top5: 38.398    Loss: 15.411

