2022-10-28 09:22:27,955 - INFO  - Log file for this run: /home/ilena7440/LSQFakeQuant/out/88_20221028-092227/88_20221028-092227.log
2022-10-28 09:22:29,694 - INFO  - Dataset `cifar10` size:
          Training Set = 50000 (196)
        Validation Set = 10000 (40)
              Test Set = 10000 (40)
2022-10-28 09:22:29,730 - INFO  - Created `resnet20` model
          Use pre-trained model = True
2022-10-28 09:22:29,896 - INFO  - Optimizer: SGD (
           Parameter Group 0
               dampening: 0
               foreach: None
               lr: 0.001
               maximize: False
               momentum: 0.9
               nesterov: False
               weight_decay: 0.0001
           )
2022-10-28 09:22:29,896 - INFO  - LR scheduler: `MultiStepLr`
    Update per batch: True
             Group 0: 0.001

2022-10-28 09:22:31,147 - INFO  - >>>>>> Epoch -1 (pre-trained model evaluation)
2022-10-28 09:22:31,147 - INFO  - Validation: 10000 samples (256 per mini-batch)
2022-10-28 09:22:34,044 - INFO  - Validation [   20/   40]   Loss 2.337042   Top1 9.882812   Top5 49.296875   BatchTime 0.144782   
2022-10-28 09:22:35,652 - INFO  - Validation [   40/   40]   Loss 2.335632   Top1 10.000000   Top5 49.510000   BatchTime 0.112605   
2022-10-28 09:22:35,722 - INFO  - ==> Top1: 10.000    Top5: 49.510    Loss: 2.336

2022-10-28 09:22:35,722 - INFO  - Scoreboard best 1 ==> Epoch [-1][Top1: 10.000   Top5: 49.510]
2022-10-28 09:22:35,722 - INFO  - >>>>>> Epoch   0
2022-10-28 09:22:35,722 - INFO  - Training: 50000 samples (256 per mini-batch)
