2022-10-28 08:58:28,642 - INFO  - Log file for this run: /home/ilena7440/LSQFakeQuant/out/88_20221028-085828/88_20221028-085828.log
2022-10-28 08:58:30,374 - INFO  - Dataset `cifar10` size:
          Training Set = 50000 (196)
        Validation Set = 10000 (40)
              Test Set = 10000 (40)
2022-10-28 08:58:30,410 - INFO  - Created `resnet20` model
          Use pre-trained model = True
2022-10-28 08:58:30,576 - INFO  - Optimizer: SGD (
           Parameter Group 0
               dampening: 0
               foreach: None
               lr: 0.001
               maximize: False
               momentum: 0.9
               nesterov: False
               weight_decay: 0.0001
           )
2022-10-28 08:58:30,577 - INFO  - LR scheduler: `MultiStepLr`
    Update per batch: True
             Group 0: 0.001

2022-10-28 08:58:31,846 - INFO  - >>>>>> Epoch -1 (pre-trained model evaluation)
2022-10-28 08:58:31,846 - INFO  - Validation: 10000 samples (256 per mini-batch)
2022-10-28 08:59:12,325 - INFO  - Validation [   20/   40]   Loss 2.362035   Top1 9.882812   Top5 49.394531   BatchTime 2.023896   
2022-10-28 08:59:49,775 - INFO  - Validation [   40/   40]   Loss 2.359324   Top1 10.000000   Top5 49.830000   BatchTime 1.948207   
2022-10-28 08:59:49,861 - INFO  - ==> Top1: 10.000    Top5: 49.830    Loss: 2.359

2022-10-28 08:59:49,861 - INFO  - Scoreboard best 1 ==> Epoch [-1][Top1: 10.000   Top5: 49.830]
2022-10-28 08:59:49,861 - INFO  - >>>>>> Epoch   0
2022-10-28 08:59:49,861 - INFO  - Training: 50000 samples (256 per mini-batch)
