2022-10-28 09:15:08,345 - INFO  - Log file for this run: /home/ilena7440/LSQFakeQuant/out/88_20221028-091508/88_20221028-091508.log
2022-10-28 09:15:10,089 - INFO  - Dataset `cifar10` size:
          Training Set = 50000 (196)
        Validation Set = 10000 (40)
              Test Set = 10000 (40)
2022-10-28 09:15:10,140 - INFO  - Created `resnet20` model
          Use pre-trained model = True
2022-10-28 09:15:10,309 - INFO  - Optimizer: SGD (
           Parameter Group 0
               dampening: 0
               foreach: None
               lr: 0.001
               maximize: False
               momentum: 0.9
               nesterov: False
               weight_decay: 0.0001
           )
2022-10-28 09:15:10,309 - INFO  - LR scheduler: `MultiStepLr`
    Update per batch: True
             Group 0: 0.001

2022-10-28 09:15:11,602 - INFO  - >>>>>> Epoch -1 (pre-trained model evaluation)
2022-10-28 09:15:11,602 - INFO  - Validation: 10000 samples (256 per mini-batch)
2022-10-28 09:15:13,694 - INFO  - Validation [   20/   40]   Loss 2.453815   Top1 10.605469   Top5 54.375000   BatchTime 0.104553   
2022-10-28 09:15:14,734 - INFO  - Validation [   40/   40]   Loss 2.460066   Top1 10.560000   Top5 53.520000   BatchTime 0.078293   
2022-10-28 09:15:14,811 - INFO  - ==> Top1: 10.560    Top5: 53.520    Loss: 2.460

2022-10-28 09:15:14,811 - INFO  - Scoreboard best 1 ==> Epoch [-1][Top1: 10.560   Top5: 53.520]
2022-10-28 09:15:14,811 - INFO  - >>>>>> Epoch   0
2022-10-28 09:15:14,811 - INFO  - Training: 50000 samples (256 per mini-batch)
2022-10-28 09:15:17,208 - INFO  - Training [0][   20/  196]   Loss nan   Top1 17.500000   Top5 61.972656   BatchTime 0.119780   LR 0.001000   
2022-10-28 09:15:18,991 - INFO  - Training [0][   40/  196]   Loss nan   Top1 13.857422   Top5 56.171875   BatchTime 0.104466   LR 0.001000   
