2022-11-01 12:03:44,963 - INFO  - Log file for this run: /home/ilena7440/LSQ_FakeQuant/out/88_20221101-120344/88_20221101-120344.log
2022-11-01 12:03:46,174 - INFO  - Dataset `cifar10` size:
          Training Set = 50000 (196)
        Validation Set = 10000 (40)
              Test Set = 10000 (40)
2022-11-01 12:03:46,271 - INFO  - Created `mobilenetv2` model
          Use pre-trained model = True
2022-11-01 12:03:46,920 - INFO  - Optimizer: SGD (
           Parameter Group 0
               dampening: 0
               foreach: None
               lr: 0.001
               maximize: False
               momentum: 0.9
               nesterov: False
               weight_decay: 0.0001
           )
2022-11-01 12:03:46,920 - INFO  - LR scheduler: `MultiStepLr`
    Update per batch: True
             Group 0: 0.001

2022-11-01 12:03:47,993 - INFO  - >>>>>> Epoch -1 (pre-trained model evaluation)
2022-11-01 12:03:47,993 - INFO  - Validation: 10000 samples (256 per mini-batch)
