2022-10-20 18:38:02,020 - INFO  - Log file for this run: /home/ilena7440/LSQFakeQuant/out/88_20221020-183802/88_20221020-183802.log
2022-10-20 18:38:03,209 - INFO  - Dataset `cifar10` size:
          Training Set = 50000 (196)
        Validation Set = 10000 (40)
              Test Set = 10000 (40)
2022-10-20 18:38:03,242 - INFO  - Created `resnet20` model
          Use pre-trained model = True
2022-10-20 18:38:03,729 - INFO  - Optimizer: SGD (
           Parameter Group 0
               dampening: 0
               foreach: None
               lr: 0.001
               maximize: False
               momentum: 0.9
               nesterov: False
               weight_decay: 0.0001
           )
2022-10-20 18:38:03,729 - INFO  - LR scheduler: `MultiStepLr`
    Update per batch: True
             Group 0: 0.001

2022-10-20 18:38:04,876 - INFO  - >>>>>> Epoch -1 (pre-trained model evaluation)
2022-10-20 18:38:04,876 - INFO  - Validation: 10000 samples (256 per mini-batch)
2022-10-20 18:38:06,725 - INFO  - Validation [   20/   40]   Loss 2.415533   Top1 39.863281   Top5 86.699219   BatchTime 0.092392   
2022-10-20 18:38:07,788 - INFO  - Validation [   40/   40]   Loss 2.459815   Top1 39.080000   Top5 86.710000   BatchTime 0.072786   
2022-10-20 18:38:07,848 - INFO  - ==> Top1: 39.080    Top5: 86.710    Loss: 2.460

2022-10-20 18:38:07,848 - INFO  - Scoreboard best 1 ==> Epoch [-1][Top1: 39.080   Top5: 86.710]
2022-10-20 18:38:07,848 - INFO  - >>>>>> Epoch   0
2022-10-20 18:38:07,849 - INFO  - Training: 50000 samples (256 per mini-batch)
2022-10-20 18:38:10,770 - INFO  - Training [0][   20/  196]   Loss 0.275179   Top1 92.148438   Top5 99.628906   BatchTime 0.146007   LR 0.001000   
2022-10-20 18:38:13,174 - INFO  - Training [0][   40/  196]   Loss 0.208085   Top1 93.652344   Top5 99.785156   BatchTime 0.133113   LR 0.001000   
2022-10-20 18:38:15,577 - INFO  - Training [0][   60/  196]   Loss 0.176662   Top1 94.427083   Top5 99.856771   BatchTime 0.128798   LR 0.001000   
2022-10-20 18:38:17,983 - INFO  - Training [0][   80/  196]   Loss 0.157898   Top1 94.990234   Top5 99.892578   BatchTime 0.126663   LR 0.001000   
2022-10-20 18:38:20,385 - INFO  - Training [0][  100/  196]   Loss 0.145138   Top1 95.339844   Top5 99.914062   BatchTime 0.125351   LR 0.001000   
2022-10-20 18:38:22,786 - INFO  - Training [0][  120/  196]   Loss 0.134908   Top1 95.631510   Top5 99.925130   BatchTime 0.124470   LR 0.001000   
2022-10-20 18:38:25,187 - INFO  - Training [0][  140/  196]   Loss 0.126658   Top1 95.906808   Top5 99.930246   BatchTime 0.123840   LR 0.001000   
2022-10-20 18:38:27,589 - INFO  - Training [0][  160/  196]   Loss 0.120994   Top1 96.079102   Top5 99.938965   BatchTime 0.123369   LR 0.001000   
2022-10-20 18:38:29,974 - INFO  - Training [0][  180/  196]   Loss 0.115798   Top1 96.228299   Top5 99.943576   BatchTime 0.122915   LR 0.001000   
2022-10-20 18:38:31,898 - INFO  - ==> Top1: 96.316    Top5: 99.948    Loss: 0.113

2022-10-20 18:38:31,971 - INFO  - Validation: 10000 samples (256 per mini-batch)
