2022-11-01 00:57:51,109 - INFO  - Log file for this run: /home/ilena7440/LSQ_FakeQuant/out/88_20221101-005751/88_20221101-005751.log
2022-11-01 00:57:52,341 - INFO  - Dataset `cifar10` size:
          Training Set = 50000 (196)
        Validation Set = 10000 (40)
              Test Set = 10000 (40)
2022-11-01 00:57:52,431 - INFO  - Created `mobilenetv2` model
          Use pre-trained model = True
2022-11-01 00:57:53,277 - INFO  - Optimizer: SGD (
           Parameter Group 0
               dampening: 0
               foreach: None
               lr: 0.001
               maximize: False
               momentum: 0.9
               nesterov: False
               weight_decay: 0.0001
           )
2022-11-01 00:57:53,277 - INFO  - LR scheduler: `MultiStepLr`
    Update per batch: True
             Group 0: 0.001

2022-11-01 00:57:54,399 - INFO  - >>>>>> Epoch -1 (pre-trained model evaluation)
2022-11-01 00:57:54,400 - INFO  - Validation: 10000 samples (256 per mini-batch)
2022-11-01 00:57:58,128 - INFO  - Validation [   20/   40]   Loss nan   Top1 10.078125   Top5 50.019531   BatchTime 0.184143   
2022-11-01 00:57:59,577 - INFO  - Validation [   40/   40]   Loss nan   Top1 10.000000   Top5 50.000000   BatchTime 0.128324   
2022-11-01 00:57:59,676 - INFO  - ==> Top1: 10.000    Top5: 50.000    Loss: nan

2022-11-01 00:57:59,676 - INFO  - ==> Sparsity : 0.059

2022-11-01 00:57:59,677 - INFO  - Scoreboard best 1 ==> Epoch [-1][Top1: 10.000   Top5: 50.000]
2022-11-01 00:57:59,677 - INFO  - >>>>>> Epoch   0
2022-11-01 00:57:59,678 - INFO  - Training: 50000 samples (256 per mini-batch)
2022-11-01 00:58:03,688 - INFO  - Training [0][   20/  196]   Loss 20.377045   Top1 0.097656   Top5 0.722656   BatchTime 0.200377   LR 0.001000   
2022-11-01 00:58:06,685 - INFO  - Training [0][   40/  196]   Loss 18.782773   Top1 0.869141   Top5 4.042969   BatchTime 0.175102   LR 0.001000   
2022-11-01 00:58:09,611 - INFO  - Training [0][   60/  196]   Loss 17.916601   Top1 1.881510   Top5 8.424479   BatchTime 0.165500   LR 0.001000   
2022-11-01 00:58:12,593 - INFO  - Training [0][   80/  196]   Loss 17.330650   Top1 3.271484   Top5 13.652344   BatchTime 0.161400   LR 0.001000   
2022-11-01 00:58:15,579 - INFO  - Training [0][  100/  196]   Loss 16.875880   Top1 4.550781   Top5 18.558594   BatchTime 0.158987   LR 0.001000   
2022-11-01 00:58:18,537 - INFO  - Training [0][  120/  196]   Loss 16.472872   Top1 6.031901   Top5 23.541667   BatchTime 0.157134   LR 0.001000   
2022-11-01 00:58:21,467 - INFO  - Training [0][  140/  196]   Loss 16.114437   Top1 7.533482   Top5 28.398438   BatchTime 0.155617   LR 0.001000   
2022-11-01 00:58:24,417 - INFO  - Training [0][  160/  196]   Loss 15.809334   Top1 8.657227   Top5 32.614746   BatchTime 0.154597   LR 0.001000   
2022-11-01 00:58:27,234 - INFO  - Training [0][  180/  196]   Loss 15.536121   Top1 9.772135   Top5 36.312934   BatchTime 0.153072   LR 0.001000   
2022-11-01 00:58:29,601 - INFO  - ==> Top1: 10.452    Top5: 38.874    Loss: 15.353

