2022-10-28 11:59:19,173 - INFO  - Log file for this run: /home/ilena7440/LSQFakeQuant/out/88_20221028-115919/88_20221028-115919.log
2022-10-28 11:59:22,169 - INFO  - Dataset `imagenet` size:
          Training Set = 1281167 (5005)
        Validation Set = 50000 (196)
              Test Set = 50000 (196)
2022-10-28 11:59:22,347 - INFO  - Created `mobilenetv2` model
          Use pre-trained model = True
2022-10-28 11:59:22,368 - INFO  - Optimizer: SGD (
           Parameter Group 0
               dampening: 0
               foreach: None
               lr: 0.001
               maximize: False
               momentum: 0.9
               nesterov: False
               weight_decay: 0.0001
           )
2022-10-28 11:59:22,368 - INFO  - LR scheduler: `MultiStepLr`
    Update per batch: True
             Group 0: 0.001

2022-10-28 11:59:23,705 - INFO  - >>>>>> Epoch -1 (pre-trained model evaluation)
2022-10-28 11:59:23,706 - INFO  - Validation: 50000 samples (256 per mini-batch)
2022-10-28 11:59:34,985 - INFO  - Validation [   20/  196]   Loss 3.417034   Top1 53.281250   Top5 76.347656   BatchTime 0.563916   
2022-10-28 11:59:38,948 - INFO  - Validation [   40/  196]   Loss 3.450824   Top1 51.103516   Top5 75.732422   BatchTime 0.381028   
2022-10-28 11:59:42,937 - INFO  - Validation [   60/  196]   Loss 3.427855   Top1 52.350260   Top5 77.402344   BatchTime 0.320505   
2022-10-28 11:59:46,963 - INFO  - Validation [   80/  196]   Loss 3.371840   Top1 52.949219   Top5 77.729492   BatchTime 0.290701   
2022-10-28 11:59:50,994 - INFO  - Validation [  100/  196]   Loss 3.478920   Top1 51.070312   Top5 76.042969   BatchTime 0.272870   
2022-10-28 11:59:55,056 - INFO  - Validation [  120/  196]   Loss 3.545000   Top1 49.967448   Top5 74.873047   BatchTime 0.261247   
2022-10-28 11:59:59,080 - INFO  - Validation [  140/  196]   Loss 3.604976   Top1 48.828125   Top5 73.741629   BatchTime 0.252663   
2022-10-28 12:00:03,115 - INFO  - Validation [  160/  196]   Loss 3.651159   Top1 47.773438   Top5 72.766113   BatchTime 0.246300   
2022-10-28 12:00:07,100 - INFO  - Validation [  180/  196]   Loss 3.682561   Top1 46.983507   Top5 72.233073   BatchTime 0.241071   
2022-10-28 12:00:10,189 - INFO  - ==> Top1: 47.090    Top5: 72.380    Loss: 3.688

2022-10-28 12:00:10,189 - INFO  - Scoreboard best 1 ==> Epoch [-1][Top1: 47.090   Top5: 72.380]
2022-10-28 12:00:10,189 - INFO  - >>>>>> Epoch   0
2022-10-28 12:00:10,189 - INFO  - Training: 1281167 samples (256 per mini-batch)
