2022-10-20 18:59:51,444 - INFO  - Log file for this run: /home/ilena7440/LSQFakeQuant/out/88_20221020-185951/88_20221020-185951.log
2022-10-20 18:59:52,632 - INFO  - Dataset `cifar10` size:
          Training Set = 50000 (196)
        Validation Set = 10000 (40)
              Test Set = 10000 (40)
2022-10-20 18:59:52,666 - INFO  - Created `resnet20` model
          Use pre-trained model = True
2022-10-20 18:59:52,782 - INFO  - Optimizer: SGD (
           Parameter Group 0
               dampening: 0
               foreach: None
               lr: 0.001
               maximize: False
               momentum: 0.9
               nesterov: False
               weight_decay: 0.0001
           )
2022-10-20 18:59:52,782 - INFO  - LR scheduler: `MultiStepLr`
    Update per batch: True
             Group 0: 0.001

2022-10-20 18:59:53,928 - INFO  - >>>>>> Epoch -1 (pre-trained model evaluation)
2022-10-20 18:59:53,928 - INFO  - Validation: 10000 samples (256 per mini-batch)
2022-10-20 18:59:55,331 - INFO  - Validation [   20/   40]   Loss 2.510285   Top1 39.062500   Top5 86.074219   BatchTime 0.068524   
2022-10-20 18:59:55,934 - INFO  - Validation [   40/   40]   Loss 2.556888   Top1 38.200000   Top5 86.180000   BatchTime 0.049346   
2022-10-20 18:59:55,994 - INFO  - ==> Top1: 38.200    Top5: 86.180    Loss: 2.557

2022-10-20 18:59:55,994 - INFO  - Scoreboard best 1 ==> Epoch [-1][Top1: 38.200   Top5: 86.180]
2022-10-20 18:59:55,994 - INFO  - >>>>>> Epoch   0
2022-10-20 18:59:55,994 - INFO  - Training: 50000 samples (256 per mini-batch)
2022-10-20 18:59:58,024 - INFO  - Training [0][   20/  196]   Loss 0.265989   Top1 91.972656   Top5 99.707031   BatchTime 0.101442   LR 0.001000   
2022-10-20 18:59:59,486 - INFO  - Training [0][   40/  196]   Loss 0.194862   Top1 93.808594   Top5 99.833984   BatchTime 0.087272   LR 0.001000   
2022-10-20 19:00:00,952 - INFO  - Training [0][   60/  196]   Loss 0.163590   Top1 94.726562   Top5 99.869792   BatchTime 0.082624   LR 0.001000   
2022-10-20 19:00:02,426 - INFO  - Training [0][   80/  196]   Loss 0.147394   Top1 95.244141   Top5 99.892578   BatchTime 0.080394   LR 0.001000   
2022-10-20 19:00:03,885 - INFO  - Training [0][  100/  196]   Loss 0.134536   Top1 95.636719   Top5 99.914062   BatchTime 0.078900   LR 0.001000   
2022-10-20 19:00:05,352 - INFO  - Training [0][  120/  196]   Loss 0.124756   Top1 95.950521   Top5 99.928385   BatchTime 0.077976   LR 0.001000   
2022-10-20 19:00:06,819 - INFO  - Training [0][  140/  196]   Loss 0.117573   Top1 96.155134   Top5 99.938616   BatchTime 0.077315   LR 0.001000   
2022-10-20 19:00:08,293 - INFO  - Training [0][  160/  196]   Loss 0.112373   Top1 96.328125   Top5 99.946289   BatchTime 0.076863   LR 0.001000   
2022-10-20 19:00:09,746 - INFO  - Training [0][  180/  196]   Loss 0.107633   Top1 96.490885   Top5 99.952257   BatchTime 0.076393   LR 0.001000   
2022-10-20 19:00:10,970 - INFO  - ==> Top1: 96.596    Top5: 99.954    Loss: 0.105

2022-10-20 19:00:12,632 - INFO  - Validation: 10000 samples (256 per mini-batch)
2022-10-20 19:00:13,674 - INFO  - Validation [0][   20/   40]   Loss 0.332000   Top1 90.878906   Top5 99.628906   BatchTime 0.051945   
2022-10-20 19:00:14,175 - INFO  - Validation [0][   40/   40]   Loss 0.320034   Top1 91.120000   Top5 99.700000   BatchTime 0.038500   
2022-10-20 19:00:14,244 - INFO  - ==> Top1: 91.120    Top5: 99.700    Loss: 0.320

2022-10-20 19:00:14,244 - INFO  - Validation: 10000 samples (256 per mini-batch)
