2022-11-01 01:13:41,560 - INFO  - Log file for this run: /home/ilena7440/LSQ_FakeQuant/out/88_20221101-011341/88_20221101-011341.log
2022-11-01 01:13:42,796 - INFO  - Dataset `cifar10` size:
          Training Set = 50000 (196)
        Validation Set = 10000 (40)
              Test Set = 10000 (40)
2022-11-01 01:13:42,883 - INFO  - Created `mobilenetv2` model
          Use pre-trained model = True
2022-11-01 01:13:43,542 - INFO  - Optimizer: SGD (
           Parameter Group 0
               dampening: 0
               foreach: None
               lr: 0.001
               maximize: False
               momentum: 0.9
               nesterov: False
               weight_decay: 0.0001
           )
2022-11-01 01:13:43,542 - INFO  - LR scheduler: `MultiStepLr`
    Update per batch: True
             Group 0: 0.001

2022-11-01 01:13:44,636 - INFO  - >>>>>> Epoch -1 (pre-trained model evaluation)
2022-11-01 01:13:44,636 - INFO  - Validation: 10000 samples (256 per mini-batch)
2022-11-01 01:13:48,233 - INFO  - Validation [   20/   40]   Loss nan   Top1 10.078125   Top5 50.019531   BatchTime 0.179717   
