2022-10-28 08:55:25,408 - INFO  - Log file for this run: /home/ilena7440/LSQFakeQuant/out/88_20221028-085525/88_20221028-085525.log
2022-10-28 08:55:27,148 - INFO  - Dataset `cifar10` size:
          Training Set = 50000 (196)
        Validation Set = 10000 (40)
              Test Set = 10000 (40)
2022-10-28 08:55:27,182 - INFO  - Created `resnet20` model
          Use pre-trained model = True
2022-10-28 08:55:27,346 - INFO  - Optimizer: SGD (
           Parameter Group 0
               dampening: 0
               foreach: None
               lr: 0.001
               maximize: False
               momentum: 0.9
               nesterov: False
               weight_decay: 0.0001
           )
2022-10-28 08:55:27,346 - INFO  - LR scheduler: `MultiStepLr`
    Update per batch: True
             Group 0: 0.001

2022-10-28 08:55:28,612 - INFO  - >>>>>> Epoch -1 (pre-trained model evaluation)
2022-10-28 08:55:28,612 - INFO  - Validation: 10000 samples (256 per mini-batch)
2022-10-28 08:55:32,035 - INFO  - Validation [   20/   40]   Loss 2.453230   Top1 10.527344   Top5 54.296875   BatchTime 0.162520   
2022-10-28 08:55:33,709 - INFO  - Validation [   40/   40]   Loss 2.459540   Top1 10.620000   Top5 53.520000   BatchTime 0.123106   
2022-10-28 08:55:33,786 - INFO  - ==> Top1: 10.620    Top5: 53.520    Loss: 2.460

2022-10-28 08:55:33,786 - INFO  - Scoreboard best 1 ==> Epoch [-1][Top1: 10.620   Top5: 53.520]
2022-10-28 08:55:33,787 - INFO  - >>>>>> Epoch   0
2022-10-28 08:55:33,787 - INFO  - Training: 50000 samples (256 per mini-batch)
2022-10-28 08:55:37,300 - INFO  - Training [0][   20/  196]   Loss nan   Top1 13.457031   Top5 53.730469   BatchTime 0.175629   LR 0.001000   
