2022-10-20 18:37:36,924 - INFO  - Log file for this run: /home/ilena7440/LSQFakeQuant/out/88_20221020-183736/88_20221020-183736.log
2022-10-20 18:37:38,121 - INFO  - Dataset `cifar10` size:
          Training Set = 50000 (196)
        Validation Set = 10000 (40)
              Test Set = 10000 (40)
2022-10-20 18:37:38,154 - INFO  - Created `resnet20` model
          Use pre-trained model = True
2022-10-20 18:37:38,623 - INFO  - Optimizer: SGD (
           Parameter Group 0
               dampening: 0
               foreach: None
               lr: 0.001
               maximize: False
               momentum: 0.9
               nesterov: False
               weight_decay: 0.0001
           )
2022-10-20 18:37:38,623 - INFO  - LR scheduler: `MultiStepLr`
    Update per batch: True
             Group 0: 0.001

2022-10-20 18:37:39,773 - INFO  - >>>>>> Epoch -1 (pre-trained model evaluation)
2022-10-20 18:37:39,773 - INFO  - Validation: 10000 samples (256 per mini-batch)
2022-10-20 18:37:41,595 - INFO  - Validation [   20/   40]   Loss 2.415533   Top1 39.863281   Top5 86.699219   BatchTime 0.091050   
2022-10-20 18:37:42,651 - INFO  - Validation [   40/   40]   Loss 2.459815   Top1 39.080000   Top5 86.710000   BatchTime 0.071940   
2022-10-20 18:37:42,711 - INFO  - ==> Top1: 39.080    Top5: 86.710    Loss: 2.460

2022-10-20 18:37:42,711 - INFO  - Scoreboard best 1 ==> Epoch [-1][Top1: 39.080   Top5: 86.710]
2022-10-20 18:37:42,711 - INFO  - >>>>>> Epoch   0
2022-10-20 18:37:42,712 - INFO  - Training: 50000 samples (256 per mini-batch)
2022-10-20 18:37:45,662 - INFO  - Training [0][   20/  196]   Loss 0.279543   Top1 91.718750   Top5 99.648438   BatchTime 0.147478   LR 0.001000   
2022-10-20 18:37:48,080 - INFO  - Training [0][   40/  196]   Loss 0.208618   Top1 93.505859   Top5 99.804688   BatchTime 0.134178   LR 0.001000   
2022-10-20 18:37:50,491 - INFO  - Training [0][   60/  196]   Loss 0.176010   Top1 94.355469   Top5 99.869792   BatchTime 0.129639   LR 0.001000   
2022-10-20 18:37:52,902 - INFO  - Training [0][   80/  196]   Loss 0.157295   Top1 94.868164   Top5 99.887695   BatchTime 0.127374   LR 0.001000   
