2022-10-28 07:37:25,448 - INFO  - Log file for this run: /home/ilena7440/LSQFakeQuant/out/88_20221028-073725/88_20221028-073725.log
2022-10-28 07:37:27,197 - INFO  - Dataset `cifar10` size:
          Training Set = 50000 (196)
        Validation Set = 10000 (40)
              Test Set = 10000 (40)
2022-10-28 07:37:27,230 - INFO  - Created `resnet20` model
          Use pre-trained model = True
2022-10-28 07:37:27,398 - INFO  - Optimizer: SGD (
           Parameter Group 0
               dampening: 0
               foreach: None
               lr: 0.001
               maximize: False
               momentum: 0.9
               nesterov: False
               weight_decay: 0.0001
           )
2022-10-28 07:37:27,398 - INFO  - LR scheduler: `MultiStepLr`
    Update per batch: True
             Group 0: 0.001

