2022-10-20 18:52:34,547 - INFO  - Log file for this run: /home/ilena7440/LSQFakeQuant/out/88_20221020-185234/88_20221020-185234.log
2022-10-20 18:52:35,736 - INFO  - Dataset `cifar10` size:
          Training Set = 50000 (196)
        Validation Set = 10000 (40)
              Test Set = 10000 (40)
2022-10-20 18:52:35,770 - INFO  - Created `resnet20` model
          Use pre-trained model = True
2022-10-20 18:52:35,901 - INFO  - Optimizer: SGD (
           Parameter Group 0
               dampening: 0
               foreach: None
               lr: 0.001
               maximize: False
               momentum: 0.9
               nesterov: False
               weight_decay: 0.0001
           )
2022-10-20 18:52:35,901 - INFO  - LR scheduler: `MultiStepLr`
    Update per batch: True
             Group 0: 0.001

2022-10-20 18:52:37,046 - INFO  - >>>>>> Epoch -1 (pre-trained model evaluation)
2022-10-20 18:52:37,046 - INFO  - Validation: 10000 samples (256 per mini-batch)
2022-10-20 18:52:38,483 - INFO  - Validation [   20/   40]   Loss 2.510285   Top1 39.062500   Top5 86.074219   BatchTime 0.068605   
2022-10-20 18:52:39,085 - INFO  - Validation [   40/   40]   Loss 2.556888   Top1 38.200000   Top5 86.180000   BatchTime 0.049352   
2022-10-20 18:52:39,148 - INFO  - ==> Top1: 38.200    Top5: 86.180    Loss: 2.557

2022-10-20 18:52:39,148 - INFO  - Scoreboard best 1 ==> Epoch [-1][Top1: 38.200   Top5: 86.180]
2022-10-20 18:52:39,148 - INFO  - >>>>>> Epoch   0
2022-10-20 18:52:39,148 - INFO  - Training: 50000 samples (256 per mini-batch)
2022-10-20 18:52:41,145 - INFO  - Training [0][   20/  196]   Loss 0.275831   Top1 91.992188   Top5 99.726562   BatchTime 0.099777   LR 0.001000   
2022-10-20 18:52:42,619 - INFO  - Training [0][   40/  196]   Loss 0.202905   Top1 93.740234   Top5 99.843750   BatchTime 0.086754   LR 0.001000   
2022-10-20 18:52:44,083 - INFO  - Training [0][   60/  196]   Loss 0.169284   Top1 94.680990   Top5 99.889323   BatchTime 0.082222   LR 0.001000   
2022-10-20 18:52:45,551 - INFO  - Training [0][   80/  196]   Loss 0.147768   Top1 95.356445   Top5 99.916992   BatchTime 0.080014   LR 0.001000   
2022-10-20 18:52:47,019 - INFO  - Training [0][  100/  196]   Loss 0.134989   Top1 95.746094   Top5 99.933594   BatchTime 0.078692   LR 0.001000   
2022-10-20 18:52:48,490 - INFO  - Training [0][  120/  196]   Loss 0.127285   Top1 95.989583   Top5 99.941406   BatchTime 0.077836   LR 0.001000   
2022-10-20 18:52:49,959 - INFO  - Training [0][  140/  196]   Loss 0.119083   Top1 96.236049   Top5 99.949777   BatchTime 0.077207   LR 0.001000   
2022-10-20 18:52:51,427 - INFO  - Training [0][  160/  196]   Loss 0.113893   Top1 96.362305   Top5 99.956055   BatchTime 0.076735   LR 0.001000   
2022-10-20 18:52:52,890 - INFO  - Training [0][  180/  196]   Loss 0.108746   Top1 96.521267   Top5 99.960938   BatchTime 0.076336   LR 0.001000   
2022-10-20 18:52:54,119 - INFO  - ==> Top1: 96.634    Top5: 99.964    Loss: 0.105

2022-10-20 18:52:54,187 - INFO  - Validation: 10000 samples (256 per mini-batch)
2022-10-20 18:52:55,231 - INFO  - Validation [0][   20/   40]   Loss 0.324341   Top1 91.191406   Top5 99.589844   BatchTime 0.052148   
2022-10-20 18:52:55,731 - INFO  - Validation [0][   40/   40]   Loss 0.318225   Top1 91.050000   Top5 99.690000   BatchTime 0.038584   
2022-10-20 18:52:55,802 - INFO  - ==> Top1: 91.050    Top5: 99.690    Loss: 0.318

2022-10-20 18:52:55,803 - INFO  - Validation: 10000 samples (256 per mini-batch)
