2022-11-25 09:24:39,036 - INFO  - Log file for this run: /home/ilena7440/LSQ_FakeQuant/out/88_20221125-092439/88_20221125-092439.log
2022-11-25 09:24:43,207 - INFO  - Dataset `cifar10` size:
          Training Set = 50000 (196)
        Validation Set = 10000 (40)
              Test Set = 10000 (40)
2022-11-25 09:24:45,074 - INFO  - Created `MobileNetv2` model
          Use pre-trained model = True
2022-11-25 09:24:46,018 - INFO  - Optimizer: AdamW (
           Parameter Group 0
               amsgrad: False
               betas: (0.9, 0.999)
               capturable: False
               eps: 1e-08
               foreach: None
               lr: 0.005
               maximize: False
               weight_decay: 4e-05
           )
2022-11-25 09:24:46,019 - INFO  - LR scheduler: `CosineWarmRestartsLr`
    Update per batch: True
             Group 0: 0.005

2022-11-25 09:24:46,058 - INFO  - >>>>>> Epoch   0
2022-11-25 09:24:46,059 - INFO  - Training: 50000 samples (256 per mini-batch)
2022-11-25 09:24:53,895 - INFO  - Training [0][   20/  196]   Loss 1.770930   Top1 53.476562   Top5 89.296875   BatchTime 0.391672   LR 0.004999   
2022-11-25 09:25:19,714 - INFO  - Training [0][   40/  196]   Loss 1.769645   Top1 52.509766   Top5 89.658203   BatchTime 0.841303   LR 0.004995   
2022-11-25 09:25:27,529 - INFO  - Training [0][   60/  196]   Loss 1.693836   Top1 54.837240   Top5 90.755208   BatchTime 0.691114   LR 0.004989   
2022-11-25 09:25:35,427 - INFO  - Training [0][   80/  196]   Loss 1.633258   Top1 56.650391   Top5 91.704102   BatchTime 0.617067   LR 0.004980   
