2022-11-01 11:29:57,925 - INFO  - Log file for this run: /home/ilena7440/LSQ_FakeQuant/out/88_20221101-112957/88_20221101-112957.log
2022-11-01 11:29:59,150 - INFO  - Dataset `cifar10` size:
          Training Set = 50000 (196)
        Validation Set = 10000 (40)
              Test Set = 10000 (40)
2022-11-01 11:29:59,238 - INFO  - Created `mobilenetv2` model
          Use pre-trained model = True
2022-11-01 11:29:59,912 - INFO  - Optimizer: SGD (
           Parameter Group 0
               dampening: 0
               foreach: None
               lr: 0.001
               maximize: False
               momentum: 0.9
               nesterov: False
               weight_decay: 0.0001
           )
2022-11-01 11:29:59,912 - INFO  - LR scheduler: `MultiStepLr`
    Update per batch: True
             Group 0: 0.001

2022-11-01 11:30:01,096 - INFO  - >>>>>> Epoch -1 (pre-trained model evaluation)
2022-11-01 11:30:01,096 - INFO  - Validation: 10000 samples (256 per mini-batch)
2022-11-01 11:30:04,763 - INFO  - Validation [   20/   40]   Loss nan   Top1 10.078125   Top5 50.019531   BatchTime 0.183262   
2022-11-01 11:30:06,082 - INFO  - Validation [   40/   40]   Loss nan   Top1 10.000000   Top5 50.000000   BatchTime 0.124597   
2022-11-01 11:30:06,173 - INFO  - ==> Top1: 10.000    Top5: 50.000    Loss: nan

2022-11-01 11:30:06,173 - INFO  - ==> Sparsity : 0.059

2022-11-01 11:30:06,173 - INFO  - Scoreboard best 1 ==> Epoch [-1][Top1: 10.000   Top5: 50.000]
2022-11-01 11:30:06,173 - INFO  - >>>>>> Epoch   0
2022-11-01 11:30:06,174 - INFO  - Training: 50000 samples (256 per mini-batch)
2022-11-01 11:30:09,904 - INFO  - Training [0][   20/  196]   Loss 10.471186   Top1 0.234375   Top5 1.035156   BatchTime 0.186372   LR 0.001000   
2022-11-01 11:30:12,688 - INFO  - Training [0][   40/  196]   Loss 8.910293   Top1 0.693359   Top5 3.212891   BatchTime 0.162767   LR 0.001000   
2022-11-01 11:30:15,598 - INFO  - Training [0][   60/  196]   Loss 8.061262   Top1 1.601562   Top5 7.259115   BatchTime 0.157008   LR 0.001000   
2022-11-01 11:30:18,415 - INFO  - Training [0][   80/  196]   Loss 7.471318   Top1 2.656250   Top5 11.923828   BatchTime 0.152978   LR 0.001000   
2022-11-01 11:30:21,202 - INFO  - Training [0][  100/  196]   Loss 7.004779   Top1 3.769531   Top5 16.941406   BatchTime 0.150245   LR 0.001000   
2022-11-01 11:30:23,910 - INFO  - Training [0][  120/  196]   Loss 6.618796   Top1 5.006510   Top5 21.595052   BatchTime 0.147776   LR 0.001000   
2022-11-01 11:30:26,627 - INFO  - Training [0][  140/  196]   Loss 6.294173   Top1 6.077009   Top5 25.594308   BatchTime 0.146066   LR 0.001000   
2022-11-01 11:30:29,402 - INFO  - Training [0][  160/  196]   Loss 5.998540   Top1 7.060547   Top5 29.409180   BatchTime 0.145156   LR 0.001000   
2022-11-01 11:30:32,105 - INFO  - Training [0][  180/  196]   Loss 5.738887   Top1 7.927517   Top5 32.654080   BatchTime 0.144039   LR 0.001000   
2022-11-01 11:30:34,334 - INFO  - ==> Top1: 8.602    Top5: 35.108    Loss: 5.553

